[2023-03-26T00:06:08.795+0000] {processor.py:153} INFO - Started process (PID=173) to work on /home/airflow/.local/lib/python3.7/site-packages/airflow/example_dags/example_sla_dag.py
[2023-03-26T00:06:08.796+0000] {processor.py:743} INFO - Processing file /home/airflow/.local/lib/python3.7/site-packages/airflow/example_dags/example_sla_dag.py for tasks to queue
[2023-03-26T00:06:08.800+0000] {logging_mixin.py:137} INFO - [2023-03-26T00:06:08.800+0000] {dagbag.py:532} INFO - Filling up the DagBag from /home/airflow/.local/lib/python3.7/site-packages/airflow/example_dags/example_sla_dag.py
[2023-03-26T00:06:08.817+0000] {processor.py:753} INFO - DAG(s) dict_keys(['example_sla_dag']) retrieved from /home/airflow/.local/lib/python3.7/site-packages/airflow/example_dags/example_sla_dag.py
[2023-03-26T00:06:08.837+0000] {logging_mixin.py:137} INFO - [2023-03-26T00:06:08.837+0000] {dag.py:2693} INFO - Sync 1 DAGs
[2023-03-26T00:06:08.859+0000] {logging_mixin.py:137} INFO - [2023-03-26T00:06:08.859+0000] {dag.py:3444} INFO - Setting next_dagrun for example_sla_dag to 2023-03-26T00:04:00+00:00, run_after=2023-03-26T00:06:00+00:00
[2023-03-26T00:06:08.870+0000] {processor.py:175} INFO - Processing /home/airflow/.local/lib/python3.7/site-packages/airflow/example_dags/example_sla_dag.py took 0.082 seconds
[2023-03-26T00:06:39.417+0000] {processor.py:153} INFO - Started process (PID=390) to work on /home/airflow/.local/lib/python3.7/site-packages/airflow/example_dags/example_sla_dag.py
[2023-03-26T00:06:39.418+0000] {processor.py:743} INFO - Processing file /home/airflow/.local/lib/python3.7/site-packages/airflow/example_dags/example_sla_dag.py for tasks to queue
[2023-03-26T00:06:39.420+0000] {logging_mixin.py:137} INFO - [2023-03-26T00:06:39.419+0000] {dagbag.py:532} INFO - Filling up the DagBag from /home/airflow/.local/lib/python3.7/site-packages/airflow/example_dags/example_sla_dag.py
[2023-03-26T00:06:39.437+0000] {processor.py:753} INFO - DAG(s) dict_keys(['example_sla_dag']) retrieved from /home/airflow/.local/lib/python3.7/site-packages/airflow/example_dags/example_sla_dag.py
[2023-03-26T00:06:39.462+0000] {logging_mixin.py:137} INFO - [2023-03-26T00:06:39.462+0000] {dag.py:2693} INFO - Sync 1 DAGs
[2023-03-26T00:06:39.485+0000] {logging_mixin.py:137} INFO - [2023-03-26T00:06:39.485+0000] {dag.py:3444} INFO - Setting next_dagrun for example_sla_dag to 2023-03-26T00:04:00+00:00, run_after=2023-03-26T00:06:00+00:00
[2023-03-26T00:06:39.496+0000] {processor.py:175} INFO - Processing /home/airflow/.local/lib/python3.7/site-packages/airflow/example_dags/example_sla_dag.py took 0.082 seconds
[2023-03-26T18:33:46.200+0000] {processor.py:153} INFO - Started process (PID=173) to work on /home/airflow/.local/lib/python3.7/site-packages/airflow/example_dags/example_sla_dag.py
[2023-03-26T18:33:46.202+0000] {processor.py:743} INFO - Processing file /home/airflow/.local/lib/python3.7/site-packages/airflow/example_dags/example_sla_dag.py for tasks to queue
[2023-03-26T18:33:46.203+0000] {logging_mixin.py:137} INFO - [2023-03-26T18:33:46.203+0000] {dagbag.py:532} INFO - Filling up the DagBag from /home/airflow/.local/lib/python3.7/site-packages/airflow/example_dags/example_sla_dag.py
[2023-03-26T18:33:46.226+0000] {processor.py:753} INFO - DAG(s) dict_keys(['example_sla_dag']) retrieved from /home/airflow/.local/lib/python3.7/site-packages/airflow/example_dags/example_sla_dag.py
[2023-03-26T18:33:46.288+0000] {logging_mixin.py:137} INFO - [2023-03-26T18:33:46.288+0000] {dag.py:2693} INFO - Sync 1 DAGs
[2023-03-26T18:33:46.327+0000] {logging_mixin.py:137} INFO - [2023-03-26T18:33:46.327+0000] {dag.py:3444} INFO - Setting next_dagrun for example_sla_dag to 2023-03-26T18:30:00+00:00, run_after=2023-03-26T18:32:00+00:00
[2023-03-26T18:33:46.348+0000] {processor.py:175} INFO - Processing /home/airflow/.local/lib/python3.7/site-packages/airflow/example_dags/example_sla_dag.py took 0.151 seconds
[2023-03-26T18:34:16.630+0000] {processor.py:153} INFO - Started process (PID=392) to work on /home/airflow/.local/lib/python3.7/site-packages/airflow/example_dags/example_sla_dag.py
[2023-03-26T18:34:16.632+0000] {processor.py:743} INFO - Processing file /home/airflow/.local/lib/python3.7/site-packages/airflow/example_dags/example_sla_dag.py for tasks to queue
[2023-03-26T18:34:16.633+0000] {logging_mixin.py:137} INFO - [2023-03-26T18:34:16.633+0000] {dagbag.py:532} INFO - Filling up the DagBag from /home/airflow/.local/lib/python3.7/site-packages/airflow/example_dags/example_sla_dag.py
[2023-03-26T18:34:16.655+0000] {processor.py:753} INFO - DAG(s) dict_keys(['example_sla_dag']) retrieved from /home/airflow/.local/lib/python3.7/site-packages/airflow/example_dags/example_sla_dag.py
[2023-03-26T18:34:16.671+0000] {logging_mixin.py:137} INFO - [2023-03-26T18:34:16.670+0000] {dag.py:2693} INFO - Sync 1 DAGs
[2023-03-26T18:34:16.695+0000] {logging_mixin.py:137} INFO - [2023-03-26T18:34:16.695+0000] {dag.py:3444} INFO - Setting next_dagrun for example_sla_dag to 2023-03-26T18:32:00+00:00, run_after=2023-03-26T18:34:00+00:00
[2023-03-26T18:34:16.711+0000] {processor.py:175} INFO - Processing /home/airflow/.local/lib/python3.7/site-packages/airflow/example_dags/example_sla_dag.py took 0.084 seconds
[2023-03-26T18:34:46.983+0000] {processor.py:153} INFO - Started process (PID=606) to work on /home/airflow/.local/lib/python3.7/site-packages/airflow/example_dags/example_sla_dag.py
[2023-03-26T18:34:46.985+0000] {processor.py:743} INFO - Processing file /home/airflow/.local/lib/python3.7/site-packages/airflow/example_dags/example_sla_dag.py for tasks to queue
[2023-03-26T18:34:46.986+0000] {logging_mixin.py:137} INFO - [2023-03-26T18:34:46.986+0000] {dagbag.py:532} INFO - Filling up the DagBag from /home/airflow/.local/lib/python3.7/site-packages/airflow/example_dags/example_sla_dag.py
[2023-03-26T18:34:47.011+0000] {processor.py:753} INFO - DAG(s) dict_keys(['example_sla_dag']) retrieved from /home/airflow/.local/lib/python3.7/site-packages/airflow/example_dags/example_sla_dag.py
[2023-03-26T18:34:47.033+0000] {logging_mixin.py:137} INFO - [2023-03-26T18:34:47.033+0000] {dag.py:2693} INFO - Sync 1 DAGs
[2023-03-26T18:34:47.054+0000] {logging_mixin.py:137} INFO - [2023-03-26T18:34:47.054+0000] {dag.py:3444} INFO - Setting next_dagrun for example_sla_dag to 2023-03-26T18:32:00+00:00, run_after=2023-03-26T18:34:00+00:00
[2023-03-26T18:34:47.072+0000] {processor.py:175} INFO - Processing /home/airflow/.local/lib/python3.7/site-packages/airflow/example_dags/example_sla_dag.py took 0.092 seconds
[2023-03-26T18:35:17.727+0000] {processor.py:153} INFO - Started process (PID=822) to work on /home/airflow/.local/lib/python3.7/site-packages/airflow/example_dags/example_sla_dag.py
[2023-03-26T18:35:17.729+0000] {processor.py:743} INFO - Processing file /home/airflow/.local/lib/python3.7/site-packages/airflow/example_dags/example_sla_dag.py for tasks to queue
[2023-03-26T18:35:17.730+0000] {logging_mixin.py:137} INFO - [2023-03-26T18:35:17.730+0000] {dagbag.py:532} INFO - Filling up the DagBag from /home/airflow/.local/lib/python3.7/site-packages/airflow/example_dags/example_sla_dag.py
[2023-03-26T18:35:17.752+0000] {processor.py:753} INFO - DAG(s) dict_keys(['example_sla_dag']) retrieved from /home/airflow/.local/lib/python3.7/site-packages/airflow/example_dags/example_sla_dag.py
[2023-03-26T18:35:17.782+0000] {logging_mixin.py:137} INFO - [2023-03-26T18:35:17.782+0000] {dag.py:2693} INFO - Sync 1 DAGs
[2023-03-26T18:35:17.811+0000] {logging_mixin.py:137} INFO - [2023-03-26T18:35:17.810+0000] {dag.py:3444} INFO - Setting next_dagrun for example_sla_dag to 2023-03-26T18:32:00+00:00, run_after=2023-03-26T18:34:00+00:00
[2023-03-26T18:35:17.833+0000] {processor.py:175} INFO - Processing /home/airflow/.local/lib/python3.7/site-packages/airflow/example_dags/example_sla_dag.py took 0.111 seconds
[2023-03-26T18:35:48.318+0000] {processor.py:153} INFO - Started process (PID=1041) to work on /home/airflow/.local/lib/python3.7/site-packages/airflow/example_dags/example_sla_dag.py
[2023-03-26T18:35:48.320+0000] {processor.py:743} INFO - Processing file /home/airflow/.local/lib/python3.7/site-packages/airflow/example_dags/example_sla_dag.py for tasks to queue
[2023-03-26T18:35:48.322+0000] {logging_mixin.py:137} INFO - [2023-03-26T18:35:48.322+0000] {dagbag.py:532} INFO - Filling up the DagBag from /home/airflow/.local/lib/python3.7/site-packages/airflow/example_dags/example_sla_dag.py
[2023-03-26T18:35:48.354+0000] {processor.py:753} INFO - DAG(s) dict_keys(['example_sla_dag']) retrieved from /home/airflow/.local/lib/python3.7/site-packages/airflow/example_dags/example_sla_dag.py
[2023-03-26T18:35:48.394+0000] {logging_mixin.py:137} INFO - [2023-03-26T18:35:48.393+0000] {dag.py:2693} INFO - Sync 1 DAGs
[2023-03-26T18:35:48.424+0000] {logging_mixin.py:137} INFO - [2023-03-26T18:35:48.424+0000] {dag.py:3444} INFO - Setting next_dagrun for example_sla_dag to 2023-03-26T18:32:00+00:00, run_after=2023-03-26T18:34:00+00:00
[2023-03-26T18:35:48.451+0000] {processor.py:175} INFO - Processing /home/airflow/.local/lib/python3.7/site-packages/airflow/example_dags/example_sla_dag.py took 0.137 seconds
[2023-03-26T18:36:18.853+0000] {processor.py:153} INFO - Started process (PID=1258) to work on /home/airflow/.local/lib/python3.7/site-packages/airflow/example_dags/example_sla_dag.py
[2023-03-26T18:36:18.855+0000] {processor.py:743} INFO - Processing file /home/airflow/.local/lib/python3.7/site-packages/airflow/example_dags/example_sla_dag.py for tasks to queue
[2023-03-26T18:36:18.856+0000] {logging_mixin.py:137} INFO - [2023-03-26T18:36:18.856+0000] {dagbag.py:532} INFO - Filling up the DagBag from /home/airflow/.local/lib/python3.7/site-packages/airflow/example_dags/example_sla_dag.py
[2023-03-26T18:36:18.875+0000] {processor.py:753} INFO - DAG(s) dict_keys(['example_sla_dag']) retrieved from /home/airflow/.local/lib/python3.7/site-packages/airflow/example_dags/example_sla_dag.py
[2023-03-26T18:36:18.896+0000] {logging_mixin.py:137} INFO - [2023-03-26T18:36:18.896+0000] {dag.py:2693} INFO - Sync 1 DAGs
[2023-03-26T18:36:18.915+0000] {logging_mixin.py:137} INFO - [2023-03-26T18:36:18.915+0000] {dag.py:3444} INFO - Setting next_dagrun for example_sla_dag to 2023-03-26T18:34:00+00:00, run_after=2023-03-26T18:36:00+00:00
[2023-03-26T18:36:18.927+0000] {processor.py:175} INFO - Processing /home/airflow/.local/lib/python3.7/site-packages/airflow/example_dags/example_sla_dag.py took 0.080 seconds
