[2023-03-26T00:06:09.345+0000] {processor.py:153} INFO - Started process (PID=203) to work on /home/airflow/.local/lib/python3.7/site-packages/airflow/example_dags/example_bash_operator.py
[2023-03-26T00:06:09.347+0000] {processor.py:743} INFO - Processing file /home/airflow/.local/lib/python3.7/site-packages/airflow/example_dags/example_bash_operator.py for tasks to queue
[2023-03-26T00:06:09.348+0000] {logging_mixin.py:137} INFO - [2023-03-26T00:06:09.348+0000] {dagbag.py:532} INFO - Filling up the DagBag from /home/airflow/.local/lib/python3.7/site-packages/airflow/example_dags/example_bash_operator.py
[2023-03-26T00:06:09.364+0000] {processor.py:753} INFO - DAG(s) dict_keys(['example_bash_operator']) retrieved from /home/airflow/.local/lib/python3.7/site-packages/airflow/example_dags/example_bash_operator.py
[2023-03-26T00:06:09.391+0000] {logging_mixin.py:137} INFO - [2023-03-26T00:06:09.391+0000] {dag.py:2693} INFO - Sync 1 DAGs
[2023-03-26T00:06:09.415+0000] {logging_mixin.py:137} INFO - [2023-03-26T00:06:09.414+0000] {dag.py:3444} INFO - Setting next_dagrun for example_bash_operator to 2023-03-26T00:00:00+00:00, run_after=2023-03-27T00:00:00+00:00
[2023-03-26T00:06:09.430+0000] {processor.py:175} INFO - Processing /home/airflow/.local/lib/python3.7/site-packages/airflow/example_dags/example_bash_operator.py took 0.088 seconds
[2023-03-26T00:06:39.751+0000] {processor.py:153} INFO - Started process (PID=420) to work on /home/airflow/.local/lib/python3.7/site-packages/airflow/example_dags/example_bash_operator.py
[2023-03-26T00:06:39.752+0000] {processor.py:743} INFO - Processing file /home/airflow/.local/lib/python3.7/site-packages/airflow/example_dags/example_bash_operator.py for tasks to queue
[2023-03-26T00:06:39.753+0000] {logging_mixin.py:137} INFO - [2023-03-26T00:06:39.753+0000] {dagbag.py:532} INFO - Filling up the DagBag from /home/airflow/.local/lib/python3.7/site-packages/airflow/example_dags/example_bash_operator.py
[2023-03-26T00:06:39.768+0000] {processor.py:753} INFO - DAG(s) dict_keys(['example_bash_operator']) retrieved from /home/airflow/.local/lib/python3.7/site-packages/airflow/example_dags/example_bash_operator.py
[2023-03-26T00:06:39.800+0000] {logging_mixin.py:137} INFO - [2023-03-26T00:06:39.800+0000] {dag.py:2693} INFO - Sync 1 DAGs
[2023-03-26T00:06:39.817+0000] {logging_mixin.py:137} INFO - [2023-03-26T00:06:39.816+0000] {dag.py:3444} INFO - Setting next_dagrun for example_bash_operator to 2023-03-26T00:00:00+00:00, run_after=2023-03-27T00:00:00+00:00
[2023-03-26T00:06:39.828+0000] {processor.py:175} INFO - Processing /home/airflow/.local/lib/python3.7/site-packages/airflow/example_dags/example_bash_operator.py took 0.080 seconds
[2023-03-26T18:33:46.761+0000] {processor.py:153} INFO - Started process (PID=203) to work on /home/airflow/.local/lib/python3.7/site-packages/airflow/example_dags/example_bash_operator.py
[2023-03-26T18:33:46.764+0000] {processor.py:743} INFO - Processing file /home/airflow/.local/lib/python3.7/site-packages/airflow/example_dags/example_bash_operator.py for tasks to queue
[2023-03-26T18:33:46.765+0000] {logging_mixin.py:137} INFO - [2023-03-26T18:33:46.764+0000] {dagbag.py:532} INFO - Filling up the DagBag from /home/airflow/.local/lib/python3.7/site-packages/airflow/example_dags/example_bash_operator.py
[2023-03-26T18:33:46.788+0000] {processor.py:753} INFO - DAG(s) dict_keys(['example_bash_operator']) retrieved from /home/airflow/.local/lib/python3.7/site-packages/airflow/example_dags/example_bash_operator.py
[2023-03-26T18:33:46.826+0000] {logging_mixin.py:137} INFO - [2023-03-26T18:33:46.826+0000] {dag.py:2693} INFO - Sync 1 DAGs
[2023-03-26T18:33:46.851+0000] {logging_mixin.py:137} INFO - [2023-03-26T18:33:46.851+0000] {dag.py:3444} INFO - Setting next_dagrun for example_bash_operator to 2023-03-26T00:00:00+00:00, run_after=2023-03-27T00:00:00+00:00
[2023-03-26T18:33:46.879+0000] {processor.py:175} INFO - Processing /home/airflow/.local/lib/python3.7/site-packages/airflow/example_dags/example_bash_operator.py took 0.122 seconds
[2023-03-26T18:34:17.050+0000] {processor.py:153} INFO - Started process (PID=420) to work on /home/airflow/.local/lib/python3.7/site-packages/airflow/example_dags/example_bash_operator.py
[2023-03-26T18:34:17.052+0000] {processor.py:743} INFO - Processing file /home/airflow/.local/lib/python3.7/site-packages/airflow/example_dags/example_bash_operator.py for tasks to queue
[2023-03-26T18:34:17.053+0000] {logging_mixin.py:137} INFO - [2023-03-26T18:34:17.053+0000] {dagbag.py:532} INFO - Filling up the DagBag from /home/airflow/.local/lib/python3.7/site-packages/airflow/example_dags/example_bash_operator.py
[2023-03-26T18:34:17.071+0000] {processor.py:753} INFO - DAG(s) dict_keys(['example_bash_operator']) retrieved from /home/airflow/.local/lib/python3.7/site-packages/airflow/example_dags/example_bash_operator.py
[2023-03-26T18:34:17.086+0000] {logging_mixin.py:137} INFO - [2023-03-26T18:34:17.086+0000] {dag.py:2693} INFO - Sync 1 DAGs
[2023-03-26T18:34:17.108+0000] {logging_mixin.py:137} INFO - [2023-03-26T18:34:17.108+0000] {dag.py:3444} INFO - Setting next_dagrun for example_bash_operator to 2023-03-26T00:00:00+00:00, run_after=2023-03-27T00:00:00+00:00
[2023-03-26T18:34:17.124+0000] {processor.py:175} INFO - Processing /home/airflow/.local/lib/python3.7/site-packages/airflow/example_dags/example_bash_operator.py took 0.077 seconds
[2023-03-26T18:34:47.377+0000] {processor.py:153} INFO - Started process (PID=636) to work on /home/airflow/.local/lib/python3.7/site-packages/airflow/example_dags/example_bash_operator.py
[2023-03-26T18:34:47.388+0000] {processor.py:743} INFO - Processing file /home/airflow/.local/lib/python3.7/site-packages/airflow/example_dags/example_bash_operator.py for tasks to queue
[2023-03-26T18:34:47.389+0000] {logging_mixin.py:137} INFO - [2023-03-26T18:34:47.389+0000] {dagbag.py:532} INFO - Filling up the DagBag from /home/airflow/.local/lib/python3.7/site-packages/airflow/example_dags/example_bash_operator.py
[2023-03-26T18:34:47.412+0000] {processor.py:753} INFO - DAG(s) dict_keys(['example_bash_operator']) retrieved from /home/airflow/.local/lib/python3.7/site-packages/airflow/example_dags/example_bash_operator.py
[2023-03-26T18:34:47.447+0000] {logging_mixin.py:137} INFO - [2023-03-26T18:34:47.447+0000] {dag.py:2693} INFO - Sync 1 DAGs
[2023-03-26T18:34:47.473+0000] {logging_mixin.py:137} INFO - [2023-03-26T18:34:47.473+0000] {dag.py:3444} INFO - Setting next_dagrun for example_bash_operator to 2023-03-26T00:00:00+00:00, run_after=2023-03-27T00:00:00+00:00
[2023-03-26T18:34:47.490+0000] {processor.py:175} INFO - Processing /home/airflow/.local/lib/python3.7/site-packages/airflow/example_dags/example_bash_operator.py took 0.116 seconds
[2023-03-26T18:35:18.216+0000] {processor.py:153} INFO - Started process (PID=852) to work on /home/airflow/.local/lib/python3.7/site-packages/airflow/example_dags/example_bash_operator.py
[2023-03-26T18:35:18.218+0000] {processor.py:743} INFO - Processing file /home/airflow/.local/lib/python3.7/site-packages/airflow/example_dags/example_bash_operator.py for tasks to queue
[2023-03-26T18:35:18.220+0000] {logging_mixin.py:137} INFO - [2023-03-26T18:35:18.219+0000] {dagbag.py:532} INFO - Filling up the DagBag from /home/airflow/.local/lib/python3.7/site-packages/airflow/example_dags/example_bash_operator.py
[2023-03-26T18:35:18.244+0000] {processor.py:753} INFO - DAG(s) dict_keys(['example_bash_operator']) retrieved from /home/airflow/.local/lib/python3.7/site-packages/airflow/example_dags/example_bash_operator.py
[2023-03-26T18:35:18.276+0000] {logging_mixin.py:137} INFO - [2023-03-26T18:35:18.276+0000] {dag.py:2693} INFO - Sync 1 DAGs
[2023-03-26T18:35:18.301+0000] {logging_mixin.py:137} INFO - [2023-03-26T18:35:18.301+0000] {dag.py:3444} INFO - Setting next_dagrun for example_bash_operator to 2023-03-26T00:00:00+00:00, run_after=2023-03-27T00:00:00+00:00
[2023-03-26T18:35:18.323+0000] {processor.py:175} INFO - Processing /home/airflow/.local/lib/python3.7/site-packages/airflow/example_dags/example_bash_operator.py took 0.111 seconds
[2023-03-26T18:35:48.894+0000] {processor.py:153} INFO - Started process (PID=1069) to work on /home/airflow/.local/lib/python3.7/site-packages/airflow/example_dags/example_bash_operator.py
[2023-03-26T18:35:48.898+0000] {processor.py:743} INFO - Processing file /home/airflow/.local/lib/python3.7/site-packages/airflow/example_dags/example_bash_operator.py for tasks to queue
[2023-03-26T18:35:48.900+0000] {logging_mixin.py:137} INFO - [2023-03-26T18:35:48.899+0000] {dagbag.py:532} INFO - Filling up the DagBag from /home/airflow/.local/lib/python3.7/site-packages/airflow/example_dags/example_bash_operator.py
[2023-03-26T18:35:48.921+0000] {processor.py:753} INFO - DAG(s) dict_keys(['example_bash_operator']) retrieved from /home/airflow/.local/lib/python3.7/site-packages/airflow/example_dags/example_bash_operator.py
[2023-03-26T18:35:48.975+0000] {logging_mixin.py:137} INFO - [2023-03-26T18:35:48.974+0000] {dag.py:2693} INFO - Sync 1 DAGs
[2023-03-26T18:35:48.996+0000] {logging_mixin.py:137} INFO - [2023-03-26T18:35:48.996+0000] {dag.py:3444} INFO - Setting next_dagrun for example_bash_operator to 2023-03-26T00:00:00+00:00, run_after=2023-03-27T00:00:00+00:00
[2023-03-26T18:35:49.059+0000] {processor.py:175} INFO - Processing /home/airflow/.local/lib/python3.7/site-packages/airflow/example_dags/example_bash_operator.py took 0.172 seconds
[2023-03-26T18:36:19.117+0000] {processor.py:153} INFO - Started process (PID=1281) to work on /home/airflow/.local/lib/python3.7/site-packages/airflow/example_dags/example_bash_operator.py
[2023-03-26T18:36:19.118+0000] {processor.py:743} INFO - Processing file /home/airflow/.local/lib/python3.7/site-packages/airflow/example_dags/example_bash_operator.py for tasks to queue
[2023-03-26T18:36:19.119+0000] {logging_mixin.py:137} INFO - [2023-03-26T18:36:19.119+0000] {dagbag.py:532} INFO - Filling up the DagBag from /home/airflow/.local/lib/python3.7/site-packages/airflow/example_dags/example_bash_operator.py
[2023-03-26T18:36:19.137+0000] {processor.py:753} INFO - DAG(s) dict_keys(['example_bash_operator']) retrieved from /home/airflow/.local/lib/python3.7/site-packages/airflow/example_dags/example_bash_operator.py
[2023-03-26T18:36:19.165+0000] {logging_mixin.py:137} INFO - [2023-03-26T18:36:19.165+0000] {dag.py:2693} INFO - Sync 1 DAGs
[2023-03-26T18:36:19.187+0000] {logging_mixin.py:137} INFO - [2023-03-26T18:36:19.187+0000] {dag.py:3444} INFO - Setting next_dagrun for example_bash_operator to 2023-03-26T00:00:00+00:00, run_after=2023-03-27T00:00:00+00:00
[2023-03-26T18:36:19.201+0000] {processor.py:175} INFO - Processing /home/airflow/.local/lib/python3.7/site-packages/airflow/example_dags/example_bash_operator.py took 0.088 seconds
