[2023-03-26T00:06:10.579+0000] {processor.py:153} INFO - Started process (PID=273) to work on /home/airflow/.local/lib/python3.7/site-packages/airflow/example_dags/example_latest_only_with_trigger.py
[2023-03-26T00:06:10.581+0000] {processor.py:743} INFO - Processing file /home/airflow/.local/lib/python3.7/site-packages/airflow/example_dags/example_latest_only_with_trigger.py for tasks to queue
[2023-03-26T00:06:10.581+0000] {logging_mixin.py:137} INFO - [2023-03-26T00:06:10.581+0000] {dagbag.py:532} INFO - Filling up the DagBag from /home/airflow/.local/lib/python3.7/site-packages/airflow/example_dags/example_latest_only_with_trigger.py
[2023-03-26T00:06:10.592+0000] {processor.py:753} INFO - DAG(s) dict_keys(['latest_only_with_trigger']) retrieved from /home/airflow/.local/lib/python3.7/site-packages/airflow/example_dags/example_latest_only_with_trigger.py
[2023-03-26T00:06:10.623+0000] {logging_mixin.py:137} INFO - [2023-03-26T00:06:10.623+0000] {dag.py:2693} INFO - Sync 1 DAGs
[2023-03-26T00:06:10.644+0000] {logging_mixin.py:137} INFO - [2023-03-26T00:06:10.644+0000] {dag.py:3444} INFO - Setting next_dagrun for latest_only_with_trigger to 2023-03-25T20:06:10.644300+00:00, run_after=2023-03-26T00:06:10.644300+00:00
[2023-03-26T00:06:10.682+0000] {processor.py:175} INFO - Processing /home/airflow/.local/lib/python3.7/site-packages/airflow/example_dags/example_latest_only_with_trigger.py took 0.106 seconds
[2023-03-26T00:06:40.714+0000] {processor.py:153} INFO - Started process (PID=489) to work on /home/airflow/.local/lib/python3.7/site-packages/airflow/example_dags/example_latest_only_with_trigger.py
[2023-03-26T00:06:40.715+0000] {processor.py:743} INFO - Processing file /home/airflow/.local/lib/python3.7/site-packages/airflow/example_dags/example_latest_only_with_trigger.py for tasks to queue
[2023-03-26T00:06:40.716+0000] {logging_mixin.py:137} INFO - [2023-03-26T00:06:40.716+0000] {dagbag.py:532} INFO - Filling up the DagBag from /home/airflow/.local/lib/python3.7/site-packages/airflow/example_dags/example_latest_only_with_trigger.py
[2023-03-26T00:06:40.734+0000] {processor.py:753} INFO - DAG(s) dict_keys(['latest_only_with_trigger']) retrieved from /home/airflow/.local/lib/python3.7/site-packages/airflow/example_dags/example_latest_only_with_trigger.py
[2023-03-26T00:06:40.759+0000] {logging_mixin.py:137} INFO - [2023-03-26T00:06:40.759+0000] {dag.py:2693} INFO - Sync 1 DAGs
[2023-03-26T00:06:40.775+0000] {logging_mixin.py:137} INFO - [2023-03-26T00:06:40.775+0000] {dag.py:3444} INFO - Setting next_dagrun for latest_only_with_trigger to 2023-03-25T20:06:40.775487+00:00, run_after=2023-03-26T00:06:40.775487+00:00
[2023-03-26T00:06:40.789+0000] {processor.py:175} INFO - Processing /home/airflow/.local/lib/python3.7/site-packages/airflow/example_dags/example_latest_only_with_trigger.py took 0.078 seconds
[2023-03-26T18:33:48.376+0000] {processor.py:153} INFO - Started process (PID=275) to work on /home/airflow/.local/lib/python3.7/site-packages/airflow/example_dags/example_latest_only_with_trigger.py
[2023-03-26T18:33:48.378+0000] {processor.py:743} INFO - Processing file /home/airflow/.local/lib/python3.7/site-packages/airflow/example_dags/example_latest_only_with_trigger.py for tasks to queue
[2023-03-26T18:33:48.380+0000] {logging_mixin.py:137} INFO - [2023-03-26T18:33:48.380+0000] {dagbag.py:532} INFO - Filling up the DagBag from /home/airflow/.local/lib/python3.7/site-packages/airflow/example_dags/example_latest_only_with_trigger.py
[2023-03-26T18:33:48.404+0000] {processor.py:753} INFO - DAG(s) dict_keys(['latest_only_with_trigger']) retrieved from /home/airflow/.local/lib/python3.7/site-packages/airflow/example_dags/example_latest_only_with_trigger.py
[2023-03-26T18:33:48.455+0000] {logging_mixin.py:137} INFO - [2023-03-26T18:33:48.455+0000] {dag.py:2693} INFO - Sync 1 DAGs
[2023-03-26T18:33:48.524+0000] {logging_mixin.py:137} INFO - [2023-03-26T18:33:48.524+0000] {dag.py:3444} INFO - Setting next_dagrun for latest_only_with_trigger to 2023-03-26T14:33:48.523639+00:00, run_after=2023-03-26T18:33:48.523639+00:00
[2023-03-26T18:33:48.566+0000] {processor.py:175} INFO - Processing /home/airflow/.local/lib/python3.7/site-packages/airflow/example_dags/example_latest_only_with_trigger.py took 0.198 seconds
[2023-03-26T18:34:19.296+0000] {processor.py:153} INFO - Started process (PID=490) to work on /home/airflow/.local/lib/python3.7/site-packages/airflow/example_dags/example_latest_only_with_trigger.py
[2023-03-26T18:34:19.298+0000] {processor.py:743} INFO - Processing file /home/airflow/.local/lib/python3.7/site-packages/airflow/example_dags/example_latest_only_with_trigger.py for tasks to queue
[2023-03-26T18:34:19.299+0000] {logging_mixin.py:137} INFO - [2023-03-26T18:34:19.299+0000] {dagbag.py:532} INFO - Filling up the DagBag from /home/airflow/.local/lib/python3.7/site-packages/airflow/example_dags/example_latest_only_with_trigger.py
[2023-03-26T18:34:19.312+0000] {processor.py:753} INFO - DAG(s) dict_keys(['latest_only_with_trigger']) retrieved from /home/airflow/.local/lib/python3.7/site-packages/airflow/example_dags/example_latest_only_with_trigger.py
[2023-03-26T18:34:19.327+0000] {logging_mixin.py:137} INFO - [2023-03-26T18:34:19.327+0000] {dag.py:2693} INFO - Sync 1 DAGs
[2023-03-26T18:34:19.347+0000] {logging_mixin.py:137} INFO - [2023-03-26T18:34:19.347+0000] {dag.py:3444} INFO - Setting next_dagrun for latest_only_with_trigger to 2023-03-26T14:34:19.346833+00:00, run_after=2023-03-26T18:34:19.346833+00:00
[2023-03-26T18:34:19.363+0000] {processor.py:175} INFO - Processing /home/airflow/.local/lib/python3.7/site-packages/airflow/example_dags/example_latest_only_with_trigger.py took 0.070 seconds
[2023-03-26T18:34:49.653+0000] {processor.py:153} INFO - Started process (PID=708) to work on /home/airflow/.local/lib/python3.7/site-packages/airflow/example_dags/example_latest_only_with_trigger.py
[2023-03-26T18:34:49.655+0000] {processor.py:743} INFO - Processing file /home/airflow/.local/lib/python3.7/site-packages/airflow/example_dags/example_latest_only_with_trigger.py for tasks to queue
[2023-03-26T18:34:49.656+0000] {logging_mixin.py:137} INFO - [2023-03-26T18:34:49.656+0000] {dagbag.py:532} INFO - Filling up the DagBag from /home/airflow/.local/lib/python3.7/site-packages/airflow/example_dags/example_latest_only_with_trigger.py
[2023-03-26T18:34:49.671+0000] {processor.py:753} INFO - DAG(s) dict_keys(['latest_only_with_trigger']) retrieved from /home/airflow/.local/lib/python3.7/site-packages/airflow/example_dags/example_latest_only_with_trigger.py
[2023-03-26T18:34:49.703+0000] {logging_mixin.py:137} INFO - [2023-03-26T18:34:49.702+0000] {dag.py:2693} INFO - Sync 1 DAGs
[2023-03-26T18:34:49.723+0000] {logging_mixin.py:137} INFO - [2023-03-26T18:34:49.723+0000] {dag.py:3444} INFO - Setting next_dagrun for latest_only_with_trigger to 2023-03-26T14:34:49.723563+00:00, run_after=2023-03-26T18:34:49.723563+00:00
[2023-03-26T18:34:49.744+0000] {processor.py:175} INFO - Processing /home/airflow/.local/lib/python3.7/site-packages/airflow/example_dags/example_latest_only_with_trigger.py took 0.094 seconds
[2023-03-26T18:35:20.345+0000] {processor.py:153} INFO - Started process (PID=922) to work on /home/airflow/.local/lib/python3.7/site-packages/airflow/example_dags/example_latest_only_with_trigger.py
[2023-03-26T18:35:20.347+0000] {processor.py:743} INFO - Processing file /home/airflow/.local/lib/python3.7/site-packages/airflow/example_dags/example_latest_only_with_trigger.py for tasks to queue
[2023-03-26T18:35:20.349+0000] {logging_mixin.py:137} INFO - [2023-03-26T18:35:20.348+0000] {dagbag.py:532} INFO - Filling up the DagBag from /home/airflow/.local/lib/python3.7/site-packages/airflow/example_dags/example_latest_only_with_trigger.py
[2023-03-26T18:35:20.366+0000] {processor.py:753} INFO - DAG(s) dict_keys(['latest_only_with_trigger']) retrieved from /home/airflow/.local/lib/python3.7/site-packages/airflow/example_dags/example_latest_only_with_trigger.py
[2023-03-26T18:35:20.398+0000] {logging_mixin.py:137} INFO - [2023-03-26T18:35:20.398+0000] {dag.py:2693} INFO - Sync 1 DAGs
[2023-03-26T18:35:20.421+0000] {logging_mixin.py:137} INFO - [2023-03-26T18:35:20.421+0000] {dag.py:3444} INFO - Setting next_dagrun for latest_only_with_trigger to 2023-03-26T14:35:20.420865+00:00, run_after=2023-03-26T18:35:20.420865+00:00
[2023-03-26T18:35:20.442+0000] {processor.py:175} INFO - Processing /home/airflow/.local/lib/python3.7/site-packages/airflow/example_dags/example_latest_only_with_trigger.py took 0.102 seconds
[2023-03-26T18:35:51.275+0000] {processor.py:153} INFO - Started process (PID=1139) to work on /home/airflow/.local/lib/python3.7/site-packages/airflow/example_dags/example_latest_only_with_trigger.py
[2023-03-26T18:35:51.277+0000] {processor.py:743} INFO - Processing file /home/airflow/.local/lib/python3.7/site-packages/airflow/example_dags/example_latest_only_with_trigger.py for tasks to queue
[2023-03-26T18:35:51.278+0000] {logging_mixin.py:137} INFO - [2023-03-26T18:35:51.277+0000] {dagbag.py:532} INFO - Filling up the DagBag from /home/airflow/.local/lib/python3.7/site-packages/airflow/example_dags/example_latest_only_with_trigger.py
[2023-03-26T18:35:51.290+0000] {processor.py:753} INFO - DAG(s) dict_keys(['latest_only_with_trigger']) retrieved from /home/airflow/.local/lib/python3.7/site-packages/airflow/example_dags/example_latest_only_with_trigger.py
[2023-03-26T18:35:51.312+0000] {logging_mixin.py:137} INFO - [2023-03-26T18:35:51.312+0000] {dag.py:2693} INFO - Sync 1 DAGs
[2023-03-26T18:35:51.330+0000] {logging_mixin.py:137} INFO - [2023-03-26T18:35:51.330+0000] {dag.py:3444} INFO - Setting next_dagrun for latest_only_with_trigger to 2023-03-26T14:35:51.330438+00:00, run_after=2023-03-26T18:35:51.330438+00:00
[2023-03-26T18:35:51.347+0000] {processor.py:175} INFO - Processing /home/airflow/.local/lib/python3.7/site-packages/airflow/example_dags/example_latest_only_with_trigger.py took 0.075 seconds
[2023-03-26T18:36:22.209+0000] {processor.py:153} INFO - Started process (PID=1358) to work on /home/airflow/.local/lib/python3.7/site-packages/airflow/example_dags/example_latest_only_with_trigger.py
[2023-03-26T18:36:22.211+0000] {processor.py:743} INFO - Processing file /home/airflow/.local/lib/python3.7/site-packages/airflow/example_dags/example_latest_only_with_trigger.py for tasks to queue
[2023-03-26T18:36:22.212+0000] {logging_mixin.py:137} INFO - [2023-03-26T18:36:22.212+0000] {dagbag.py:532} INFO - Filling up the DagBag from /home/airflow/.local/lib/python3.7/site-packages/airflow/example_dags/example_latest_only_with_trigger.py
[2023-03-26T18:36:22.228+0000] {processor.py:753} INFO - DAG(s) dict_keys(['latest_only_with_trigger']) retrieved from /home/airflow/.local/lib/python3.7/site-packages/airflow/example_dags/example_latest_only_with_trigger.py
[2023-03-26T18:36:22.262+0000] {logging_mixin.py:137} INFO - [2023-03-26T18:36:22.262+0000] {dag.py:2693} INFO - Sync 1 DAGs
[2023-03-26T18:36:22.312+0000] {logging_mixin.py:137} INFO - [2023-03-26T18:36:22.311+0000] {dag.py:3444} INFO - Setting next_dagrun for latest_only_with_trigger to 2023-03-26T14:36:22.311335+00:00, run_after=2023-03-26T18:36:22.311335+00:00
[2023-03-26T18:36:22.349+0000] {processor.py:175} INFO - Processing /home/airflow/.local/lib/python3.7/site-packages/airflow/example_dags/example_latest_only_with_trigger.py took 0.145 seconds
