[2023-03-26T00:06:10.367+0000] {processor.py:153} INFO - Started process (PID=258) to work on /home/airflow/.local/lib/python3.7/site-packages/airflow/example_dags/example_python_operator.py
[2023-03-26T00:06:10.368+0000] {processor.py:743} INFO - Processing file /home/airflow/.local/lib/python3.7/site-packages/airflow/example_dags/example_python_operator.py for tasks to queue
[2023-03-26T00:06:10.369+0000] {logging_mixin.py:137} INFO - [2023-03-26T00:06:10.369+0000] {dagbag.py:532} INFO - Filling up the DagBag from /home/airflow/.local/lib/python3.7/site-packages/airflow/example_dags/example_python_operator.py
[2023-03-26T00:06:10.394+0000] {logging_mixin.py:137} INFO - [2023-03-26T00:06:10.393+0000] {taskmixin.py:211} WARNING - Dependency <Task(_PythonDecoratedOperator): print_the_context>, log_sql_query already registered for DAG: example_python_operator
[2023-03-26T00:06:10.394+0000] {logging_mixin.py:137} INFO - [2023-03-26T00:06:10.394+0000] {taskmixin.py:211} WARNING - Dependency <Task(_PythonDecoratedOperator): log_sql_query>, print_the_context already registered for DAG: example_python_operator
[2023-03-26T00:06:10.395+0000] {logging_mixin.py:137} INFO - [2023-03-26T00:06:10.395+0000] {taskmixin.py:211} WARNING - Dependency <Task(_PythonDecoratedOperator): print_the_context>, log_sql_query already registered for DAG: example_python_operator
[2023-03-26T00:06:10.395+0000] {logging_mixin.py:137} INFO - [2023-03-26T00:06:10.395+0000] {taskmixin.py:211} WARNING - Dependency <Task(_PythonDecoratedOperator): log_sql_query>, print_the_context already registered for DAG: example_python_operator
[2023-03-26T00:06:10.396+0000] {logging_mixin.py:137} INFO - [2023-03-26T00:06:10.396+0000] {taskmixin.py:211} WARNING - Dependency <Task(_PythonDecoratedOperator): print_the_context>, log_sql_query already registered for DAG: example_python_operator
[2023-03-26T00:06:10.397+0000] {logging_mixin.py:137} INFO - [2023-03-26T00:06:10.397+0000] {taskmixin.py:211} WARNING - Dependency <Task(_PythonDecoratedOperator): log_sql_query>, print_the_context already registered for DAG: example_python_operator
[2023-03-26T00:06:10.397+0000] {logging_mixin.py:137} INFO - [2023-03-26T00:06:10.397+0000] {taskmixin.py:211} WARNING - Dependency <Task(_PythonDecoratedOperator): print_the_context>, log_sql_query already registered for DAG: example_python_operator
[2023-03-26T00:06:10.398+0000] {logging_mixin.py:137} INFO - [2023-03-26T00:06:10.398+0000] {taskmixin.py:211} WARNING - Dependency <Task(_PythonDecoratedOperator): log_sql_query>, print_the_context already registered for DAG: example_python_operator
[2023-03-26T00:06:10.403+0000] {processor.py:753} INFO - DAG(s) dict_keys(['example_python_operator']) retrieved from /home/airflow/.local/lib/python3.7/site-packages/airflow/example_dags/example_python_operator.py
[2023-03-26T00:06:10.497+0000] {logging_mixin.py:137} INFO - [2023-03-26T00:06:10.497+0000] {dag.py:2693} INFO - Sync 1 DAGs
[2023-03-26T00:06:10.521+0000] {logging_mixin.py:137} INFO - [2023-03-26T00:06:10.521+0000] {dag.py:3444} INFO - Setting next_dagrun for example_python_operator to None, run_after=None
[2023-03-26T00:06:10.544+0000] {processor.py:175} INFO - Processing /home/airflow/.local/lib/python3.7/site-packages/airflow/example_dags/example_python_operator.py took 0.180 seconds
[2023-03-26T00:06:40.616+0000] {processor.py:153} INFO - Started process (PID=482) to work on /home/airflow/.local/lib/python3.7/site-packages/airflow/example_dags/example_python_operator.py
[2023-03-26T00:06:40.618+0000] {processor.py:743} INFO - Processing file /home/airflow/.local/lib/python3.7/site-packages/airflow/example_dags/example_python_operator.py for tasks to queue
[2023-03-26T00:06:40.618+0000] {logging_mixin.py:137} INFO - [2023-03-26T00:06:40.618+0000] {dagbag.py:532} INFO - Filling up the DagBag from /home/airflow/.local/lib/python3.7/site-packages/airflow/example_dags/example_python_operator.py
[2023-03-26T00:06:40.629+0000] {logging_mixin.py:137} INFO - [2023-03-26T00:06:40.629+0000] {taskmixin.py:211} WARNING - Dependency <Task(_PythonDecoratedOperator): print_the_context>, log_sql_query already registered for DAG: example_python_operator
[2023-03-26T00:06:40.630+0000] {logging_mixin.py:137} INFO - [2023-03-26T00:06:40.630+0000] {taskmixin.py:211} WARNING - Dependency <Task(_PythonDecoratedOperator): log_sql_query>, print_the_context already registered for DAG: example_python_operator
[2023-03-26T00:06:40.631+0000] {logging_mixin.py:137} INFO - [2023-03-26T00:06:40.631+0000] {taskmixin.py:211} WARNING - Dependency <Task(_PythonDecoratedOperator): print_the_context>, log_sql_query already registered for DAG: example_python_operator
[2023-03-26T00:06:40.631+0000] {logging_mixin.py:137} INFO - [2023-03-26T00:06:40.631+0000] {taskmixin.py:211} WARNING - Dependency <Task(_PythonDecoratedOperator): log_sql_query>, print_the_context already registered for DAG: example_python_operator
[2023-03-26T00:06:40.632+0000] {logging_mixin.py:137} INFO - [2023-03-26T00:06:40.632+0000] {taskmixin.py:211} WARNING - Dependency <Task(_PythonDecoratedOperator): print_the_context>, log_sql_query already registered for DAG: example_python_operator
[2023-03-26T00:06:40.632+0000] {logging_mixin.py:137} INFO - [2023-03-26T00:06:40.632+0000] {taskmixin.py:211} WARNING - Dependency <Task(_PythonDecoratedOperator): log_sql_query>, print_the_context already registered for DAG: example_python_operator
[2023-03-26T00:06:40.633+0000] {logging_mixin.py:137} INFO - [2023-03-26T00:06:40.633+0000] {taskmixin.py:211} WARNING - Dependency <Task(_PythonDecoratedOperator): print_the_context>, log_sql_query already registered for DAG: example_python_operator
[2023-03-26T00:06:40.634+0000] {logging_mixin.py:137} INFO - [2023-03-26T00:06:40.633+0000] {taskmixin.py:211} WARNING - Dependency <Task(_PythonDecoratedOperator): log_sql_query>, print_the_context already registered for DAG: example_python_operator
[2023-03-26T00:06:40.639+0000] {processor.py:753} INFO - DAG(s) dict_keys(['example_python_operator']) retrieved from /home/airflow/.local/lib/python3.7/site-packages/airflow/example_dags/example_python_operator.py
[2023-03-26T00:06:40.658+0000] {logging_mixin.py:137} INFO - [2023-03-26T00:06:40.658+0000] {dag.py:2693} INFO - Sync 1 DAGs
[2023-03-26T00:06:40.672+0000] {logging_mixin.py:137} INFO - [2023-03-26T00:06:40.672+0000] {dag.py:3444} INFO - Setting next_dagrun for example_python_operator to None, run_after=None
[2023-03-26T00:06:40.683+0000] {processor.py:175} INFO - Processing /home/airflow/.local/lib/python3.7/site-packages/airflow/example_dags/example_python_operator.py took 0.069 seconds
[2023-03-26T18:33:47.961+0000] {processor.py:153} INFO - Started process (PID=258) to work on /home/airflow/.local/lib/python3.7/site-packages/airflow/example_dags/example_python_operator.py
[2023-03-26T18:33:47.963+0000] {processor.py:743} INFO - Processing file /home/airflow/.local/lib/python3.7/site-packages/airflow/example_dags/example_python_operator.py for tasks to queue
[2023-03-26T18:33:47.964+0000] {logging_mixin.py:137} INFO - [2023-03-26T18:33:47.964+0000] {dagbag.py:532} INFO - Filling up the DagBag from /home/airflow/.local/lib/python3.7/site-packages/airflow/example_dags/example_python_operator.py
[2023-03-26T18:33:47.979+0000] {logging_mixin.py:137} INFO - [2023-03-26T18:33:47.979+0000] {taskmixin.py:211} WARNING - Dependency <Task(_PythonDecoratedOperator): print_the_context>, log_sql_query already registered for DAG: example_python_operator
[2023-03-26T18:33:47.981+0000] {logging_mixin.py:137} INFO - [2023-03-26T18:33:47.981+0000] {taskmixin.py:211} WARNING - Dependency <Task(_PythonDecoratedOperator): log_sql_query>, print_the_context already registered for DAG: example_python_operator
[2023-03-26T18:33:47.982+0000] {logging_mixin.py:137} INFO - [2023-03-26T18:33:47.982+0000] {taskmixin.py:211} WARNING - Dependency <Task(_PythonDecoratedOperator): print_the_context>, log_sql_query already registered for DAG: example_python_operator
[2023-03-26T18:33:47.983+0000] {logging_mixin.py:137} INFO - [2023-03-26T18:33:47.983+0000] {taskmixin.py:211} WARNING - Dependency <Task(_PythonDecoratedOperator): log_sql_query>, print_the_context already registered for DAG: example_python_operator
[2023-03-26T18:33:47.985+0000] {logging_mixin.py:137} INFO - [2023-03-26T18:33:47.985+0000] {taskmixin.py:211} WARNING - Dependency <Task(_PythonDecoratedOperator): print_the_context>, log_sql_query already registered for DAG: example_python_operator
[2023-03-26T18:33:47.986+0000] {logging_mixin.py:137} INFO - [2023-03-26T18:33:47.986+0000] {taskmixin.py:211} WARNING - Dependency <Task(_PythonDecoratedOperator): log_sql_query>, print_the_context already registered for DAG: example_python_operator
[2023-03-26T18:33:47.987+0000] {logging_mixin.py:137} INFO - [2023-03-26T18:33:47.987+0000] {taskmixin.py:211} WARNING - Dependency <Task(_PythonDecoratedOperator): print_the_context>, log_sql_query already registered for DAG: example_python_operator
[2023-03-26T18:33:47.987+0000] {logging_mixin.py:137} INFO - [2023-03-26T18:33:47.987+0000] {taskmixin.py:211} WARNING - Dependency <Task(_PythonDecoratedOperator): log_sql_query>, print_the_context already registered for DAG: example_python_operator
[2023-03-26T18:33:47.995+0000] {processor.py:753} INFO - DAG(s) dict_keys(['example_python_operator']) retrieved from /home/airflow/.local/lib/python3.7/site-packages/airflow/example_dags/example_python_operator.py
[2023-03-26T18:33:48.089+0000] {logging_mixin.py:137} INFO - [2023-03-26T18:33:48.089+0000] {dag.py:2693} INFO - Sync 1 DAGs
[2023-03-26T18:33:48.118+0000] {logging_mixin.py:137} INFO - [2023-03-26T18:33:48.118+0000] {dag.py:3444} INFO - Setting next_dagrun for example_python_operator to None, run_after=None
[2023-03-26T18:33:48.178+0000] {processor.py:175} INFO - Processing /home/airflow/.local/lib/python3.7/site-packages/airflow/example_dags/example_python_operator.py took 0.220 seconds
[2023-03-26T18:34:19.124+0000] {processor.py:153} INFO - Started process (PID=477) to work on /home/airflow/.local/lib/python3.7/site-packages/airflow/example_dags/example_python_operator.py
[2023-03-26T18:34:19.125+0000] {processor.py:743} INFO - Processing file /home/airflow/.local/lib/python3.7/site-packages/airflow/example_dags/example_python_operator.py for tasks to queue
[2023-03-26T18:34:19.126+0000] {logging_mixin.py:137} INFO - [2023-03-26T18:34:19.126+0000] {dagbag.py:532} INFO - Filling up the DagBag from /home/airflow/.local/lib/python3.7/site-packages/airflow/example_dags/example_python_operator.py
[2023-03-26T18:34:19.142+0000] {logging_mixin.py:137} INFO - [2023-03-26T18:34:19.142+0000] {taskmixin.py:211} WARNING - Dependency <Task(_PythonDecoratedOperator): print_the_context>, log_sql_query already registered for DAG: example_python_operator
[2023-03-26T18:34:19.143+0000] {logging_mixin.py:137} INFO - [2023-03-26T18:34:19.143+0000] {taskmixin.py:211} WARNING - Dependency <Task(_PythonDecoratedOperator): log_sql_query>, print_the_context already registered for DAG: example_python_operator
[2023-03-26T18:34:19.144+0000] {logging_mixin.py:137} INFO - [2023-03-26T18:34:19.144+0000] {taskmixin.py:211} WARNING - Dependency <Task(_PythonDecoratedOperator): print_the_context>, log_sql_query already registered for DAG: example_python_operator
[2023-03-26T18:34:19.145+0000] {logging_mixin.py:137} INFO - [2023-03-26T18:34:19.145+0000] {taskmixin.py:211} WARNING - Dependency <Task(_PythonDecoratedOperator): log_sql_query>, print_the_context already registered for DAG: example_python_operator
[2023-03-26T18:34:19.146+0000] {logging_mixin.py:137} INFO - [2023-03-26T18:34:19.146+0000] {taskmixin.py:211} WARNING - Dependency <Task(_PythonDecoratedOperator): print_the_context>, log_sql_query already registered for DAG: example_python_operator
[2023-03-26T18:34:19.146+0000] {logging_mixin.py:137} INFO - [2023-03-26T18:34:19.146+0000] {taskmixin.py:211} WARNING - Dependency <Task(_PythonDecoratedOperator): log_sql_query>, print_the_context already registered for DAG: example_python_operator
[2023-03-26T18:34:19.147+0000] {logging_mixin.py:137} INFO - [2023-03-26T18:34:19.147+0000] {taskmixin.py:211} WARNING - Dependency <Task(_PythonDecoratedOperator): print_the_context>, log_sql_query already registered for DAG: example_python_operator
[2023-03-26T18:34:19.148+0000] {logging_mixin.py:137} INFO - [2023-03-26T18:34:19.148+0000] {taskmixin.py:211} WARNING - Dependency <Task(_PythonDecoratedOperator): log_sql_query>, print_the_context already registered for DAG: example_python_operator
[2023-03-26T18:34:19.163+0000] {processor.py:753} INFO - DAG(s) dict_keys(['example_python_operator']) retrieved from /home/airflow/.local/lib/python3.7/site-packages/airflow/example_dags/example_python_operator.py
[2023-03-26T18:34:19.200+0000] {logging_mixin.py:137} INFO - [2023-03-26T18:34:19.200+0000] {dag.py:2693} INFO - Sync 1 DAGs
[2023-03-26T18:34:19.228+0000] {logging_mixin.py:137} INFO - [2023-03-26T18:34:19.228+0000] {dag.py:3444} INFO - Setting next_dagrun for example_python_operator to None, run_after=None
[2023-03-26T18:34:19.250+0000] {processor.py:175} INFO - Processing /home/airflow/.local/lib/python3.7/site-packages/airflow/example_dags/example_python_operator.py took 0.132 seconds
[2023-03-26T18:34:49.412+0000] {processor.py:153} INFO - Started process (PID=696) to work on /home/airflow/.local/lib/python3.7/site-packages/airflow/example_dags/example_python_operator.py
[2023-03-26T18:34:49.414+0000] {processor.py:743} INFO - Processing file /home/airflow/.local/lib/python3.7/site-packages/airflow/example_dags/example_python_operator.py for tasks to queue
[2023-03-26T18:34:49.423+0000] {logging_mixin.py:137} INFO - [2023-03-26T18:34:49.423+0000] {dagbag.py:532} INFO - Filling up the DagBag from /home/airflow/.local/lib/python3.7/site-packages/airflow/example_dags/example_python_operator.py
[2023-03-26T18:34:49.463+0000] {logging_mixin.py:137} INFO - [2023-03-26T18:34:49.463+0000] {taskmixin.py:211} WARNING - Dependency <Task(_PythonDecoratedOperator): print_the_context>, log_sql_query already registered for DAG: example_python_operator
[2023-03-26T18:34:49.464+0000] {logging_mixin.py:137} INFO - [2023-03-26T18:34:49.464+0000] {taskmixin.py:211} WARNING - Dependency <Task(_PythonDecoratedOperator): log_sql_query>, print_the_context already registered for DAG: example_python_operator
[2023-03-26T18:34:49.470+0000] {logging_mixin.py:137} INFO - [2023-03-26T18:34:49.466+0000] {taskmixin.py:211} WARNING - Dependency <Task(_PythonDecoratedOperator): print_the_context>, log_sql_query already registered for DAG: example_python_operator
[2023-03-26T18:34:49.472+0000] {logging_mixin.py:137} INFO - [2023-03-26T18:34:49.472+0000] {taskmixin.py:211} WARNING - Dependency <Task(_PythonDecoratedOperator): log_sql_query>, print_the_context already registered for DAG: example_python_operator
[2023-03-26T18:34:49.476+0000] {logging_mixin.py:137} INFO - [2023-03-26T18:34:49.476+0000] {taskmixin.py:211} WARNING - Dependency <Task(_PythonDecoratedOperator): print_the_context>, log_sql_query already registered for DAG: example_python_operator
[2023-03-26T18:34:49.478+0000] {logging_mixin.py:137} INFO - [2023-03-26T18:34:49.478+0000] {taskmixin.py:211} WARNING - Dependency <Task(_PythonDecoratedOperator): log_sql_query>, print_the_context already registered for DAG: example_python_operator
[2023-03-26T18:34:49.482+0000] {logging_mixin.py:137} INFO - [2023-03-26T18:34:49.482+0000] {taskmixin.py:211} WARNING - Dependency <Task(_PythonDecoratedOperator): print_the_context>, log_sql_query already registered for DAG: example_python_operator
[2023-03-26T18:34:49.483+0000] {logging_mixin.py:137} INFO - [2023-03-26T18:34:49.483+0000] {taskmixin.py:211} WARNING - Dependency <Task(_PythonDecoratedOperator): log_sql_query>, print_the_context already registered for DAG: example_python_operator
[2023-03-26T18:34:49.491+0000] {processor.py:753} INFO - DAG(s) dict_keys(['example_python_operator']) retrieved from /home/airflow/.local/lib/python3.7/site-packages/airflow/example_dags/example_python_operator.py
[2023-03-26T18:34:49.562+0000] {logging_mixin.py:137} INFO - [2023-03-26T18:34:49.562+0000] {dag.py:2693} INFO - Sync 1 DAGs
[2023-03-26T18:34:49.585+0000] {logging_mixin.py:137} INFO - [2023-03-26T18:34:49.584+0000] {dag.py:3444} INFO - Setting next_dagrun for example_python_operator to None, run_after=None
[2023-03-26T18:34:49.609+0000] {processor.py:175} INFO - Processing /home/airflow/.local/lib/python3.7/site-packages/airflow/example_dags/example_python_operator.py took 0.204 seconds
[2023-03-26T18:35:20.137+0000] {processor.py:153} INFO - Started process (PID=909) to work on /home/airflow/.local/lib/python3.7/site-packages/airflow/example_dags/example_python_operator.py
[2023-03-26T18:35:20.140+0000] {processor.py:743} INFO - Processing file /home/airflow/.local/lib/python3.7/site-packages/airflow/example_dags/example_python_operator.py for tasks to queue
[2023-03-26T18:35:20.146+0000] {logging_mixin.py:137} INFO - [2023-03-26T18:35:20.144+0000] {dagbag.py:532} INFO - Filling up the DagBag from /home/airflow/.local/lib/python3.7/site-packages/airflow/example_dags/example_python_operator.py
[2023-03-26T18:35:20.181+0000] {logging_mixin.py:137} INFO - [2023-03-26T18:35:20.180+0000] {taskmixin.py:211} WARNING - Dependency <Task(_PythonDecoratedOperator): print_the_context>, log_sql_query already registered for DAG: example_python_operator
[2023-03-26T18:35:20.182+0000] {logging_mixin.py:137} INFO - [2023-03-26T18:35:20.182+0000] {taskmixin.py:211} WARNING - Dependency <Task(_PythonDecoratedOperator): log_sql_query>, print_the_context already registered for DAG: example_python_operator
[2023-03-26T18:35:20.184+0000] {logging_mixin.py:137} INFO - [2023-03-26T18:35:20.183+0000] {taskmixin.py:211} WARNING - Dependency <Task(_PythonDecoratedOperator): print_the_context>, log_sql_query already registered for DAG: example_python_operator
[2023-03-26T18:35:20.185+0000] {logging_mixin.py:137} INFO - [2023-03-26T18:35:20.185+0000] {taskmixin.py:211} WARNING - Dependency <Task(_PythonDecoratedOperator): log_sql_query>, print_the_context already registered for DAG: example_python_operator
[2023-03-26T18:35:20.186+0000] {logging_mixin.py:137} INFO - [2023-03-26T18:35:20.186+0000] {taskmixin.py:211} WARNING - Dependency <Task(_PythonDecoratedOperator): print_the_context>, log_sql_query already registered for DAG: example_python_operator
[2023-03-26T18:35:20.186+0000] {logging_mixin.py:137} INFO - [2023-03-26T18:35:20.186+0000] {taskmixin.py:211} WARNING - Dependency <Task(_PythonDecoratedOperator): log_sql_query>, print_the_context already registered for DAG: example_python_operator
[2023-03-26T18:35:20.187+0000] {logging_mixin.py:137} INFO - [2023-03-26T18:35:20.187+0000] {taskmixin.py:211} WARNING - Dependency <Task(_PythonDecoratedOperator): print_the_context>, log_sql_query already registered for DAG: example_python_operator
[2023-03-26T18:35:20.189+0000] {logging_mixin.py:137} INFO - [2023-03-26T18:35:20.188+0000] {taskmixin.py:211} WARNING - Dependency <Task(_PythonDecoratedOperator): log_sql_query>, print_the_context already registered for DAG: example_python_operator
[2023-03-26T18:35:20.199+0000] {processor.py:753} INFO - DAG(s) dict_keys(['example_python_operator']) retrieved from /home/airflow/.local/lib/python3.7/site-packages/airflow/example_dags/example_python_operator.py
[2023-03-26T18:35:20.231+0000] {logging_mixin.py:137} INFO - [2023-03-26T18:35:20.231+0000] {dag.py:2693} INFO - Sync 1 DAGs
[2023-03-26T18:35:20.263+0000] {logging_mixin.py:137} INFO - [2023-03-26T18:35:20.263+0000] {dag.py:3444} INFO - Setting next_dagrun for example_python_operator to None, run_after=None
[2023-03-26T18:35:20.288+0000] {processor.py:175} INFO - Processing /home/airflow/.local/lib/python3.7/site-packages/airflow/example_dags/example_python_operator.py took 0.170 seconds
[2023-03-26T18:35:51.148+0000] {processor.py:153} INFO - Started process (PID=1126) to work on /home/airflow/.local/lib/python3.7/site-packages/airflow/example_dags/example_python_operator.py
[2023-03-26T18:35:51.150+0000] {processor.py:743} INFO - Processing file /home/airflow/.local/lib/python3.7/site-packages/airflow/example_dags/example_python_operator.py for tasks to queue
[2023-03-26T18:35:51.151+0000] {logging_mixin.py:137} INFO - [2023-03-26T18:35:51.151+0000] {dagbag.py:532} INFO - Filling up the DagBag from /home/airflow/.local/lib/python3.7/site-packages/airflow/example_dags/example_python_operator.py
[2023-03-26T18:35:51.167+0000] {logging_mixin.py:137} INFO - [2023-03-26T18:35:51.167+0000] {taskmixin.py:211} WARNING - Dependency <Task(_PythonDecoratedOperator): print_the_context>, log_sql_query already registered for DAG: example_python_operator
[2023-03-26T18:35:51.168+0000] {logging_mixin.py:137} INFO - [2023-03-26T18:35:51.168+0000] {taskmixin.py:211} WARNING - Dependency <Task(_PythonDecoratedOperator): log_sql_query>, print_the_context already registered for DAG: example_python_operator
[2023-03-26T18:35:51.169+0000] {logging_mixin.py:137} INFO - [2023-03-26T18:35:51.169+0000] {taskmixin.py:211} WARNING - Dependency <Task(_PythonDecoratedOperator): print_the_context>, log_sql_query already registered for DAG: example_python_operator
[2023-03-26T18:35:51.170+0000] {logging_mixin.py:137} INFO - [2023-03-26T18:35:51.169+0000] {taskmixin.py:211} WARNING - Dependency <Task(_PythonDecoratedOperator): log_sql_query>, print_the_context already registered for DAG: example_python_operator
[2023-03-26T18:35:51.170+0000] {logging_mixin.py:137} INFO - [2023-03-26T18:35:51.170+0000] {taskmixin.py:211} WARNING - Dependency <Task(_PythonDecoratedOperator): print_the_context>, log_sql_query already registered for DAG: example_python_operator
[2023-03-26T18:35:51.171+0000] {logging_mixin.py:137} INFO - [2023-03-26T18:35:51.171+0000] {taskmixin.py:211} WARNING - Dependency <Task(_PythonDecoratedOperator): log_sql_query>, print_the_context already registered for DAG: example_python_operator
[2023-03-26T18:35:51.172+0000] {logging_mixin.py:137} INFO - [2023-03-26T18:35:51.172+0000] {taskmixin.py:211} WARNING - Dependency <Task(_PythonDecoratedOperator): print_the_context>, log_sql_query already registered for DAG: example_python_operator
[2023-03-26T18:35:51.172+0000] {logging_mixin.py:137} INFO - [2023-03-26T18:35:51.172+0000] {taskmixin.py:211} WARNING - Dependency <Task(_PythonDecoratedOperator): log_sql_query>, print_the_context already registered for DAG: example_python_operator
[2023-03-26T18:35:51.179+0000] {processor.py:753} INFO - DAG(s) dict_keys(['example_python_operator']) retrieved from /home/airflow/.local/lib/python3.7/site-packages/airflow/example_dags/example_python_operator.py
[2023-03-26T18:35:51.201+0000] {logging_mixin.py:137} INFO - [2023-03-26T18:35:51.201+0000] {dag.py:2693} INFO - Sync 1 DAGs
[2023-03-26T18:35:51.219+0000] {logging_mixin.py:137} INFO - [2023-03-26T18:35:51.219+0000] {dag.py:3444} INFO - Setting next_dagrun for example_python_operator to None, run_after=None
[2023-03-26T18:35:51.237+0000] {processor.py:175} INFO - Processing /home/airflow/.local/lib/python3.7/site-packages/airflow/example_dags/example_python_operator.py took 0.092 seconds
[2023-03-26T18:36:21.900+0000] {processor.py:153} INFO - Started process (PID=1343) to work on /home/airflow/.local/lib/python3.7/site-packages/airflow/example_dags/example_python_operator.py
[2023-03-26T18:36:21.902+0000] {processor.py:743} INFO - Processing file /home/airflow/.local/lib/python3.7/site-packages/airflow/example_dags/example_python_operator.py for tasks to queue
[2023-03-26T18:36:21.903+0000] {logging_mixin.py:137} INFO - [2023-03-26T18:36:21.903+0000] {dagbag.py:532} INFO - Filling up the DagBag from /home/airflow/.local/lib/python3.7/site-packages/airflow/example_dags/example_python_operator.py
[2023-03-26T18:36:21.923+0000] {logging_mixin.py:137} INFO - [2023-03-26T18:36:21.922+0000] {taskmixin.py:211} WARNING - Dependency <Task(_PythonDecoratedOperator): print_the_context>, log_sql_query already registered for DAG: example_python_operator
[2023-03-26T18:36:21.923+0000] {logging_mixin.py:137} INFO - [2023-03-26T18:36:21.923+0000] {taskmixin.py:211} WARNING - Dependency <Task(_PythonDecoratedOperator): log_sql_query>, print_the_context already registered for DAG: example_python_operator
[2023-03-26T18:36:21.925+0000] {logging_mixin.py:137} INFO - [2023-03-26T18:36:21.925+0000] {taskmixin.py:211} WARNING - Dependency <Task(_PythonDecoratedOperator): print_the_context>, log_sql_query already registered for DAG: example_python_operator
[2023-03-26T18:36:21.926+0000] {logging_mixin.py:137} INFO - [2023-03-26T18:36:21.926+0000] {taskmixin.py:211} WARNING - Dependency <Task(_PythonDecoratedOperator): log_sql_query>, print_the_context already registered for DAG: example_python_operator
[2023-03-26T18:36:21.927+0000] {logging_mixin.py:137} INFO - [2023-03-26T18:36:21.927+0000] {taskmixin.py:211} WARNING - Dependency <Task(_PythonDecoratedOperator): print_the_context>, log_sql_query already registered for DAG: example_python_operator
[2023-03-26T18:36:21.927+0000] {logging_mixin.py:137} INFO - [2023-03-26T18:36:21.927+0000] {taskmixin.py:211} WARNING - Dependency <Task(_PythonDecoratedOperator): log_sql_query>, print_the_context already registered for DAG: example_python_operator
[2023-03-26T18:36:21.928+0000] {logging_mixin.py:137} INFO - [2023-03-26T18:36:21.928+0000] {taskmixin.py:211} WARNING - Dependency <Task(_PythonDecoratedOperator): print_the_context>, log_sql_query already registered for DAG: example_python_operator
[2023-03-26T18:36:21.929+0000] {logging_mixin.py:137} INFO - [2023-03-26T18:36:21.929+0000] {taskmixin.py:211} WARNING - Dependency <Task(_PythonDecoratedOperator): log_sql_query>, print_the_context already registered for DAG: example_python_operator
[2023-03-26T18:36:21.935+0000] {processor.py:753} INFO - DAG(s) dict_keys(['example_python_operator']) retrieved from /home/airflow/.local/lib/python3.7/site-packages/airflow/example_dags/example_python_operator.py
[2023-03-26T18:36:21.969+0000] {logging_mixin.py:137} INFO - [2023-03-26T18:36:21.969+0000] {dag.py:2693} INFO - Sync 1 DAGs
[2023-03-26T18:36:21.992+0000] {logging_mixin.py:137} INFO - [2023-03-26T18:36:21.992+0000] {dag.py:3444} INFO - Setting next_dagrun for example_python_operator to None, run_after=None
[2023-03-26T18:36:22.034+0000] {processor.py:175} INFO - Processing /home/airflow/.local/lib/python3.7/site-packages/airflow/example_dags/example_python_operator.py took 0.138 seconds
