[2023-03-26T00:06:10.828+0000] {processor.py:153} INFO - Started process (PID=288) to work on /home/airflow/.local/lib/python3.7/site-packages/airflow/example_dags/example_sensor_decorator.py
[2023-03-26T00:06:10.832+0000] {processor.py:743} INFO - Processing file /home/airflow/.local/lib/python3.7/site-packages/airflow/example_dags/example_sensor_decorator.py for tasks to queue
[2023-03-26T00:06:10.833+0000] {logging_mixin.py:137} INFO - [2023-03-26T00:06:10.833+0000] {dagbag.py:532} INFO - Filling up the DagBag from /home/airflow/.local/lib/python3.7/site-packages/airflow/example_dags/example_sensor_decorator.py
[2023-03-26T00:06:10.872+0000] {processor.py:753} INFO - DAG(s) dict_keys(['example_sensor_decorator']) retrieved from /home/airflow/.local/lib/python3.7/site-packages/airflow/example_dags/example_sensor_decorator.py
[2023-03-26T00:06:10.897+0000] {logging_mixin.py:137} INFO - [2023-03-26T00:06:10.897+0000] {dag.py:2693} INFO - Sync 1 DAGs
[2023-03-26T00:06:10.921+0000] {logging_mixin.py:137} INFO - [2023-03-26T00:06:10.921+0000] {dag.py:3444} INFO - Setting next_dagrun for example_sensor_decorator to None, run_after=None
[2023-03-26T00:06:10.940+0000] {processor.py:175} INFO - Processing /home/airflow/.local/lib/python3.7/site-packages/airflow/example_dags/example_sensor_decorator.py took 0.115 seconds
[2023-03-26T00:06:40.979+0000] {processor.py:153} INFO - Started process (PID=507) to work on /home/airflow/.local/lib/python3.7/site-packages/airflow/example_dags/example_sensor_decorator.py
[2023-03-26T00:06:40.980+0000] {processor.py:743} INFO - Processing file /home/airflow/.local/lib/python3.7/site-packages/airflow/example_dags/example_sensor_decorator.py for tasks to queue
[2023-03-26T00:06:40.981+0000] {logging_mixin.py:137} INFO - [2023-03-26T00:06:40.981+0000] {dagbag.py:532} INFO - Filling up the DagBag from /home/airflow/.local/lib/python3.7/site-packages/airflow/example_dags/example_sensor_decorator.py
[2023-03-26T00:06:40.995+0000] {processor.py:753} INFO - DAG(s) dict_keys(['example_sensor_decorator']) retrieved from /home/airflow/.local/lib/python3.7/site-packages/airflow/example_dags/example_sensor_decorator.py
[2023-03-26T00:06:41.013+0000] {logging_mixin.py:137} INFO - [2023-03-26T00:06:41.013+0000] {dag.py:2693} INFO - Sync 1 DAGs
[2023-03-26T00:06:41.028+0000] {logging_mixin.py:137} INFO - [2023-03-26T00:06:41.028+0000] {dag.py:3444} INFO - Setting next_dagrun for example_sensor_decorator to None, run_after=None
[2023-03-26T00:06:41.039+0000] {processor.py:175} INFO - Processing /home/airflow/.local/lib/python3.7/site-packages/airflow/example_dags/example_sensor_decorator.py took 0.062 seconds
[2023-03-26T18:33:48.624+0000] {processor.py:153} INFO - Started process (PID=288) to work on /home/airflow/.local/lib/python3.7/site-packages/airflow/example_dags/example_sensor_decorator.py
[2023-03-26T18:33:48.630+0000] {processor.py:743} INFO - Processing file /home/airflow/.local/lib/python3.7/site-packages/airflow/example_dags/example_sensor_decorator.py for tasks to queue
[2023-03-26T18:33:48.631+0000] {logging_mixin.py:137} INFO - [2023-03-26T18:33:48.631+0000] {dagbag.py:532} INFO - Filling up the DagBag from /home/airflow/.local/lib/python3.7/site-packages/airflow/example_dags/example_sensor_decorator.py
[2023-03-26T18:33:48.661+0000] {processor.py:753} INFO - DAG(s) dict_keys(['example_sensor_decorator']) retrieved from /home/airflow/.local/lib/python3.7/site-packages/airflow/example_dags/example_sensor_decorator.py
[2023-03-26T18:33:48.706+0000] {logging_mixin.py:137} INFO - [2023-03-26T18:33:48.706+0000] {dag.py:2693} INFO - Sync 1 DAGs
[2023-03-26T18:33:48.753+0000] {logging_mixin.py:137} INFO - [2023-03-26T18:33:48.753+0000] {dag.py:3444} INFO - Setting next_dagrun for example_sensor_decorator to None, run_after=None
[2023-03-26T18:33:48.792+0000] {processor.py:175} INFO - Processing /home/airflow/.local/lib/python3.7/site-packages/airflow/example_dags/example_sensor_decorator.py took 0.171 seconds
[2023-03-26T18:34:19.490+0000] {processor.py:153} INFO - Started process (PID=505) to work on /home/airflow/.local/lib/python3.7/site-packages/airflow/example_dags/example_sensor_decorator.py
[2023-03-26T18:34:19.496+0000] {processor.py:743} INFO - Processing file /home/airflow/.local/lib/python3.7/site-packages/airflow/example_dags/example_sensor_decorator.py for tasks to queue
[2023-03-26T18:34:19.498+0000] {logging_mixin.py:137} INFO - [2023-03-26T18:34:19.497+0000] {dagbag.py:532} INFO - Filling up the DagBag from /home/airflow/.local/lib/python3.7/site-packages/airflow/example_dags/example_sensor_decorator.py
[2023-03-26T18:34:19.519+0000] {processor.py:753} INFO - DAG(s) dict_keys(['example_sensor_decorator']) retrieved from /home/airflow/.local/lib/python3.7/site-packages/airflow/example_dags/example_sensor_decorator.py
[2023-03-26T18:34:19.535+0000] {logging_mixin.py:137} INFO - [2023-03-26T18:34:19.535+0000] {dag.py:2693} INFO - Sync 1 DAGs
[2023-03-26T18:34:19.556+0000] {logging_mixin.py:137} INFO - [2023-03-26T18:34:19.556+0000] {dag.py:3444} INFO - Setting next_dagrun for example_sensor_decorator to None, run_after=None
[2023-03-26T18:34:19.571+0000] {processor.py:175} INFO - Processing /home/airflow/.local/lib/python3.7/site-packages/airflow/example_dags/example_sensor_decorator.py took 0.084 seconds
[2023-03-26T18:34:49.904+0000] {processor.py:153} INFO - Started process (PID=721) to work on /home/airflow/.local/lib/python3.7/site-packages/airflow/example_dags/example_sensor_decorator.py
[2023-03-26T18:34:49.906+0000] {processor.py:743} INFO - Processing file /home/airflow/.local/lib/python3.7/site-packages/airflow/example_dags/example_sensor_decorator.py for tasks to queue
[2023-03-26T18:34:49.907+0000] {logging_mixin.py:137} INFO - [2023-03-26T18:34:49.907+0000] {dagbag.py:532} INFO - Filling up the DagBag from /home/airflow/.local/lib/python3.7/site-packages/airflow/example_dags/example_sensor_decorator.py
[2023-03-26T18:34:49.929+0000] {processor.py:753} INFO - DAG(s) dict_keys(['example_sensor_decorator']) retrieved from /home/airflow/.local/lib/python3.7/site-packages/airflow/example_dags/example_sensor_decorator.py
[2023-03-26T18:34:49.958+0000] {logging_mixin.py:137} INFO - [2023-03-26T18:34:49.958+0000] {dag.py:2693} INFO - Sync 1 DAGs
[2023-03-26T18:34:49.982+0000] {logging_mixin.py:137} INFO - [2023-03-26T18:34:49.982+0000] {dag.py:3444} INFO - Setting next_dagrun for example_sensor_decorator to None, run_after=None
[2023-03-26T18:34:49.999+0000] {processor.py:175} INFO - Processing /home/airflow/.local/lib/python3.7/site-packages/airflow/example_dags/example_sensor_decorator.py took 0.101 seconds
[2023-03-26T18:35:20.600+0000] {processor.py:153} INFO - Started process (PID=937) to work on /home/airflow/.local/lib/python3.7/site-packages/airflow/example_dags/example_sensor_decorator.py
[2023-03-26T18:35:20.602+0000] {processor.py:743} INFO - Processing file /home/airflow/.local/lib/python3.7/site-packages/airflow/example_dags/example_sensor_decorator.py for tasks to queue
[2023-03-26T18:35:20.603+0000] {logging_mixin.py:137} INFO - [2023-03-26T18:35:20.603+0000] {dagbag.py:532} INFO - Filling up the DagBag from /home/airflow/.local/lib/python3.7/site-packages/airflow/example_dags/example_sensor_decorator.py
[2023-03-26T18:35:20.626+0000] {processor.py:753} INFO - DAG(s) dict_keys(['example_sensor_decorator']) retrieved from /home/airflow/.local/lib/python3.7/site-packages/airflow/example_dags/example_sensor_decorator.py
[2023-03-26T18:35:20.650+0000] {logging_mixin.py:137} INFO - [2023-03-26T18:35:20.650+0000] {dag.py:2693} INFO - Sync 1 DAGs
[2023-03-26T18:35:20.672+0000] {logging_mixin.py:137} INFO - [2023-03-26T18:35:20.671+0000] {dag.py:3444} INFO - Setting next_dagrun for example_sensor_decorator to None, run_after=None
[2023-03-26T18:35:20.689+0000] {processor.py:175} INFO - Processing /home/airflow/.local/lib/python3.7/site-packages/airflow/example_dags/example_sensor_decorator.py took 0.093 seconds
[2023-03-26T18:35:51.476+0000] {processor.py:153} INFO - Started process (PID=1154) to work on /home/airflow/.local/lib/python3.7/site-packages/airflow/example_dags/example_sensor_decorator.py
[2023-03-26T18:35:51.477+0000] {processor.py:743} INFO - Processing file /home/airflow/.local/lib/python3.7/site-packages/airflow/example_dags/example_sensor_decorator.py for tasks to queue
[2023-03-26T18:35:51.478+0000] {logging_mixin.py:137} INFO - [2023-03-26T18:35:51.478+0000] {dagbag.py:532} INFO - Filling up the DagBag from /home/airflow/.local/lib/python3.7/site-packages/airflow/example_dags/example_sensor_decorator.py
[2023-03-26T18:35:51.498+0000] {processor.py:753} INFO - DAG(s) dict_keys(['example_sensor_decorator']) retrieved from /home/airflow/.local/lib/python3.7/site-packages/airflow/example_dags/example_sensor_decorator.py
[2023-03-26T18:35:51.526+0000] {logging_mixin.py:137} INFO - [2023-03-26T18:35:51.526+0000] {dag.py:2693} INFO - Sync 1 DAGs
[2023-03-26T18:35:51.544+0000] {logging_mixin.py:137} INFO - [2023-03-26T18:35:51.544+0000] {dag.py:3444} INFO - Setting next_dagrun for example_sensor_decorator to None, run_after=None
[2023-03-26T18:35:51.561+0000] {processor.py:175} INFO - Processing /home/airflow/.local/lib/python3.7/site-packages/airflow/example_dags/example_sensor_decorator.py took 0.089 seconds
[2023-03-26T18:36:22.398+0000] {processor.py:153} INFO - Started process (PID=1371) to work on /home/airflow/.local/lib/python3.7/site-packages/airflow/example_dags/example_sensor_decorator.py
[2023-03-26T18:36:22.400+0000] {processor.py:743} INFO - Processing file /home/airflow/.local/lib/python3.7/site-packages/airflow/example_dags/example_sensor_decorator.py for tasks to queue
[2023-03-26T18:36:22.401+0000] {logging_mixin.py:137} INFO - [2023-03-26T18:36:22.401+0000] {dagbag.py:532} INFO - Filling up the DagBag from /home/airflow/.local/lib/python3.7/site-packages/airflow/example_dags/example_sensor_decorator.py
[2023-03-26T18:36:22.421+0000] {processor.py:753} INFO - DAG(s) dict_keys(['example_sensor_decorator']) retrieved from /home/airflow/.local/lib/python3.7/site-packages/airflow/example_dags/example_sensor_decorator.py
[2023-03-26T18:36:22.443+0000] {logging_mixin.py:137} INFO - [2023-03-26T18:36:22.443+0000] {dag.py:2693} INFO - Sync 1 DAGs
[2023-03-26T18:36:22.463+0000] {logging_mixin.py:137} INFO - [2023-03-26T18:36:22.463+0000] {dag.py:3444} INFO - Setting next_dagrun for example_sensor_decorator to None, run_after=None
[2023-03-26T18:36:22.479+0000] {processor.py:175} INFO - Processing /home/airflow/.local/lib/python3.7/site-packages/airflow/example_dags/example_sensor_decorator.py took 0.084 seconds
