[2023-03-26T00:06:11.218+0000] {processor.py:153} INFO - Started process (PID=313) to work on /home/airflow/.local/lib/python3.7/site-packages/airflow/example_dags/example_task_group_decorator.py
[2023-03-26T00:06:11.222+0000] {processor.py:743} INFO - Processing file /home/airflow/.local/lib/python3.7/site-packages/airflow/example_dags/example_task_group_decorator.py for tasks to queue
[2023-03-26T00:06:11.223+0000] {logging_mixin.py:137} INFO - [2023-03-26T00:06:11.223+0000] {dagbag.py:532} INFO - Filling up the DagBag from /home/airflow/.local/lib/python3.7/site-packages/airflow/example_dags/example_task_group_decorator.py
[2023-03-26T00:06:11.241+0000] {processor.py:753} INFO - DAG(s) dict_keys(['example_task_group_decorator']) retrieved from /home/airflow/.local/lib/python3.7/site-packages/airflow/example_dags/example_task_group_decorator.py
[2023-03-26T00:06:11.264+0000] {logging_mixin.py:137} INFO - [2023-03-26T00:06:11.263+0000] {dag.py:2693} INFO - Sync 1 DAGs
[2023-03-26T00:06:11.280+0000] {logging_mixin.py:137} INFO - [2023-03-26T00:06:11.280+0000] {dag.py:3444} INFO - Setting next_dagrun for example_task_group_decorator to 2023-03-25T00:06:11.279956+00:00, run_after=2023-03-26T00:06:11.279956+00:00
[2023-03-26T00:06:11.292+0000] {processor.py:175} INFO - Processing /home/airflow/.local/lib/python3.7/site-packages/airflow/example_dags/example_task_group_decorator.py took 0.077 seconds
[2023-03-26T00:06:41.332+0000] {processor.py:153} INFO - Started process (PID=529) to work on /home/airflow/.local/lib/python3.7/site-packages/airflow/example_dags/example_task_group_decorator.py
[2023-03-26T00:06:41.334+0000] {processor.py:743} INFO - Processing file /home/airflow/.local/lib/python3.7/site-packages/airflow/example_dags/example_task_group_decorator.py for tasks to queue
[2023-03-26T00:06:41.334+0000] {logging_mixin.py:137} INFO - [2023-03-26T00:06:41.334+0000] {dagbag.py:532} INFO - Filling up the DagBag from /home/airflow/.local/lib/python3.7/site-packages/airflow/example_dags/example_task_group_decorator.py
[2023-03-26T00:06:41.354+0000] {processor.py:753} INFO - DAG(s) dict_keys(['example_task_group_decorator']) retrieved from /home/airflow/.local/lib/python3.7/site-packages/airflow/example_dags/example_task_group_decorator.py
[2023-03-26T00:06:41.380+0000] {logging_mixin.py:137} INFO - [2023-03-26T00:06:41.380+0000] {dag.py:2693} INFO - Sync 1 DAGs
[2023-03-26T00:06:41.396+0000] {logging_mixin.py:137} INFO - [2023-03-26T00:06:41.396+0000] {dag.py:3444} INFO - Setting next_dagrun for example_task_group_decorator to 2023-03-25T00:06:41.396032+00:00, run_after=2023-03-26T00:06:41.396032+00:00
[2023-03-26T00:06:41.407+0000] {processor.py:175} INFO - Processing /home/airflow/.local/lib/python3.7/site-packages/airflow/example_dags/example_task_group_decorator.py took 0.078 seconds
[2023-03-26T18:33:49.291+0000] {processor.py:153} INFO - Started process (PID=314) to work on /home/airflow/.local/lib/python3.7/site-packages/airflow/example_dags/example_task_group_decorator.py
[2023-03-26T18:33:49.293+0000] {processor.py:743} INFO - Processing file /home/airflow/.local/lib/python3.7/site-packages/airflow/example_dags/example_task_group_decorator.py for tasks to queue
[2023-03-26T18:33:49.295+0000] {logging_mixin.py:137} INFO - [2023-03-26T18:33:49.295+0000] {dagbag.py:532} INFO - Filling up the DagBag from /home/airflow/.local/lib/python3.7/site-packages/airflow/example_dags/example_task_group_decorator.py
[2023-03-26T18:33:49.349+0000] {processor.py:753} INFO - DAG(s) dict_keys(['example_task_group_decorator']) retrieved from /home/airflow/.local/lib/python3.7/site-packages/airflow/example_dags/example_task_group_decorator.py
[2023-03-26T18:33:49.392+0000] {logging_mixin.py:137} INFO - [2023-03-26T18:33:49.392+0000] {dag.py:2693} INFO - Sync 1 DAGs
[2023-03-26T18:33:49.415+0000] {logging_mixin.py:137} INFO - [2023-03-26T18:33:49.415+0000] {dag.py:3444} INFO - Setting next_dagrun for example_task_group_decorator to 2023-03-25T18:33:49.415499+00:00, run_after=2023-03-26T18:33:49.415499+00:00
[2023-03-26T18:33:49.441+0000] {processor.py:175} INFO - Processing /home/airflow/.local/lib/python3.7/site-packages/airflow/example_dags/example_task_group_decorator.py took 0.154 seconds
[2023-03-26T18:34:19.788+0000] {processor.py:153} INFO - Started process (PID=530) to work on /home/airflow/.local/lib/python3.7/site-packages/airflow/example_dags/example_task_group_decorator.py
[2023-03-26T18:34:19.791+0000] {processor.py:743} INFO - Processing file /home/airflow/.local/lib/python3.7/site-packages/airflow/example_dags/example_task_group_decorator.py for tasks to queue
[2023-03-26T18:34:19.792+0000] {logging_mixin.py:137} INFO - [2023-03-26T18:34:19.792+0000] {dagbag.py:532} INFO - Filling up the DagBag from /home/airflow/.local/lib/python3.7/site-packages/airflow/example_dags/example_task_group_decorator.py
[2023-03-26T18:34:19.822+0000] {processor.py:753} INFO - DAG(s) dict_keys(['example_task_group_decorator']) retrieved from /home/airflow/.local/lib/python3.7/site-packages/airflow/example_dags/example_task_group_decorator.py
[2023-03-26T18:34:19.838+0000] {logging_mixin.py:137} INFO - [2023-03-26T18:34:19.837+0000] {dag.py:2693} INFO - Sync 1 DAGs
[2023-03-26T18:34:19.862+0000] {logging_mixin.py:137} INFO - [2023-03-26T18:34:19.862+0000] {dag.py:3444} INFO - Setting next_dagrun for example_task_group_decorator to 2023-03-25T18:34:19.862437+00:00, run_after=2023-03-26T18:34:19.862437+00:00
[2023-03-26T18:34:19.887+0000] {processor.py:175} INFO - Processing /home/airflow/.local/lib/python3.7/site-packages/airflow/example_dags/example_task_group_decorator.py took 0.102 seconds
[2023-03-26T18:34:50.215+0000] {processor.py:153} INFO - Started process (PID=746) to work on /home/airflow/.local/lib/python3.7/site-packages/airflow/example_dags/example_task_group_decorator.py
[2023-03-26T18:34:50.216+0000] {processor.py:743} INFO - Processing file /home/airflow/.local/lib/python3.7/site-packages/airflow/example_dags/example_task_group_decorator.py for tasks to queue
[2023-03-26T18:34:50.218+0000] {logging_mixin.py:137} INFO - [2023-03-26T18:34:50.217+0000] {dagbag.py:532} INFO - Filling up the DagBag from /home/airflow/.local/lib/python3.7/site-packages/airflow/example_dags/example_task_group_decorator.py
[2023-03-26T18:34:50.242+0000] {processor.py:753} INFO - DAG(s) dict_keys(['example_task_group_decorator']) retrieved from /home/airflow/.local/lib/python3.7/site-packages/airflow/example_dags/example_task_group_decorator.py
[2023-03-26T18:34:50.271+0000] {logging_mixin.py:137} INFO - [2023-03-26T18:34:50.271+0000] {dag.py:2693} INFO - Sync 1 DAGs
[2023-03-26T18:34:50.300+0000] {logging_mixin.py:137} INFO - [2023-03-26T18:34:50.300+0000] {dag.py:3444} INFO - Setting next_dagrun for example_task_group_decorator to 2023-03-25T18:34:50.300404+00:00, run_after=2023-03-26T18:34:50.300404+00:00
[2023-03-26T18:34:50.319+0000] {processor.py:175} INFO - Processing /home/airflow/.local/lib/python3.7/site-packages/airflow/example_dags/example_task_group_decorator.py took 0.108 seconds
[2023-03-26T18:35:20.926+0000] {processor.py:153} INFO - Started process (PID=962) to work on /home/airflow/.local/lib/python3.7/site-packages/airflow/example_dags/example_task_group_decorator.py
[2023-03-26T18:35:20.928+0000] {processor.py:743} INFO - Processing file /home/airflow/.local/lib/python3.7/site-packages/airflow/example_dags/example_task_group_decorator.py for tasks to queue
[2023-03-26T18:35:20.929+0000] {logging_mixin.py:137} INFO - [2023-03-26T18:35:20.929+0000] {dagbag.py:532} INFO - Filling up the DagBag from /home/airflow/.local/lib/python3.7/site-packages/airflow/example_dags/example_task_group_decorator.py
[2023-03-26T18:35:20.953+0000] {processor.py:753} INFO - DAG(s) dict_keys(['example_task_group_decorator']) retrieved from /home/airflow/.local/lib/python3.7/site-packages/airflow/example_dags/example_task_group_decorator.py
[2023-03-26T18:35:20.979+0000] {logging_mixin.py:137} INFO - [2023-03-26T18:35:20.979+0000] {dag.py:2693} INFO - Sync 1 DAGs
[2023-03-26T18:35:21.003+0000] {logging_mixin.py:137} INFO - [2023-03-26T18:35:21.003+0000] {dag.py:3444} INFO - Setting next_dagrun for example_task_group_decorator to 2023-03-25T18:35:21.003116+00:00, run_after=2023-03-26T18:35:21.003116+00:00
[2023-03-26T18:35:21.023+0000] {processor.py:175} INFO - Processing /home/airflow/.local/lib/python3.7/site-packages/airflow/example_dags/example_task_group_decorator.py took 0.102 seconds
[2023-03-26T18:35:51.815+0000] {processor.py:153} INFO - Started process (PID=1179) to work on /home/airflow/.local/lib/python3.7/site-packages/airflow/example_dags/example_task_group_decorator.py
[2023-03-26T18:35:51.817+0000] {processor.py:743} INFO - Processing file /home/airflow/.local/lib/python3.7/site-packages/airflow/example_dags/example_task_group_decorator.py for tasks to queue
[2023-03-26T18:35:51.817+0000] {logging_mixin.py:137} INFO - [2023-03-26T18:35:51.817+0000] {dagbag.py:532} INFO - Filling up the DagBag from /home/airflow/.local/lib/python3.7/site-packages/airflow/example_dags/example_task_group_decorator.py
[2023-03-26T18:35:51.839+0000] {processor.py:753} INFO - DAG(s) dict_keys(['example_task_group_decorator']) retrieved from /home/airflow/.local/lib/python3.7/site-packages/airflow/example_dags/example_task_group_decorator.py
[2023-03-26T18:35:51.864+0000] {logging_mixin.py:137} INFO - [2023-03-26T18:35:51.864+0000] {dag.py:2693} INFO - Sync 1 DAGs
[2023-03-26T18:35:51.884+0000] {logging_mixin.py:137} INFO - [2023-03-26T18:35:51.884+0000] {dag.py:3444} INFO - Setting next_dagrun for example_task_group_decorator to 2023-03-25T18:35:51.884117+00:00, run_after=2023-03-26T18:35:51.884117+00:00
[2023-03-26T18:35:51.901+0000] {processor.py:175} INFO - Processing /home/airflow/.local/lib/python3.7/site-packages/airflow/example_dags/example_task_group_decorator.py took 0.088 seconds
[2023-03-26T18:36:22.748+0000] {processor.py:153} INFO - Started process (PID=1398) to work on /home/airflow/.local/lib/python3.7/site-packages/airflow/example_dags/example_task_group_decorator.py
[2023-03-26T18:36:22.749+0000] {processor.py:743} INFO - Processing file /home/airflow/.local/lib/python3.7/site-packages/airflow/example_dags/example_task_group_decorator.py for tasks to queue
[2023-03-26T18:36:22.750+0000] {logging_mixin.py:137} INFO - [2023-03-26T18:36:22.750+0000] {dagbag.py:532} INFO - Filling up the DagBag from /home/airflow/.local/lib/python3.7/site-packages/airflow/example_dags/example_task_group_decorator.py
[2023-03-26T18:36:22.774+0000] {processor.py:753} INFO - DAG(s) dict_keys(['example_task_group_decorator']) retrieved from /home/airflow/.local/lib/python3.7/site-packages/airflow/example_dags/example_task_group_decorator.py
[2023-03-26T18:36:22.798+0000] {logging_mixin.py:137} INFO - [2023-03-26T18:36:22.798+0000] {dag.py:2693} INFO - Sync 1 DAGs
[2023-03-26T18:36:22.815+0000] {logging_mixin.py:137} INFO - [2023-03-26T18:36:22.815+0000] {dag.py:3444} INFO - Setting next_dagrun for example_task_group_decorator to 2023-03-25T18:36:22.815550+00:00, run_after=2023-03-26T18:36:22.815550+00:00
[2023-03-26T18:36:22.829+0000] {processor.py:175} INFO - Processing /home/airflow/.local/lib/python3.7/site-packages/airflow/example_dags/example_task_group_decorator.py took 0.088 seconds
