[2023-03-26T00:06:09.819+0000] {processor.py:153} INFO - Started process (PID=228) to work on /home/airflow/.local/lib/python3.7/site-packages/airflow/example_dags/example_time_delta_sensor_async.py
[2023-03-26T00:06:09.820+0000] {processor.py:743} INFO - Processing file /home/airflow/.local/lib/python3.7/site-packages/airflow/example_dags/example_time_delta_sensor_async.py for tasks to queue
[2023-03-26T00:06:09.821+0000] {logging_mixin.py:137} INFO - [2023-03-26T00:06:09.821+0000] {dagbag.py:532} INFO - Filling up the DagBag from /home/airflow/.local/lib/python3.7/site-packages/airflow/example_dags/example_time_delta_sensor_async.py
[2023-03-26T00:06:09.831+0000] {processor.py:753} INFO - DAG(s) dict_keys(['example_time_delta_sensor_async']) retrieved from /home/airflow/.local/lib/python3.7/site-packages/airflow/example_dags/example_time_delta_sensor_async.py
[2023-03-26T00:06:09.859+0000] {logging_mixin.py:137} INFO - [2023-03-26T00:06:09.859+0000] {dag.py:2693} INFO - Sync 1 DAGs
[2023-03-26T00:06:09.886+0000] {logging_mixin.py:137} INFO - [2023-03-26T00:06:09.886+0000] {dag.py:3444} INFO - Setting next_dagrun for example_time_delta_sensor_async to None, run_after=None
[2023-03-26T00:06:09.905+0000] {processor.py:175} INFO - Processing /home/airflow/.local/lib/python3.7/site-packages/airflow/example_dags/example_time_delta_sensor_async.py took 0.089 seconds
[2023-03-26T00:06:39.965+0000] {processor.py:153} INFO - Started process (PID=440) to work on /home/airflow/.local/lib/python3.7/site-packages/airflow/example_dags/example_time_delta_sensor_async.py
[2023-03-26T00:06:39.966+0000] {processor.py:743} INFO - Processing file /home/airflow/.local/lib/python3.7/site-packages/airflow/example_dags/example_time_delta_sensor_async.py for tasks to queue
[2023-03-26T00:06:39.967+0000] {logging_mixin.py:137} INFO - [2023-03-26T00:06:39.967+0000] {dagbag.py:532} INFO - Filling up the DagBag from /home/airflow/.local/lib/python3.7/site-packages/airflow/example_dags/example_time_delta_sensor_async.py
[2023-03-26T00:06:39.976+0000] {processor.py:753} INFO - DAG(s) dict_keys(['example_time_delta_sensor_async']) retrieved from /home/airflow/.local/lib/python3.7/site-packages/airflow/example_dags/example_time_delta_sensor_async.py
[2023-03-26T00:06:39.996+0000] {logging_mixin.py:137} INFO - [2023-03-26T00:06:39.996+0000] {dag.py:2693} INFO - Sync 1 DAGs
[2023-03-26T00:06:40.013+0000] {logging_mixin.py:137} INFO - [2023-03-26T00:06:40.013+0000] {dag.py:3444} INFO - Setting next_dagrun for example_time_delta_sensor_async to None, run_after=None
[2023-03-26T00:06:40.024+0000] {processor.py:175} INFO - Processing /home/airflow/.local/lib/python3.7/site-packages/airflow/example_dags/example_time_delta_sensor_async.py took 0.063 seconds
[2023-03-26T18:33:47.311+0000] {processor.py:153} INFO - Started process (PID=228) to work on /home/airflow/.local/lib/python3.7/site-packages/airflow/example_dags/example_time_delta_sensor_async.py
[2023-03-26T18:33:47.316+0000] {processor.py:743} INFO - Processing file /home/airflow/.local/lib/python3.7/site-packages/airflow/example_dags/example_time_delta_sensor_async.py for tasks to queue
[2023-03-26T18:33:47.318+0000] {logging_mixin.py:137} INFO - [2023-03-26T18:33:47.318+0000] {dagbag.py:532} INFO - Filling up the DagBag from /home/airflow/.local/lib/python3.7/site-packages/airflow/example_dags/example_time_delta_sensor_async.py
[2023-03-26T18:33:47.361+0000] {processor.py:753} INFO - DAG(s) dict_keys(['example_time_delta_sensor_async']) retrieved from /home/airflow/.local/lib/python3.7/site-packages/airflow/example_dags/example_time_delta_sensor_async.py
[2023-03-26T18:33:47.402+0000] {logging_mixin.py:137} INFO - [2023-03-26T18:33:47.402+0000] {dag.py:2693} INFO - Sync 1 DAGs
[2023-03-26T18:33:47.431+0000] {logging_mixin.py:137} INFO - [2023-03-26T18:33:47.431+0000] {dag.py:3444} INFO - Setting next_dagrun for example_time_delta_sensor_async to None, run_after=None
[2023-03-26T18:33:47.452+0000] {processor.py:175} INFO - Processing /home/airflow/.local/lib/python3.7/site-packages/airflow/example_dags/example_time_delta_sensor_async.py took 0.152 seconds
[2023-03-26T18:34:17.494+0000] {processor.py:153} INFO - Started process (PID=442) to work on /home/airflow/.local/lib/python3.7/site-packages/airflow/example_dags/example_time_delta_sensor_async.py
[2023-03-26T18:34:17.496+0000] {processor.py:743} INFO - Processing file /home/airflow/.local/lib/python3.7/site-packages/airflow/example_dags/example_time_delta_sensor_async.py for tasks to queue
[2023-03-26T18:34:17.497+0000] {logging_mixin.py:137} INFO - [2023-03-26T18:34:17.497+0000] {dagbag.py:532} INFO - Filling up the DagBag from /home/airflow/.local/lib/python3.7/site-packages/airflow/example_dags/example_time_delta_sensor_async.py
[2023-03-26T18:34:17.509+0000] {processor.py:753} INFO - DAG(s) dict_keys(['example_time_delta_sensor_async']) retrieved from /home/airflow/.local/lib/python3.7/site-packages/airflow/example_dags/example_time_delta_sensor_async.py
[2023-03-26T18:34:17.524+0000] {logging_mixin.py:137} INFO - [2023-03-26T18:34:17.524+0000] {dag.py:2693} INFO - Sync 1 DAGs
[2023-03-26T18:34:17.548+0000] {logging_mixin.py:137} INFO - [2023-03-26T18:34:17.548+0000] {dag.py:3444} INFO - Setting next_dagrun for example_time_delta_sensor_async to None, run_after=None
[2023-03-26T18:34:17.569+0000] {processor.py:175} INFO - Processing /home/airflow/.local/lib/python3.7/site-packages/airflow/example_dags/example_time_delta_sensor_async.py took 0.078 seconds
[2023-03-26T18:34:47.647+0000] {processor.py:153} INFO - Started process (PID=656) to work on /home/airflow/.local/lib/python3.7/site-packages/airflow/example_dags/example_time_delta_sensor_async.py
[2023-03-26T18:34:47.649+0000] {processor.py:743} INFO - Processing file /home/airflow/.local/lib/python3.7/site-packages/airflow/example_dags/example_time_delta_sensor_async.py for tasks to queue
[2023-03-26T18:34:47.650+0000] {logging_mixin.py:137} INFO - [2023-03-26T18:34:47.650+0000] {dagbag.py:532} INFO - Filling up the DagBag from /home/airflow/.local/lib/python3.7/site-packages/airflow/example_dags/example_time_delta_sensor_async.py
[2023-03-26T18:34:47.661+0000] {processor.py:753} INFO - DAG(s) dict_keys(['example_time_delta_sensor_async']) retrieved from /home/airflow/.local/lib/python3.7/site-packages/airflow/example_dags/example_time_delta_sensor_async.py
[2023-03-26T18:34:47.682+0000] {logging_mixin.py:137} INFO - [2023-03-26T18:34:47.682+0000] {dag.py:2693} INFO - Sync 1 DAGs
[2023-03-26T18:34:47.700+0000] {logging_mixin.py:137} INFO - [2023-03-26T18:34:47.700+0000] {dag.py:3444} INFO - Setting next_dagrun for example_time_delta_sensor_async to None, run_after=None
[2023-03-26T18:34:47.713+0000] {processor.py:175} INFO - Processing /home/airflow/.local/lib/python3.7/site-packages/airflow/example_dags/example_time_delta_sensor_async.py took 0.070 seconds
[2023-03-26T18:35:18.634+0000] {processor.py:153} INFO - Started process (PID=877) to work on /home/airflow/.local/lib/python3.7/site-packages/airflow/example_dags/example_time_delta_sensor_async.py
[2023-03-26T18:35:18.636+0000] {processor.py:743} INFO - Processing file /home/airflow/.local/lib/python3.7/site-packages/airflow/example_dags/example_time_delta_sensor_async.py for tasks to queue
[2023-03-26T18:35:18.637+0000] {logging_mixin.py:137} INFO - [2023-03-26T18:35:18.637+0000] {dagbag.py:532} INFO - Filling up the DagBag from /home/airflow/.local/lib/python3.7/site-packages/airflow/example_dags/example_time_delta_sensor_async.py
[2023-03-26T18:35:18.649+0000] {processor.py:753} INFO - DAG(s) dict_keys(['example_time_delta_sensor_async']) retrieved from /home/airflow/.local/lib/python3.7/site-packages/airflow/example_dags/example_time_delta_sensor_async.py
[2023-03-26T18:35:18.677+0000] {logging_mixin.py:137} INFO - [2023-03-26T18:35:18.677+0000] {dag.py:2693} INFO - Sync 1 DAGs
[2023-03-26T18:35:18.708+0000] {logging_mixin.py:137} INFO - [2023-03-26T18:35:18.707+0000] {dag.py:3444} INFO - Setting next_dagrun for example_time_delta_sensor_async to None, run_after=None
[2023-03-26T18:35:18.739+0000] {processor.py:175} INFO - Processing /home/airflow/.local/lib/python3.7/site-packages/airflow/example_dags/example_time_delta_sensor_async.py took 0.109 seconds
[2023-03-26T18:35:49.539+0000] {processor.py:153} INFO - Started process (PID=1094) to work on /home/airflow/.local/lib/python3.7/site-packages/airflow/example_dags/example_time_delta_sensor_async.py
[2023-03-26T18:35:49.545+0000] {processor.py:743} INFO - Processing file /home/airflow/.local/lib/python3.7/site-packages/airflow/example_dags/example_time_delta_sensor_async.py for tasks to queue
[2023-03-26T18:35:49.548+0000] {logging_mixin.py:137} INFO - [2023-03-26T18:35:49.548+0000] {dagbag.py:532} INFO - Filling up the DagBag from /home/airflow/.local/lib/python3.7/site-packages/airflow/example_dags/example_time_delta_sensor_async.py
[2023-03-26T18:35:49.582+0000] {processor.py:753} INFO - DAG(s) dict_keys(['example_time_delta_sensor_async']) retrieved from /home/airflow/.local/lib/python3.7/site-packages/airflow/example_dags/example_time_delta_sensor_async.py
[2023-03-26T18:35:49.649+0000] {logging_mixin.py:137} INFO - [2023-03-26T18:35:49.648+0000] {dag.py:2693} INFO - Sync 1 DAGs
[2023-03-26T18:35:49.712+0000] {logging_mixin.py:137} INFO - [2023-03-26T18:35:49.712+0000] {dag.py:3444} INFO - Setting next_dagrun for example_time_delta_sensor_async to None, run_after=None
[2023-03-26T18:35:49.746+0000] {processor.py:175} INFO - Processing /home/airflow/.local/lib/python3.7/site-packages/airflow/example_dags/example_time_delta_sensor_async.py took 0.210 seconds
[2023-03-26T18:36:20.537+0000] {processor.py:153} INFO - Started process (PID=1311) to work on /home/airflow/.local/lib/python3.7/site-packages/airflow/example_dags/example_time_delta_sensor_async.py
[2023-03-26T18:36:20.538+0000] {processor.py:743} INFO - Processing file /home/airflow/.local/lib/python3.7/site-packages/airflow/example_dags/example_time_delta_sensor_async.py for tasks to queue
[2023-03-26T18:36:20.539+0000] {logging_mixin.py:137} INFO - [2023-03-26T18:36:20.539+0000] {dagbag.py:532} INFO - Filling up the DagBag from /home/airflow/.local/lib/python3.7/site-packages/airflow/example_dags/example_time_delta_sensor_async.py
[2023-03-26T18:36:20.551+0000] {processor.py:753} INFO - DAG(s) dict_keys(['example_time_delta_sensor_async']) retrieved from /home/airflow/.local/lib/python3.7/site-packages/airflow/example_dags/example_time_delta_sensor_async.py
[2023-03-26T18:36:20.578+0000] {logging_mixin.py:137} INFO - [2023-03-26T18:36:20.577+0000] {dag.py:2693} INFO - Sync 1 DAGs
[2023-03-26T18:36:20.597+0000] {logging_mixin.py:137} INFO - [2023-03-26T18:36:20.597+0000] {dag.py:3444} INFO - Setting next_dagrun for example_time_delta_sensor_async to None, run_after=None
[2023-03-26T18:36:20.609+0000] {processor.py:175} INFO - Processing /home/airflow/.local/lib/python3.7/site-packages/airflow/example_dags/example_time_delta_sensor_async.py took 0.077 seconds
