[2023-03-26T00:06:09.939+0000] {processor.py:153} INFO - Started process (PID=233) to work on /home/airflow/.local/lib/python3.7/site-packages/airflow/example_dags/example_external_task_marker_dag.py
[2023-03-26T00:06:09.940+0000] {processor.py:743} INFO - Processing file /home/airflow/.local/lib/python3.7/site-packages/airflow/example_dags/example_external_task_marker_dag.py for tasks to queue
[2023-03-26T00:06:09.940+0000] {logging_mixin.py:137} INFO - [2023-03-26T00:06:09.940+0000] {dagbag.py:532} INFO - Filling up the DagBag from /home/airflow/.local/lib/python3.7/site-packages/airflow/example_dags/example_external_task_marker_dag.py
[2023-03-26T00:06:09.959+0000] {processor.py:753} INFO - DAG(s) dict_keys(['example_external_task_marker_child', 'example_external_task_marker_parent']) retrieved from /home/airflow/.local/lib/python3.7/site-packages/airflow/example_dags/example_external_task_marker_dag.py
[2023-03-26T00:06:10.041+0000] {logging_mixin.py:137} INFO - [2023-03-26T00:06:10.041+0000] {dag.py:2693} INFO - Sync 2 DAGs
[2023-03-26T00:06:10.070+0000] {logging_mixin.py:137} INFO - [2023-03-26T00:06:10.070+0000] {dag.py:3444} INFO - Setting next_dagrun for example_external_task_marker_child to None, run_after=None
[2023-03-26T00:06:10.073+0000] {logging_mixin.py:137} INFO - [2023-03-26T00:06:10.073+0000] {dag.py:3444} INFO - Setting next_dagrun for example_external_task_marker_parent to None, run_after=None
[2023-03-26T00:06:10.100+0000] {processor.py:175} INFO - Processing /home/airflow/.local/lib/python3.7/site-packages/airflow/example_dags/example_external_task_marker_dag.py took 0.164 seconds
[2023-03-26T00:06:40.126+0000] {processor.py:153} INFO - Started process (PID=452) to work on /home/airflow/.local/lib/python3.7/site-packages/airflow/example_dags/example_external_task_marker_dag.py
[2023-03-26T00:06:40.127+0000] {processor.py:743} INFO - Processing file /home/airflow/.local/lib/python3.7/site-packages/airflow/example_dags/example_external_task_marker_dag.py for tasks to queue
[2023-03-26T00:06:40.128+0000] {logging_mixin.py:137} INFO - [2023-03-26T00:06:40.128+0000] {dagbag.py:532} INFO - Filling up the DagBag from /home/airflow/.local/lib/python3.7/site-packages/airflow/example_dags/example_external_task_marker_dag.py
[2023-03-26T00:06:40.137+0000] {processor.py:753} INFO - DAG(s) dict_keys(['example_external_task_marker_parent', 'example_external_task_marker_child']) retrieved from /home/airflow/.local/lib/python3.7/site-packages/airflow/example_dags/example_external_task_marker_dag.py
[2023-03-26T00:06:40.159+0000] {logging_mixin.py:137} INFO - [2023-03-26T00:06:40.159+0000] {dag.py:2693} INFO - Sync 2 DAGs
[2023-03-26T00:06:40.174+0000] {logging_mixin.py:137} INFO - [2023-03-26T00:06:40.174+0000] {dag.py:3444} INFO - Setting next_dagrun for example_external_task_marker_child to None, run_after=None
[2023-03-26T00:06:40.177+0000] {logging_mixin.py:137} INFO - [2023-03-26T00:06:40.177+0000] {dag.py:3444} INFO - Setting next_dagrun for example_external_task_marker_parent to None, run_after=None
[2023-03-26T00:06:40.187+0000] {processor.py:175} INFO - Processing /home/airflow/.local/lib/python3.7/site-packages/airflow/example_dags/example_external_task_marker_dag.py took 0.064 seconds
[2023-03-26T18:33:47.490+0000] {processor.py:153} INFO - Started process (PID=235) to work on /home/airflow/.local/lib/python3.7/site-packages/airflow/example_dags/example_external_task_marker_dag.py
[2023-03-26T18:33:47.492+0000] {processor.py:743} INFO - Processing file /home/airflow/.local/lib/python3.7/site-packages/airflow/example_dags/example_external_task_marker_dag.py for tasks to queue
[2023-03-26T18:33:47.494+0000] {logging_mixin.py:137} INFO - [2023-03-26T18:33:47.494+0000] {dagbag.py:532} INFO - Filling up the DagBag from /home/airflow/.local/lib/python3.7/site-packages/airflow/example_dags/example_external_task_marker_dag.py
[2023-03-26T18:33:47.509+0000] {processor.py:753} INFO - DAG(s) dict_keys(['example_external_task_marker_child', 'example_external_task_marker_parent']) retrieved from /home/airflow/.local/lib/python3.7/site-packages/airflow/example_dags/example_external_task_marker_dag.py
[2023-03-26T18:33:47.621+0000] {logging_mixin.py:137} INFO - [2023-03-26T18:33:47.621+0000] {dag.py:2693} INFO - Sync 2 DAGs
[2023-03-26T18:33:47.679+0000] {logging_mixin.py:137} INFO - [2023-03-26T18:33:47.679+0000] {dag.py:3444} INFO - Setting next_dagrun for example_external_task_marker_child to None, run_after=None
[2023-03-26T18:33:47.689+0000] {logging_mixin.py:137} INFO - [2023-03-26T18:33:47.686+0000] {dag.py:3444} INFO - Setting next_dagrun for example_external_task_marker_parent to None, run_after=None
[2023-03-26T18:33:47.734+0000] {processor.py:175} INFO - Processing /home/airflow/.local/lib/python3.7/site-packages/airflow/example_dags/example_external_task_marker_dag.py took 0.248 seconds
[2023-03-26T18:34:17.856+0000] {processor.py:153} INFO - Started process (PID=457) to work on /home/airflow/.local/lib/python3.7/site-packages/airflow/example_dags/example_external_task_marker_dag.py
[2023-03-26T18:34:17.858+0000] {processor.py:743} INFO - Processing file /home/airflow/.local/lib/python3.7/site-packages/airflow/example_dags/example_external_task_marker_dag.py for tasks to queue
[2023-03-26T18:34:17.859+0000] {logging_mixin.py:137} INFO - [2023-03-26T18:34:17.859+0000] {dagbag.py:532} INFO - Filling up the DagBag from /home/airflow/.local/lib/python3.7/site-packages/airflow/example_dags/example_external_task_marker_dag.py
[2023-03-26T18:34:17.873+0000] {processor.py:753} INFO - DAG(s) dict_keys(['example_external_task_marker_parent', 'example_external_task_marker_child']) retrieved from /home/airflow/.local/lib/python3.7/site-packages/airflow/example_dags/example_external_task_marker_dag.py
[2023-03-26T18:34:17.891+0000] {logging_mixin.py:137} INFO - [2023-03-26T18:34:17.890+0000] {dag.py:2693} INFO - Sync 2 DAGs
[2023-03-26T18:34:17.917+0000] {logging_mixin.py:137} INFO - [2023-03-26T18:34:17.917+0000] {dag.py:3444} INFO - Setting next_dagrun for example_external_task_marker_child to None, run_after=None
[2023-03-26T18:34:17.921+0000] {logging_mixin.py:137} INFO - [2023-03-26T18:34:17.921+0000] {dag.py:3444} INFO - Setting next_dagrun for example_external_task_marker_parent to None, run_after=None
[2023-03-26T18:34:17.938+0000] {processor.py:175} INFO - Processing /home/airflow/.local/lib/python3.7/site-packages/airflow/example_dags/example_external_task_marker_dag.py took 0.087 seconds
[2023-03-26T18:34:48.018+0000] {processor.py:153} INFO - Started process (PID=673) to work on /home/airflow/.local/lib/python3.7/site-packages/airflow/example_dags/example_external_task_marker_dag.py
[2023-03-26T18:34:48.020+0000] {processor.py:743} INFO - Processing file /home/airflow/.local/lib/python3.7/site-packages/airflow/example_dags/example_external_task_marker_dag.py for tasks to queue
[2023-03-26T18:34:48.021+0000] {logging_mixin.py:137} INFO - [2023-03-26T18:34:48.021+0000] {dagbag.py:532} INFO - Filling up the DagBag from /home/airflow/.local/lib/python3.7/site-packages/airflow/example_dags/example_external_task_marker_dag.py
[2023-03-26T18:34:48.044+0000] {processor.py:753} INFO - DAG(s) dict_keys(['example_external_task_marker_parent', 'example_external_task_marker_child']) retrieved from /home/airflow/.local/lib/python3.7/site-packages/airflow/example_dags/example_external_task_marker_dag.py
[2023-03-26T18:34:48.094+0000] {logging_mixin.py:137} INFO - [2023-03-26T18:34:48.094+0000] {dag.py:2693} INFO - Sync 2 DAGs
[2023-03-26T18:34:48.113+0000] {logging_mixin.py:137} INFO - [2023-03-26T18:34:48.112+0000] {dag.py:3444} INFO - Setting next_dagrun for example_external_task_marker_child to None, run_after=None
[2023-03-26T18:34:48.116+0000] {logging_mixin.py:137} INFO - [2023-03-26T18:34:48.116+0000] {dag.py:3444} INFO - Setting next_dagrun for example_external_task_marker_parent to None, run_after=None
[2023-03-26T18:34:48.144+0000] {processor.py:175} INFO - Processing /home/airflow/.local/lib/python3.7/site-packages/airflow/example_dags/example_external_task_marker_dag.py took 0.131 seconds
[2023-03-26T18:35:18.685+0000] {processor.py:153} INFO - Started process (PID=882) to work on /home/airflow/.local/lib/python3.7/site-packages/airflow/example_dags/example_external_task_marker_dag.py
[2023-03-26T18:35:18.688+0000] {processor.py:743} INFO - Processing file /home/airflow/.local/lib/python3.7/site-packages/airflow/example_dags/example_external_task_marker_dag.py for tasks to queue
[2023-03-26T18:35:18.695+0000] {logging_mixin.py:137} INFO - [2023-03-26T18:35:18.695+0000] {dagbag.py:532} INFO - Filling up the DagBag from /home/airflow/.local/lib/python3.7/site-packages/airflow/example_dags/example_external_task_marker_dag.py
[2023-03-26T18:35:18.718+0000] {processor.py:753} INFO - DAG(s) dict_keys(['example_external_task_marker_child', 'example_external_task_marker_parent']) retrieved from /home/airflow/.local/lib/python3.7/site-packages/airflow/example_dags/example_external_task_marker_dag.py
[2023-03-26T18:35:18.754+0000] {logging_mixin.py:137} INFO - [2023-03-26T18:35:18.754+0000] {dag.py:2693} INFO - Sync 2 DAGs
[2023-03-26T18:35:18.778+0000] {logging_mixin.py:137} INFO - [2023-03-26T18:35:18.778+0000] {dag.py:3444} INFO - Setting next_dagrun for example_external_task_marker_child to None, run_after=None
[2023-03-26T18:35:18.785+0000] {logging_mixin.py:137} INFO - [2023-03-26T18:35:18.784+0000] {dag.py:3444} INFO - Setting next_dagrun for example_external_task_marker_parent to None, run_after=None
[2023-03-26T18:35:18.801+0000] {processor.py:175} INFO - Processing /home/airflow/.local/lib/python3.7/site-packages/airflow/example_dags/example_external_task_marker_dag.py took 0.119 seconds
[2023-03-26T18:35:49.698+0000] {processor.py:153} INFO - Started process (PID=1099) to work on /home/airflow/.local/lib/python3.7/site-packages/airflow/example_dags/example_external_task_marker_dag.py
[2023-03-26T18:35:49.710+0000] {processor.py:743} INFO - Processing file /home/airflow/.local/lib/python3.7/site-packages/airflow/example_dags/example_external_task_marker_dag.py for tasks to queue
[2023-03-26T18:35:49.712+0000] {logging_mixin.py:137} INFO - [2023-03-26T18:35:49.712+0000] {dagbag.py:532} INFO - Filling up the DagBag from /home/airflow/.local/lib/python3.7/site-packages/airflow/example_dags/example_external_task_marker_dag.py
[2023-03-26T18:35:49.750+0000] {processor.py:753} INFO - DAG(s) dict_keys(['example_external_task_marker_child', 'example_external_task_marker_parent']) retrieved from /home/airflow/.local/lib/python3.7/site-packages/airflow/example_dags/example_external_task_marker_dag.py
[2023-03-26T18:35:49.788+0000] {logging_mixin.py:137} INFO - [2023-03-26T18:35:49.788+0000] {dag.py:2693} INFO - Sync 2 DAGs
[2023-03-26T18:35:49.832+0000] {logging_mixin.py:137} INFO - [2023-03-26T18:35:49.832+0000] {dag.py:3444} INFO - Setting next_dagrun for example_external_task_marker_child to None, run_after=None
[2023-03-26T18:35:49.840+0000] {logging_mixin.py:137} INFO - [2023-03-26T18:35:49.840+0000] {dag.py:3444} INFO - Setting next_dagrun for example_external_task_marker_parent to None, run_after=None
[2023-03-26T18:35:49.865+0000] {processor.py:175} INFO - Processing /home/airflow/.local/lib/python3.7/site-packages/airflow/example_dags/example_external_task_marker_dag.py took 0.171 seconds
[2023-03-26T18:36:20.594+0000] {processor.py:153} INFO - Started process (PID=1316) to work on /home/airflow/.local/lib/python3.7/site-packages/airflow/example_dags/example_external_task_marker_dag.py
[2023-03-26T18:36:20.596+0000] {processor.py:743} INFO - Processing file /home/airflow/.local/lib/python3.7/site-packages/airflow/example_dags/example_external_task_marker_dag.py for tasks to queue
[2023-03-26T18:36:20.597+0000] {logging_mixin.py:137} INFO - [2023-03-26T18:36:20.597+0000] {dagbag.py:532} INFO - Filling up the DagBag from /home/airflow/.local/lib/python3.7/site-packages/airflow/example_dags/example_external_task_marker_dag.py
[2023-03-26T18:36:20.610+0000] {processor.py:753} INFO - DAG(s) dict_keys(['example_external_task_marker_parent', 'example_external_task_marker_child']) retrieved from /home/airflow/.local/lib/python3.7/site-packages/airflow/example_dags/example_external_task_marker_dag.py
[2023-03-26T18:36:20.636+0000] {logging_mixin.py:137} INFO - [2023-03-26T18:36:20.635+0000] {dag.py:2693} INFO - Sync 2 DAGs
[2023-03-26T18:36:20.656+0000] {logging_mixin.py:137} INFO - [2023-03-26T18:36:20.656+0000] {dag.py:3444} INFO - Setting next_dagrun for example_external_task_marker_child to None, run_after=None
[2023-03-26T18:36:20.659+0000] {logging_mixin.py:137} INFO - [2023-03-26T18:36:20.659+0000] {dag.py:3444} INFO - Setting next_dagrun for example_external_task_marker_parent to None, run_after=None
[2023-03-26T18:36:20.671+0000] {processor.py:175} INFO - Processing /home/airflow/.local/lib/python3.7/site-packages/airflow/example_dags/example_external_task_marker_dag.py took 0.081 seconds
