[2023-03-26T00:06:10.295+0000] {processor.py:153} INFO - Started process (PID=253) to work on /home/airflow/.local/lib/python3.7/site-packages/airflow/example_dags/example_latest_only.py
[2023-03-26T00:06:10.298+0000] {processor.py:743} INFO - Processing file /home/airflow/.local/lib/python3.7/site-packages/airflow/example_dags/example_latest_only.py for tasks to queue
[2023-03-26T00:06:10.300+0000] {logging_mixin.py:137} INFO - [2023-03-26T00:06:10.300+0000] {dagbag.py:532} INFO - Filling up the DagBag from /home/airflow/.local/lib/python3.7/site-packages/airflow/example_dags/example_latest_only.py
[2023-03-26T00:06:10.312+0000] {processor.py:753} INFO - DAG(s) dict_keys(['latest_only']) retrieved from /home/airflow/.local/lib/python3.7/site-packages/airflow/example_dags/example_latest_only.py
[2023-03-26T00:06:10.335+0000] {logging_mixin.py:137} INFO - [2023-03-26T00:06:10.335+0000] {dag.py:2693} INFO - Sync 1 DAGs
[2023-03-26T00:06:10.368+0000] {logging_mixin.py:137} INFO - [2023-03-26T00:06:10.363+0000] {dag.py:3444} INFO - Setting next_dagrun for latest_only to 2023-03-25T20:06:10.363115+00:00, run_after=2023-03-26T00:06:10.363115+00:00
[2023-03-26T00:06:10.393+0000] {processor.py:175} INFO - Processing /home/airflow/.local/lib/python3.7/site-packages/airflow/example_dags/example_latest_only.py took 0.101 seconds
[2023-03-26T00:06:40.461+0000] {processor.py:153} INFO - Started process (PID=472) to work on /home/airflow/.local/lib/python3.7/site-packages/airflow/example_dags/example_latest_only.py
[2023-03-26T00:06:40.462+0000] {processor.py:743} INFO - Processing file /home/airflow/.local/lib/python3.7/site-packages/airflow/example_dags/example_latest_only.py for tasks to queue
[2023-03-26T00:06:40.463+0000] {logging_mixin.py:137} INFO - [2023-03-26T00:06:40.463+0000] {dagbag.py:532} INFO - Filling up the DagBag from /home/airflow/.local/lib/python3.7/site-packages/airflow/example_dags/example_latest_only.py
[2023-03-26T00:06:40.472+0000] {processor.py:753} INFO - DAG(s) dict_keys(['latest_only']) retrieved from /home/airflow/.local/lib/python3.7/site-packages/airflow/example_dags/example_latest_only.py
[2023-03-26T00:06:40.489+0000] {logging_mixin.py:137} INFO - [2023-03-26T00:06:40.489+0000] {dag.py:2693} INFO - Sync 1 DAGs
[2023-03-26T00:06:40.503+0000] {logging_mixin.py:137} INFO - [2023-03-26T00:06:40.503+0000] {dag.py:3444} INFO - Setting next_dagrun for latest_only to 2023-03-25T20:06:40.503534+00:00, run_after=2023-03-26T00:06:40.503534+00:00
[2023-03-26T00:06:40.513+0000] {processor.py:175} INFO - Processing /home/airflow/.local/lib/python3.7/site-packages/airflow/example_dags/example_latest_only.py took 0.055 seconds
[2023-03-26T18:33:47.822+0000] {processor.py:153} INFO - Started process (PID=251) to work on /home/airflow/.local/lib/python3.7/site-packages/airflow/example_dags/example_latest_only.py
[2023-03-26T18:33:47.828+0000] {processor.py:743} INFO - Processing file /home/airflow/.local/lib/python3.7/site-packages/airflow/example_dags/example_latest_only.py for tasks to queue
[2023-03-26T18:33:47.829+0000] {logging_mixin.py:137} INFO - [2023-03-26T18:33:47.829+0000] {dagbag.py:532} INFO - Filling up the DagBag from /home/airflow/.local/lib/python3.7/site-packages/airflow/example_dags/example_latest_only.py
[2023-03-26T18:33:47.845+0000] {processor.py:753} INFO - DAG(s) dict_keys(['latest_only']) retrieved from /home/airflow/.local/lib/python3.7/site-packages/airflow/example_dags/example_latest_only.py
[2023-03-26T18:33:47.875+0000] {logging_mixin.py:137} INFO - [2023-03-26T18:33:47.875+0000] {dag.py:2693} INFO - Sync 1 DAGs
[2023-03-26T18:33:47.897+0000] {logging_mixin.py:137} INFO - [2023-03-26T18:33:47.897+0000] {dag.py:3444} INFO - Setting next_dagrun for latest_only to 2023-03-26T14:33:47.897272+00:00, run_after=2023-03-26T18:33:47.897272+00:00
[2023-03-26T18:33:47.913+0000] {processor.py:175} INFO - Processing /home/airflow/.local/lib/python3.7/site-packages/airflow/example_dags/example_latest_only.py took 0.102 seconds
[2023-03-26T18:34:17.976+0000] {processor.py:153} INFO - Started process (PID=467) to work on /home/airflow/.local/lib/python3.7/site-packages/airflow/example_dags/example_latest_only.py
[2023-03-26T18:34:17.978+0000] {processor.py:743} INFO - Processing file /home/airflow/.local/lib/python3.7/site-packages/airflow/example_dags/example_latest_only.py for tasks to queue
[2023-03-26T18:34:17.979+0000] {logging_mixin.py:137} INFO - [2023-03-26T18:34:17.979+0000] {dagbag.py:532} INFO - Filling up the DagBag from /home/airflow/.local/lib/python3.7/site-packages/airflow/example_dags/example_latest_only.py
[2023-03-26T18:34:17.992+0000] {processor.py:753} INFO - DAG(s) dict_keys(['latest_only']) retrieved from /home/airflow/.local/lib/python3.7/site-packages/airflow/example_dags/example_latest_only.py
[2023-03-26T18:34:18.008+0000] {logging_mixin.py:137} INFO - [2023-03-26T18:34:18.008+0000] {dag.py:2693} INFO - Sync 1 DAGs
[2023-03-26T18:34:18.033+0000] {logging_mixin.py:137} INFO - [2023-03-26T18:34:18.033+0000] {dag.py:3444} INFO - Setting next_dagrun for latest_only to 2023-03-26T14:34:18.033398+00:00, run_after=2023-03-26T18:34:18.033398+00:00
[2023-03-26T18:34:18.051+0000] {processor.py:175} INFO - Processing /home/airflow/.local/lib/python3.7/site-packages/airflow/example_dags/example_latest_only.py took 0.079 seconds
[2023-03-26T18:34:48.136+0000] {processor.py:153} INFO - Started process (PID=681) to work on /home/airflow/.local/lib/python3.7/site-packages/airflow/example_dags/example_latest_only.py
[2023-03-26T18:34:48.137+0000] {processor.py:743} INFO - Processing file /home/airflow/.local/lib/python3.7/site-packages/airflow/example_dags/example_latest_only.py for tasks to queue
[2023-03-26T18:34:48.138+0000] {logging_mixin.py:137} INFO - [2023-03-26T18:34:48.138+0000] {dagbag.py:532} INFO - Filling up the DagBag from /home/airflow/.local/lib/python3.7/site-packages/airflow/example_dags/example_latest_only.py
[2023-03-26T18:34:48.156+0000] {processor.py:753} INFO - DAG(s) dict_keys(['latest_only']) retrieved from /home/airflow/.local/lib/python3.7/site-packages/airflow/example_dags/example_latest_only.py
[2023-03-26T18:34:48.179+0000] {logging_mixin.py:137} INFO - [2023-03-26T18:34:48.178+0000] {dag.py:2693} INFO - Sync 1 DAGs
[2023-03-26T18:34:48.197+0000] {logging_mixin.py:137} INFO - [2023-03-26T18:34:48.197+0000] {dag.py:3444} INFO - Setting next_dagrun for latest_only to 2023-03-26T14:34:48.197065+00:00, run_after=2023-03-26T18:34:48.197065+00:00
[2023-03-26T18:34:48.215+0000] {processor.py:175} INFO - Processing /home/airflow/.local/lib/python3.7/site-packages/airflow/example_dags/example_latest_only.py took 0.082 seconds
[2023-03-26T18:35:19.000+0000] {processor.py:153} INFO - Started process (PID=902) to work on /home/airflow/.local/lib/python3.7/site-packages/airflow/example_dags/example_latest_only.py
[2023-03-26T18:35:19.002+0000] {processor.py:743} INFO - Processing file /home/airflow/.local/lib/python3.7/site-packages/airflow/example_dags/example_latest_only.py for tasks to queue
[2023-03-26T18:35:19.002+0000] {logging_mixin.py:137} INFO - [2023-03-26T18:35:19.002+0000] {dagbag.py:532} INFO - Filling up the DagBag from /home/airflow/.local/lib/python3.7/site-packages/airflow/example_dags/example_latest_only.py
[2023-03-26T18:35:19.019+0000] {processor.py:753} INFO - DAG(s) dict_keys(['latest_only']) retrieved from /home/airflow/.local/lib/python3.7/site-packages/airflow/example_dags/example_latest_only.py
[2023-03-26T18:35:19.048+0000] {logging_mixin.py:137} INFO - [2023-03-26T18:35:19.047+0000] {dag.py:2693} INFO - Sync 1 DAGs
[2023-03-26T18:35:19.070+0000] {logging_mixin.py:137} INFO - [2023-03-26T18:35:19.070+0000] {dag.py:3444} INFO - Setting next_dagrun for latest_only to 2023-03-26T14:35:19.069823+00:00, run_after=2023-03-26T18:35:19.069823+00:00
[2023-03-26T18:35:19.084+0000] {processor.py:175} INFO - Processing /home/airflow/.local/lib/python3.7/site-packages/airflow/example_dags/example_latest_only.py took 0.089 seconds
[2023-03-26T18:35:50.051+0000] {processor.py:153} INFO - Started process (PID=1119) to work on /home/airflow/.local/lib/python3.7/site-packages/airflow/example_dags/example_latest_only.py
[2023-03-26T18:35:50.052+0000] {processor.py:743} INFO - Processing file /home/airflow/.local/lib/python3.7/site-packages/airflow/example_dags/example_latest_only.py for tasks to queue
[2023-03-26T18:35:50.053+0000] {logging_mixin.py:137} INFO - [2023-03-26T18:35:50.053+0000] {dagbag.py:532} INFO - Filling up the DagBag from /home/airflow/.local/lib/python3.7/site-packages/airflow/example_dags/example_latest_only.py
[2023-03-26T18:35:50.063+0000] {processor.py:753} INFO - DAG(s) dict_keys(['latest_only']) retrieved from /home/airflow/.local/lib/python3.7/site-packages/airflow/example_dags/example_latest_only.py
[2023-03-26T18:35:50.090+0000] {logging_mixin.py:137} INFO - [2023-03-26T18:35:50.090+0000] {dag.py:2693} INFO - Sync 1 DAGs
[2023-03-26T18:35:50.109+0000] {logging_mixin.py:137} INFO - [2023-03-26T18:35:50.109+0000] {dag.py:3444} INFO - Setting next_dagrun for latest_only to 2023-03-26T14:35:50.109279+00:00, run_after=2023-03-26T18:35:50.109279+00:00
[2023-03-26T18:35:50.123+0000] {processor.py:175} INFO - Processing /home/airflow/.local/lib/python3.7/site-packages/airflow/example_dags/example_latest_only.py took 0.076 seconds
[2023-03-26T18:36:20.831+0000] {processor.py:153} INFO - Started process (PID=1336) to work on /home/airflow/.local/lib/python3.7/site-packages/airflow/example_dags/example_latest_only.py
[2023-03-26T18:36:20.833+0000] {processor.py:743} INFO - Processing file /home/airflow/.local/lib/python3.7/site-packages/airflow/example_dags/example_latest_only.py for tasks to queue
[2023-03-26T18:36:20.834+0000] {logging_mixin.py:137} INFO - [2023-03-26T18:36:20.834+0000] {dagbag.py:532} INFO - Filling up the DagBag from /home/airflow/.local/lib/python3.7/site-packages/airflow/example_dags/example_latest_only.py
[2023-03-26T18:36:20.847+0000] {processor.py:753} INFO - DAG(s) dict_keys(['latest_only']) retrieved from /home/airflow/.local/lib/python3.7/site-packages/airflow/example_dags/example_latest_only.py
[2023-03-26T18:36:20.869+0000] {logging_mixin.py:137} INFO - [2023-03-26T18:36:20.869+0000] {dag.py:2693} INFO - Sync 1 DAGs
[2023-03-26T18:36:20.886+0000] {logging_mixin.py:137} INFO - [2023-03-26T18:36:20.886+0000] {dag.py:3444} INFO - Setting next_dagrun for latest_only to 2023-03-26T14:36:20.886656+00:00, run_after=2023-03-26T18:36:20.886656+00:00
[2023-03-26T18:36:20.899+0000] {processor.py:175} INFO - Processing /home/airflow/.local/lib/python3.7/site-packages/airflow/example_dags/example_latest_only.py took 0.072 seconds
