[2023-03-26T00:06:10.912+0000] {processor.py:153} INFO - Started process (PID=293) to work on /home/airflow/.local/lib/python3.7/site-packages/airflow/example_dags/example_local_kubernetes_executor.py
[2023-03-26T00:06:10.913+0000] {processor.py:743} INFO - Processing file /home/airflow/.local/lib/python3.7/site-packages/airflow/example_dags/example_local_kubernetes_executor.py for tasks to queue
[2023-03-26T00:06:10.914+0000] {logging_mixin.py:137} INFO - [2023-03-26T00:06:10.914+0000] {dagbag.py:532} INFO - Filling up the DagBag from /home/airflow/.local/lib/python3.7/site-packages/airflow/example_dags/example_local_kubernetes_executor.py
[2023-03-26T00:06:10.934+0000] {processor.py:753} INFO - DAG(s) dict_keys(['example_local_kubernetes_executor']) retrieved from /home/airflow/.local/lib/python3.7/site-packages/airflow/example_dags/example_local_kubernetes_executor.py
[2023-03-26T00:06:10.966+0000] {logging_mixin.py:137} INFO - [2023-03-26T00:06:10.966+0000] {dag.py:2693} INFO - Sync 1 DAGs
[2023-03-26T00:06:10.986+0000] {logging_mixin.py:137} INFO - [2023-03-26T00:06:10.985+0000] {dag.py:3444} INFO - Setting next_dagrun for example_local_kubernetes_executor to None, run_after=None
[2023-03-26T00:06:11.010+0000] {processor.py:175} INFO - Processing /home/airflow/.local/lib/python3.7/site-packages/airflow/example_dags/example_local_kubernetes_executor.py took 0.101 seconds
[2023-03-26T00:06:41.062+0000] {processor.py:153} INFO - Started process (PID=512) to work on /home/airflow/.local/lib/python3.7/site-packages/airflow/example_dags/example_local_kubernetes_executor.py
[2023-03-26T00:06:41.063+0000] {processor.py:743} INFO - Processing file /home/airflow/.local/lib/python3.7/site-packages/airflow/example_dags/example_local_kubernetes_executor.py for tasks to queue
[2023-03-26T00:06:41.064+0000] {logging_mixin.py:137} INFO - [2023-03-26T00:06:41.064+0000] {dagbag.py:532} INFO - Filling up the DagBag from /home/airflow/.local/lib/python3.7/site-packages/airflow/example_dags/example_local_kubernetes_executor.py
[2023-03-26T00:06:41.079+0000] {processor.py:753} INFO - DAG(s) dict_keys(['example_local_kubernetes_executor']) retrieved from /home/airflow/.local/lib/python3.7/site-packages/airflow/example_dags/example_local_kubernetes_executor.py
[2023-03-26T00:06:41.104+0000] {logging_mixin.py:137} INFO - [2023-03-26T00:06:41.104+0000] {dag.py:2693} INFO - Sync 1 DAGs
[2023-03-26T00:06:41.118+0000] {logging_mixin.py:137} INFO - [2023-03-26T00:06:41.118+0000] {dag.py:3444} INFO - Setting next_dagrun for example_local_kubernetes_executor to None, run_after=None
[2023-03-26T00:06:41.129+0000] {processor.py:175} INFO - Processing /home/airflow/.local/lib/python3.7/site-packages/airflow/example_dags/example_local_kubernetes_executor.py took 0.069 seconds
[2023-03-26T18:33:48.769+0000] {processor.py:153} INFO - Started process (PID=293) to work on /home/airflow/.local/lib/python3.7/site-packages/airflow/example_dags/example_local_kubernetes_executor.py
[2023-03-26T18:33:48.771+0000] {processor.py:743} INFO - Processing file /home/airflow/.local/lib/python3.7/site-packages/airflow/example_dags/example_local_kubernetes_executor.py for tasks to queue
[2023-03-26T18:33:48.772+0000] {logging_mixin.py:137} INFO - [2023-03-26T18:33:48.772+0000] {dagbag.py:532} INFO - Filling up the DagBag from /home/airflow/.local/lib/python3.7/site-packages/airflow/example_dags/example_local_kubernetes_executor.py
[2023-03-26T18:33:48.827+0000] {processor.py:753} INFO - DAG(s) dict_keys(['example_local_kubernetes_executor']) retrieved from /home/airflow/.local/lib/python3.7/site-packages/airflow/example_dags/example_local_kubernetes_executor.py
[2023-03-26T18:33:48.888+0000] {logging_mixin.py:137} INFO - [2023-03-26T18:33:48.888+0000] {dag.py:2693} INFO - Sync 1 DAGs
[2023-03-26T18:33:48.951+0000] {logging_mixin.py:137} INFO - [2023-03-26T18:33:48.947+0000] {dag.py:3444} INFO - Setting next_dagrun for example_local_kubernetes_executor to None, run_after=None
[2023-03-26T18:33:49.004+0000] {processor.py:175} INFO - Processing /home/airflow/.local/lib/python3.7/site-packages/airflow/example_dags/example_local_kubernetes_executor.py took 0.238 seconds
[2023-03-26T18:34:19.525+0000] {processor.py:153} INFO - Started process (PID=510) to work on /home/airflow/.local/lib/python3.7/site-packages/airflow/example_dags/example_local_kubernetes_executor.py
[2023-03-26T18:34:19.527+0000] {processor.py:743} INFO - Processing file /home/airflow/.local/lib/python3.7/site-packages/airflow/example_dags/example_local_kubernetes_executor.py for tasks to queue
[2023-03-26T18:34:19.528+0000] {logging_mixin.py:137} INFO - [2023-03-26T18:34:19.528+0000] {dagbag.py:532} INFO - Filling up the DagBag from /home/airflow/.local/lib/python3.7/site-packages/airflow/example_dags/example_local_kubernetes_executor.py
[2023-03-26T18:34:19.549+0000] {processor.py:753} INFO - DAG(s) dict_keys(['example_local_kubernetes_executor']) retrieved from /home/airflow/.local/lib/python3.7/site-packages/airflow/example_dags/example_local_kubernetes_executor.py
[2023-03-26T18:34:19.563+0000] {logging_mixin.py:137} INFO - [2023-03-26T18:34:19.562+0000] {dag.py:2693} INFO - Sync 1 DAGs
[2023-03-26T18:34:19.585+0000] {logging_mixin.py:137} INFO - [2023-03-26T18:34:19.585+0000] {dag.py:3444} INFO - Setting next_dagrun for example_local_kubernetes_executor to None, run_after=None
[2023-03-26T18:34:19.608+0000] {processor.py:175} INFO - Processing /home/airflow/.local/lib/python3.7/site-packages/airflow/example_dags/example_local_kubernetes_executor.py took 0.087 seconds
[2023-03-26T18:34:49.943+0000] {processor.py:153} INFO - Started process (PID=726) to work on /home/airflow/.local/lib/python3.7/site-packages/airflow/example_dags/example_local_kubernetes_executor.py
[2023-03-26T18:34:49.946+0000] {processor.py:743} INFO - Processing file /home/airflow/.local/lib/python3.7/site-packages/airflow/example_dags/example_local_kubernetes_executor.py for tasks to queue
[2023-03-26T18:34:49.948+0000] {logging_mixin.py:137} INFO - [2023-03-26T18:34:49.948+0000] {dagbag.py:532} INFO - Filling up the DagBag from /home/airflow/.local/lib/python3.7/site-packages/airflow/example_dags/example_local_kubernetes_executor.py
[2023-03-26T18:34:49.973+0000] {processor.py:753} INFO - DAG(s) dict_keys(['example_local_kubernetes_executor']) retrieved from /home/airflow/.local/lib/python3.7/site-packages/airflow/example_dags/example_local_kubernetes_executor.py
[2023-03-26T18:34:50.002+0000] {logging_mixin.py:137} INFO - [2023-03-26T18:34:50.002+0000] {dag.py:2693} INFO - Sync 1 DAGs
[2023-03-26T18:34:50.023+0000] {logging_mixin.py:137} INFO - [2023-03-26T18:34:50.023+0000] {dag.py:3444} INFO - Setting next_dagrun for example_local_kubernetes_executor to None, run_after=None
[2023-03-26T18:34:50.041+0000] {processor.py:175} INFO - Processing /home/airflow/.local/lib/python3.7/site-packages/airflow/example_dags/example_local_kubernetes_executor.py took 0.104 seconds
[2023-03-26T18:35:20.630+0000] {processor.py:153} INFO - Started process (PID=942) to work on /home/airflow/.local/lib/python3.7/site-packages/airflow/example_dags/example_local_kubernetes_executor.py
[2023-03-26T18:35:20.632+0000] {processor.py:743} INFO - Processing file /home/airflow/.local/lib/python3.7/site-packages/airflow/example_dags/example_local_kubernetes_executor.py for tasks to queue
[2023-03-26T18:35:20.633+0000] {logging_mixin.py:137} INFO - [2023-03-26T18:35:20.633+0000] {dagbag.py:532} INFO - Filling up the DagBag from /home/airflow/.local/lib/python3.7/site-packages/airflow/example_dags/example_local_kubernetes_executor.py
[2023-03-26T18:35:20.655+0000] {processor.py:753} INFO - DAG(s) dict_keys(['example_local_kubernetes_executor']) retrieved from /home/airflow/.local/lib/python3.7/site-packages/airflow/example_dags/example_local_kubernetes_executor.py
[2023-03-26T18:35:20.682+0000] {logging_mixin.py:137} INFO - [2023-03-26T18:35:20.682+0000] {dag.py:2693} INFO - Sync 1 DAGs
[2023-03-26T18:35:20.709+0000] {logging_mixin.py:137} INFO - [2023-03-26T18:35:20.709+0000] {dag.py:3444} INFO - Setting next_dagrun for example_local_kubernetes_executor to None, run_after=None
[2023-03-26T18:35:20.729+0000] {processor.py:175} INFO - Processing /home/airflow/.local/lib/python3.7/site-packages/airflow/example_dags/example_local_kubernetes_executor.py took 0.102 seconds
[2023-03-26T18:35:51.587+0000] {processor.py:153} INFO - Started process (PID=1161) to work on /home/airflow/.local/lib/python3.7/site-packages/airflow/example_dags/example_local_kubernetes_executor.py
[2023-03-26T18:35:51.588+0000] {processor.py:743} INFO - Processing file /home/airflow/.local/lib/python3.7/site-packages/airflow/example_dags/example_local_kubernetes_executor.py for tasks to queue
[2023-03-26T18:35:51.589+0000] {logging_mixin.py:137} INFO - [2023-03-26T18:35:51.589+0000] {dagbag.py:532} INFO - Filling up the DagBag from /home/airflow/.local/lib/python3.7/site-packages/airflow/example_dags/example_local_kubernetes_executor.py
[2023-03-26T18:35:51.606+0000] {processor.py:753} INFO - DAG(s) dict_keys(['example_local_kubernetes_executor']) retrieved from /home/airflow/.local/lib/python3.7/site-packages/airflow/example_dags/example_local_kubernetes_executor.py
[2023-03-26T18:35:51.629+0000] {logging_mixin.py:137} INFO - [2023-03-26T18:35:51.629+0000] {dag.py:2693} INFO - Sync 1 DAGs
[2023-03-26T18:35:51.646+0000] {logging_mixin.py:137} INFO - [2023-03-26T18:35:51.646+0000] {dag.py:3444} INFO - Setting next_dagrun for example_local_kubernetes_executor to None, run_after=None
[2023-03-26T18:35:51.659+0000] {processor.py:175} INFO - Processing /home/airflow/.local/lib/python3.7/site-packages/airflow/example_dags/example_local_kubernetes_executor.py took 0.075 seconds
[2023-03-26T18:36:22.497+0000] {processor.py:153} INFO - Started process (PID=1378) to work on /home/airflow/.local/lib/python3.7/site-packages/airflow/example_dags/example_local_kubernetes_executor.py
[2023-03-26T18:36:22.498+0000] {processor.py:743} INFO - Processing file /home/airflow/.local/lib/python3.7/site-packages/airflow/example_dags/example_local_kubernetes_executor.py for tasks to queue
[2023-03-26T18:36:22.499+0000] {logging_mixin.py:137} INFO - [2023-03-26T18:36:22.499+0000] {dagbag.py:532} INFO - Filling up the DagBag from /home/airflow/.local/lib/python3.7/site-packages/airflow/example_dags/example_local_kubernetes_executor.py
[2023-03-26T18:36:22.521+0000] {processor.py:753} INFO - DAG(s) dict_keys(['example_local_kubernetes_executor']) retrieved from /home/airflow/.local/lib/python3.7/site-packages/airflow/example_dags/example_local_kubernetes_executor.py
[2023-03-26T18:36:22.549+0000] {logging_mixin.py:137} INFO - [2023-03-26T18:36:22.549+0000] {dag.py:2693} INFO - Sync 1 DAGs
[2023-03-26T18:36:22.569+0000] {logging_mixin.py:137} INFO - [2023-03-26T18:36:22.568+0000] {dag.py:3444} INFO - Setting next_dagrun for example_local_kubernetes_executor to None, run_after=None
[2023-03-26T18:36:22.585+0000] {processor.py:175} INFO - Processing /home/airflow/.local/lib/python3.7/site-packages/airflow/example_dags/example_local_kubernetes_executor.py took 0.092 seconds
