[2023-03-26T00:06:09.755+0000] {processor.py:153} INFO - Started process (PID=223) to work on /home/airflow/.local/lib/python3.7/site-packages/airflow/example_dags/example_datasets.py
[2023-03-26T00:06:09.761+0000] {processor.py:743} INFO - Processing file /home/airflow/.local/lib/python3.7/site-packages/airflow/example_dags/example_datasets.py for tasks to queue
[2023-03-26T00:06:09.763+0000] {logging_mixin.py:137} INFO - [2023-03-26T00:06:09.763+0000] {dagbag.py:532} INFO - Filling up the DagBag from /home/airflow/.local/lib/python3.7/site-packages/airflow/example_dags/example_datasets.py
[2023-03-26T00:06:09.792+0000] {processor.py:753} INFO - DAG(s) dict_keys(['dataset_consumes_unknown_never_scheduled', 'dataset_consumes_1_and_2', 'dataset_produces_1', 'dataset_produces_2', 'dataset_consumes_1_never_scheduled', 'dataset_consumes_1']) retrieved from /home/airflow/.local/lib/python3.7/site-packages/airflow/example_dags/example_datasets.py
[2023-03-26T00:06:09.910+0000] {logging_mixin.py:137} INFO - [2023-03-26T00:06:09.910+0000] {dag.py:2693} INFO - Sync 6 DAGs
[2023-03-26T00:06:09.946+0000] {logging_mixin.py:137} INFO - [2023-03-26T00:06:09.946+0000] {dag.py:3444} INFO - Setting next_dagrun for dataset_consumes_1 to None, run_after=None
[2023-03-26T00:06:09.950+0000] {logging_mixin.py:137} INFO - [2023-03-26T00:06:09.950+0000] {dag.py:3444} INFO - Setting next_dagrun for dataset_consumes_1_and_2 to None, run_after=None
[2023-03-26T00:06:09.952+0000] {logging_mixin.py:137} INFO - [2023-03-26T00:06:09.952+0000] {dag.py:3444} INFO - Setting next_dagrun for dataset_consumes_1_never_scheduled to None, run_after=None
[2023-03-26T00:06:09.953+0000] {logging_mixin.py:137} INFO - [2023-03-26T00:06:09.953+0000] {dag.py:3444} INFO - Setting next_dagrun for dataset_consumes_unknown_never_scheduled to None, run_after=None
[2023-03-26T00:06:09.955+0000] {logging_mixin.py:137} INFO - [2023-03-26T00:06:09.955+0000] {dag.py:3444} INFO - Setting next_dagrun for dataset_produces_1 to 2023-03-25T00:00:00+00:00, run_after=2023-03-26T00:00:00+00:00
[2023-03-26T00:06:09.958+0000] {logging_mixin.py:137} INFO - [2023-03-26T00:06:09.958+0000] {dag.py:3444} INFO - Setting next_dagrun for dataset_produces_2 to None, run_after=None
[2023-03-26T00:06:09.991+0000] {processor.py:175} INFO - Processing /home/airflow/.local/lib/python3.7/site-packages/airflow/example_dags/example_datasets.py took 0.240 seconds
[2023-03-26T00:06:40.019+0000] {processor.py:153} INFO - Started process (PID=445) to work on /home/airflow/.local/lib/python3.7/site-packages/airflow/example_dags/example_datasets.py
[2023-03-26T00:06:40.020+0000] {processor.py:743} INFO - Processing file /home/airflow/.local/lib/python3.7/site-packages/airflow/example_dags/example_datasets.py for tasks to queue
[2023-03-26T00:06:40.021+0000] {logging_mixin.py:137} INFO - [2023-03-26T00:06:40.021+0000] {dagbag.py:532} INFO - Filling up the DagBag from /home/airflow/.local/lib/python3.7/site-packages/airflow/example_dags/example_datasets.py
[2023-03-26T00:06:40.032+0000] {processor.py:753} INFO - DAG(s) dict_keys(['dataset_produces_1', 'dataset_consumes_unknown_never_scheduled', 'dataset_consumes_1_and_2', 'dataset_produces_2', 'dataset_consumes_1_never_scheduled', 'dataset_consumes_1']) retrieved from /home/airflow/.local/lib/python3.7/site-packages/airflow/example_dags/example_datasets.py
[2023-03-26T00:06:40.060+0000] {logging_mixin.py:137} INFO - [2023-03-26T00:06:40.060+0000] {dag.py:2693} INFO - Sync 6 DAGs
[2023-03-26T00:06:40.076+0000] {logging_mixin.py:137} INFO - [2023-03-26T00:06:40.076+0000] {dag.py:3444} INFO - Setting next_dagrun for dataset_consumes_1 to None, run_after=None
[2023-03-26T00:06:40.079+0000] {logging_mixin.py:137} INFO - [2023-03-26T00:06:40.078+0000] {dag.py:3444} INFO - Setting next_dagrun for dataset_consumes_1_and_2 to None, run_after=None
[2023-03-26T00:06:40.080+0000] {logging_mixin.py:137} INFO - [2023-03-26T00:06:40.080+0000] {dag.py:3444} INFO - Setting next_dagrun for dataset_consumes_1_never_scheduled to None, run_after=None
[2023-03-26T00:06:40.081+0000] {logging_mixin.py:137} INFO - [2023-03-26T00:06:40.081+0000] {dag.py:3444} INFO - Setting next_dagrun for dataset_consumes_unknown_never_scheduled to None, run_after=None
[2023-03-26T00:06:40.083+0000] {logging_mixin.py:137} INFO - [2023-03-26T00:06:40.083+0000] {dag.py:3444} INFO - Setting next_dagrun for dataset_produces_1 to 2023-03-25T00:00:00+00:00, run_after=2023-03-26T00:00:00+00:00
[2023-03-26T00:06:40.084+0000] {logging_mixin.py:137} INFO - [2023-03-26T00:06:40.084+0000] {dag.py:3444} INFO - Setting next_dagrun for dataset_produces_2 to None, run_after=None
[2023-03-26T00:06:40.102+0000] {processor.py:175} INFO - Processing /home/airflow/.local/lib/python3.7/site-packages/airflow/example_dags/example_datasets.py took 0.086 seconds
[2023-03-26T18:33:47.225+0000] {processor.py:153} INFO - Started process (PID=223) to work on /home/airflow/.local/lib/python3.7/site-packages/airflow/example_dags/example_datasets.py
[2023-03-26T18:33:47.228+0000] {processor.py:743} INFO - Processing file /home/airflow/.local/lib/python3.7/site-packages/airflow/example_dags/example_datasets.py for tasks to queue
[2023-03-26T18:33:47.230+0000] {logging_mixin.py:137} INFO - [2023-03-26T18:33:47.229+0000] {dagbag.py:532} INFO - Filling up the DagBag from /home/airflow/.local/lib/python3.7/site-packages/airflow/example_dags/example_datasets.py
[2023-03-26T18:33:47.264+0000] {processor.py:753} INFO - DAG(s) dict_keys(['dataset_produces_2', 'dataset_consumes_1_and_2', 'dataset_produces_1', 'dataset_consumes_1_never_scheduled', 'dataset_consumes_1', 'dataset_consumes_unknown_never_scheduled']) retrieved from /home/airflow/.local/lib/python3.7/site-packages/airflow/example_dags/example_datasets.py
[2023-03-26T18:33:47.346+0000] {logging_mixin.py:137} INFO - [2023-03-26T18:33:47.346+0000] {dag.py:2693} INFO - Sync 6 DAGs
[2023-03-26T18:33:47.365+0000] {logging_mixin.py:137} INFO - [2023-03-26T18:33:47.365+0000] {dag.py:3444} INFO - Setting next_dagrun for dataset_consumes_1 to None, run_after=None
[2023-03-26T18:33:47.368+0000] {logging_mixin.py:137} INFO - [2023-03-26T18:33:47.368+0000] {dag.py:3444} INFO - Setting next_dagrun for dataset_consumes_1_and_2 to None, run_after=None
[2023-03-26T18:33:47.370+0000] {logging_mixin.py:137} INFO - [2023-03-26T18:33:47.370+0000] {dag.py:3444} INFO - Setting next_dagrun for dataset_consumes_1_never_scheduled to None, run_after=None
[2023-03-26T18:33:47.371+0000] {logging_mixin.py:137} INFO - [2023-03-26T18:33:47.371+0000] {dag.py:3444} INFO - Setting next_dagrun for dataset_consumes_unknown_never_scheduled to None, run_after=None
[2023-03-26T18:33:47.373+0000] {logging_mixin.py:137} INFO - [2023-03-26T18:33:47.373+0000] {dag.py:3444} INFO - Setting next_dagrun for dataset_produces_1 to 2023-03-25T00:00:00+00:00, run_after=2023-03-26T00:00:00+00:00
[2023-03-26T18:33:47.375+0000] {logging_mixin.py:137} INFO - [2023-03-26T18:33:47.375+0000] {dag.py:3444} INFO - Setting next_dagrun for dataset_produces_2 to None, run_after=None
[2023-03-26T18:33:47.431+0000] {processor.py:175} INFO - Processing /home/airflow/.local/lib/python3.7/site-packages/airflow/example_dags/example_datasets.py took 0.213 seconds
[2023-03-26T18:34:17.605+0000] {processor.py:153} INFO - Started process (PID=447) to work on /home/airflow/.local/lib/python3.7/site-packages/airflow/example_dags/example_datasets.py
[2023-03-26T18:34:17.607+0000] {processor.py:743} INFO - Processing file /home/airflow/.local/lib/python3.7/site-packages/airflow/example_dags/example_datasets.py for tasks to queue
[2023-03-26T18:34:17.608+0000] {logging_mixin.py:137} INFO - [2023-03-26T18:34:17.608+0000] {dagbag.py:532} INFO - Filling up the DagBag from /home/airflow/.local/lib/python3.7/site-packages/airflow/example_dags/example_datasets.py
[2023-03-26T18:34:17.623+0000] {processor.py:753} INFO - DAG(s) dict_keys(['dataset_produces_1', 'dataset_consumes_1_and_2', 'dataset_produces_2', 'dataset_consumes_unknown_never_scheduled', 'dataset_consumes_1', 'dataset_consumes_1_never_scheduled']) retrieved from /home/airflow/.local/lib/python3.7/site-packages/airflow/example_dags/example_datasets.py
[2023-03-26T18:34:17.644+0000] {logging_mixin.py:137} INFO - [2023-03-26T18:34:17.643+0000] {dag.py:2693} INFO - Sync 6 DAGs
[2023-03-26T18:34:17.669+0000] {logging_mixin.py:137} INFO - [2023-03-26T18:34:17.669+0000] {dag.py:3444} INFO - Setting next_dagrun for dataset_consumes_1 to None, run_after=None
[2023-03-26T18:34:17.673+0000] {logging_mixin.py:137} INFO - [2023-03-26T18:34:17.673+0000] {dag.py:3444} INFO - Setting next_dagrun for dataset_consumes_1_and_2 to None, run_after=None
[2023-03-26T18:34:17.676+0000] {logging_mixin.py:137} INFO - [2023-03-26T18:34:17.675+0000] {dag.py:3444} INFO - Setting next_dagrun for dataset_consumes_1_never_scheduled to None, run_after=None
[2023-03-26T18:34:17.678+0000] {logging_mixin.py:137} INFO - [2023-03-26T18:34:17.677+0000] {dag.py:3444} INFO - Setting next_dagrun for dataset_consumes_unknown_never_scheduled to None, run_after=None
[2023-03-26T18:34:17.680+0000] {logging_mixin.py:137} INFO - [2023-03-26T18:34:17.680+0000] {dag.py:3444} INFO - Setting next_dagrun for dataset_produces_1 to 2023-03-25T00:00:00+00:00, run_after=2023-03-26T00:00:00+00:00
[2023-03-26T18:34:17.683+0000] {logging_mixin.py:137} INFO - [2023-03-26T18:34:17.683+0000] {dag.py:3444} INFO - Setting next_dagrun for dataset_produces_2 to None, run_after=None
[2023-03-26T18:34:17.711+0000] {processor.py:175} INFO - Processing /home/airflow/.local/lib/python3.7/site-packages/airflow/example_dags/example_datasets.py took 0.111 seconds
[2023-03-26T18:34:47.741+0000] {processor.py:153} INFO - Started process (PID=663) to work on /home/airflow/.local/lib/python3.7/site-packages/airflow/example_dags/example_datasets.py
[2023-03-26T18:34:47.743+0000] {processor.py:743} INFO - Processing file /home/airflow/.local/lib/python3.7/site-packages/airflow/example_dags/example_datasets.py for tasks to queue
[2023-03-26T18:34:47.744+0000] {logging_mixin.py:137} INFO - [2023-03-26T18:34:47.744+0000] {dagbag.py:532} INFO - Filling up the DagBag from /home/airflow/.local/lib/python3.7/site-packages/airflow/example_dags/example_datasets.py
[2023-03-26T18:34:47.758+0000] {processor.py:753} INFO - DAG(s) dict_keys(['dataset_consumes_1_never_scheduled', 'dataset_produces_1', 'dataset_consumes_unknown_never_scheduled', 'dataset_consumes_1', 'dataset_consumes_1_and_2', 'dataset_produces_2']) retrieved from /home/airflow/.local/lib/python3.7/site-packages/airflow/example_dags/example_datasets.py
[2023-03-26T18:34:47.821+0000] {logging_mixin.py:137} INFO - [2023-03-26T18:34:47.821+0000] {dag.py:2693} INFO - Sync 6 DAGs
[2023-03-26T18:34:47.839+0000] {logging_mixin.py:137} INFO - [2023-03-26T18:34:47.839+0000] {dag.py:3444} INFO - Setting next_dagrun for dataset_consumes_1 to None, run_after=None
[2023-03-26T18:34:47.842+0000] {logging_mixin.py:137} INFO - [2023-03-26T18:34:47.842+0000] {dag.py:3444} INFO - Setting next_dagrun for dataset_consumes_1_and_2 to None, run_after=None
[2023-03-26T18:34:47.844+0000] {logging_mixin.py:137} INFO - [2023-03-26T18:34:47.844+0000] {dag.py:3444} INFO - Setting next_dagrun for dataset_consumes_1_never_scheduled to None, run_after=None
[2023-03-26T18:34:47.845+0000] {logging_mixin.py:137} INFO - [2023-03-26T18:34:47.845+0000] {dag.py:3444} INFO - Setting next_dagrun for dataset_consumes_unknown_never_scheduled to None, run_after=None
[2023-03-26T18:34:47.848+0000] {logging_mixin.py:137} INFO - [2023-03-26T18:34:47.848+0000] {dag.py:3444} INFO - Setting next_dagrun for dataset_produces_1 to 2023-03-25T00:00:00+00:00, run_after=2023-03-26T00:00:00+00:00
[2023-03-26T18:34:47.849+0000] {logging_mixin.py:137} INFO - [2023-03-26T18:34:47.849+0000] {dag.py:3444} INFO - Setting next_dagrun for dataset_produces_2 to None, run_after=None
[2023-03-26T18:34:47.873+0000] {processor.py:175} INFO - Processing /home/airflow/.local/lib/python3.7/site-packages/airflow/example_dags/example_datasets.py took 0.134 seconds
[2023-03-26T18:35:18.498+0000] {processor.py:153} INFO - Started process (PID=872) to work on /home/airflow/.local/lib/python3.7/site-packages/airflow/example_dags/example_datasets.py
[2023-03-26T18:35:18.500+0000] {processor.py:743} INFO - Processing file /home/airflow/.local/lib/python3.7/site-packages/airflow/example_dags/example_datasets.py for tasks to queue
[2023-03-26T18:35:18.501+0000] {logging_mixin.py:137} INFO - [2023-03-26T18:35:18.501+0000] {dagbag.py:532} INFO - Filling up the DagBag from /home/airflow/.local/lib/python3.7/site-packages/airflow/example_dags/example_datasets.py
[2023-03-26T18:35:18.519+0000] {processor.py:753} INFO - DAG(s) dict_keys(['dataset_consumes_1_and_2', 'dataset_consumes_unknown_never_scheduled', 'dataset_consumes_1', 'dataset_produces_1', 'dataset_consumes_1_never_scheduled', 'dataset_produces_2']) retrieved from /home/airflow/.local/lib/python3.7/site-packages/airflow/example_dags/example_datasets.py
[2023-03-26T18:35:18.564+0000] {logging_mixin.py:137} INFO - [2023-03-26T18:35:18.564+0000] {dag.py:2693} INFO - Sync 6 DAGs
[2023-03-26T18:35:18.592+0000] {logging_mixin.py:137} INFO - [2023-03-26T18:35:18.592+0000] {dag.py:3444} INFO - Setting next_dagrun for dataset_consumes_1 to None, run_after=None
[2023-03-26T18:35:18.596+0000] {logging_mixin.py:137} INFO - [2023-03-26T18:35:18.596+0000] {dag.py:3444} INFO - Setting next_dagrun for dataset_consumes_1_and_2 to None, run_after=None
[2023-03-26T18:35:18.598+0000] {logging_mixin.py:137} INFO - [2023-03-26T18:35:18.598+0000] {dag.py:3444} INFO - Setting next_dagrun for dataset_consumes_1_never_scheduled to None, run_after=None
[2023-03-26T18:35:18.600+0000] {logging_mixin.py:137} INFO - [2023-03-26T18:35:18.600+0000] {dag.py:3444} INFO - Setting next_dagrun for dataset_consumes_unknown_never_scheduled to None, run_after=None
[2023-03-26T18:35:18.609+0000] {logging_mixin.py:137} INFO - [2023-03-26T18:35:18.609+0000] {dag.py:3444} INFO - Setting next_dagrun for dataset_produces_1 to 2023-03-25T00:00:00+00:00, run_after=2023-03-26T00:00:00+00:00
[2023-03-26T18:35:18.611+0000] {logging_mixin.py:137} INFO - [2023-03-26T18:35:18.611+0000] {dag.py:3444} INFO - Setting next_dagrun for dataset_produces_2 to None, run_after=None
[2023-03-26T18:35:18.647+0000] {processor.py:175} INFO - Processing /home/airflow/.local/lib/python3.7/site-packages/airflow/example_dags/example_datasets.py took 0.153 seconds
[2023-03-26T18:35:49.359+0000] {processor.py:153} INFO - Started process (PID=1089) to work on /home/airflow/.local/lib/python3.7/site-packages/airflow/example_dags/example_datasets.py
[2023-03-26T18:35:49.360+0000] {processor.py:743} INFO - Processing file /home/airflow/.local/lib/python3.7/site-packages/airflow/example_dags/example_datasets.py for tasks to queue
[2023-03-26T18:35:49.361+0000] {logging_mixin.py:137} INFO - [2023-03-26T18:35:49.361+0000] {dagbag.py:532} INFO - Filling up the DagBag from /home/airflow/.local/lib/python3.7/site-packages/airflow/example_dags/example_datasets.py
[2023-03-26T18:35:49.389+0000] {processor.py:753} INFO - DAG(s) dict_keys(['dataset_produces_2', 'dataset_consumes_1_never_scheduled', 'dataset_produces_1', 'dataset_consumes_1', 'dataset_consumes_unknown_never_scheduled', 'dataset_consumes_1_and_2']) retrieved from /home/airflow/.local/lib/python3.7/site-packages/airflow/example_dags/example_datasets.py
[2023-03-26T18:35:49.489+0000] {logging_mixin.py:137} INFO - [2023-03-26T18:35:49.489+0000] {dag.py:2693} INFO - Sync 6 DAGs
[2023-03-26T18:35:49.520+0000] {logging_mixin.py:137} INFO - [2023-03-26T18:35:49.520+0000] {dag.py:3444} INFO - Setting next_dagrun for dataset_consumes_1 to None, run_after=None
[2023-03-26T18:35:49.525+0000] {logging_mixin.py:137} INFO - [2023-03-26T18:35:49.524+0000] {dag.py:3444} INFO - Setting next_dagrun for dataset_consumes_1_and_2 to None, run_after=None
[2023-03-26T18:35:49.539+0000] {logging_mixin.py:137} INFO - [2023-03-26T18:35:49.539+0000] {dag.py:3444} INFO - Setting next_dagrun for dataset_consumes_1_never_scheduled to None, run_after=None
[2023-03-26T18:35:49.544+0000] {logging_mixin.py:137} INFO - [2023-03-26T18:35:49.544+0000] {dag.py:3444} INFO - Setting next_dagrun for dataset_consumes_unknown_never_scheduled to None, run_after=None
[2023-03-26T18:35:49.547+0000] {logging_mixin.py:137} INFO - [2023-03-26T18:35:49.547+0000] {dag.py:3444} INFO - Setting next_dagrun for dataset_produces_1 to 2023-03-25T00:00:00+00:00, run_after=2023-03-26T00:00:00+00:00
[2023-03-26T18:35:49.555+0000] {logging_mixin.py:137} INFO - [2023-03-26T18:35:49.555+0000] {dag.py:3444} INFO - Setting next_dagrun for dataset_produces_2 to None, run_after=None
[2023-03-26T18:35:49.641+0000] {processor.py:175} INFO - Processing /home/airflow/.local/lib/python3.7/site-packages/airflow/example_dags/example_datasets.py took 0.287 seconds
[2023-03-26T18:36:20.414+0000] {processor.py:153} INFO - Started process (PID=1306) to work on /home/airflow/.local/lib/python3.7/site-packages/airflow/example_dags/example_datasets.py
[2023-03-26T18:36:20.416+0000] {processor.py:743} INFO - Processing file /home/airflow/.local/lib/python3.7/site-packages/airflow/example_dags/example_datasets.py for tasks to queue
[2023-03-26T18:36:20.417+0000] {logging_mixin.py:137} INFO - [2023-03-26T18:36:20.416+0000] {dagbag.py:532} INFO - Filling up the DagBag from /home/airflow/.local/lib/python3.7/site-packages/airflow/example_dags/example_datasets.py
[2023-03-26T18:36:20.436+0000] {processor.py:753} INFO - DAG(s) dict_keys(['dataset_produces_1', 'dataset_consumes_1_never_scheduled', 'dataset_consumes_1_and_2', 'dataset_consumes_unknown_never_scheduled', 'dataset_consumes_1', 'dataset_produces_2']) retrieved from /home/airflow/.local/lib/python3.7/site-packages/airflow/example_dags/example_datasets.py
[2023-03-26T18:36:20.479+0000] {logging_mixin.py:137} INFO - [2023-03-26T18:36:20.479+0000] {dag.py:2693} INFO - Sync 6 DAGs
[2023-03-26T18:36:20.499+0000] {logging_mixin.py:137} INFO - [2023-03-26T18:36:20.499+0000] {dag.py:3444} INFO - Setting next_dagrun for dataset_consumes_1 to None, run_after=None
[2023-03-26T18:36:20.506+0000] {logging_mixin.py:137} INFO - [2023-03-26T18:36:20.506+0000] {dag.py:3444} INFO - Setting next_dagrun for dataset_consumes_1_and_2 to None, run_after=None
[2023-03-26T18:36:20.517+0000] {logging_mixin.py:137} INFO - [2023-03-26T18:36:20.517+0000] {dag.py:3444} INFO - Setting next_dagrun for dataset_consumes_1_never_scheduled to None, run_after=None
[2023-03-26T18:36:20.519+0000] {logging_mixin.py:137} INFO - [2023-03-26T18:36:20.519+0000] {dag.py:3444} INFO - Setting next_dagrun for dataset_consumes_unknown_never_scheduled to None, run_after=None
[2023-03-26T18:36:20.522+0000] {logging_mixin.py:137} INFO - [2023-03-26T18:36:20.522+0000] {dag.py:3444} INFO - Setting next_dagrun for dataset_produces_1 to 2023-03-25T00:00:00+00:00, run_after=2023-03-26T00:00:00+00:00
[2023-03-26T18:36:20.524+0000] {logging_mixin.py:137} INFO - [2023-03-26T18:36:20.524+0000] {dag.py:3444} INFO - Setting next_dagrun for dataset_produces_2 to None, run_after=None
[2023-03-26T18:36:20.553+0000] {processor.py:175} INFO - Processing /home/airflow/.local/lib/python3.7/site-packages/airflow/example_dags/example_datasets.py took 0.142 seconds
