[2023-03-26T00:06:10.203+0000] {processor.py:153} INFO - Started process (PID=248) to work on /home/airflow/.local/lib/python3.7/site-packages/airflow/example_dags/example_nested_branch_dag.py
[2023-03-26T00:06:10.204+0000] {processor.py:743} INFO - Processing file /home/airflow/.local/lib/python3.7/site-packages/airflow/example_dags/example_nested_branch_dag.py for tasks to queue
[2023-03-26T00:06:10.204+0000] {logging_mixin.py:137} INFO - [2023-03-26T00:06:10.204+0000] {dagbag.py:532} INFO - Filling up the DagBag from /home/airflow/.local/lib/python3.7/site-packages/airflow/example_dags/example_nested_branch_dag.py
[2023-03-26T00:06:10.228+0000] {processor.py:753} INFO - DAG(s) dict_keys(['example_nested_branch_dag']) retrieved from /home/airflow/.local/lib/python3.7/site-packages/airflow/example_dags/example_nested_branch_dag.py
[2023-03-26T00:06:10.258+0000] {logging_mixin.py:137} INFO - [2023-03-26T00:06:10.258+0000] {dag.py:2693} INFO - Sync 1 DAGs
[2023-03-26T00:06:10.296+0000] {logging_mixin.py:137} INFO - [2023-03-26T00:06:10.296+0000] {dag.py:3444} INFO - Setting next_dagrun for example_nested_branch_dag to 2023-03-25T00:00:00+00:00, run_after=2023-03-26T00:00:00+00:00
[2023-03-26T00:06:10.318+0000] {processor.py:175} INFO - Processing /home/airflow/.local/lib/python3.7/site-packages/airflow/example_dags/example_nested_branch_dag.py took 0.118 seconds
[2023-03-26T00:06:40.379+0000] {processor.py:153} INFO - Started process (PID=467) to work on /home/airflow/.local/lib/python3.7/site-packages/airflow/example_dags/example_nested_branch_dag.py
[2023-03-26T00:06:40.380+0000] {processor.py:743} INFO - Processing file /home/airflow/.local/lib/python3.7/site-packages/airflow/example_dags/example_nested_branch_dag.py for tasks to queue
[2023-03-26T00:06:40.380+0000] {logging_mixin.py:137} INFO - [2023-03-26T00:06:40.380+0000] {dagbag.py:532} INFO - Filling up the DagBag from /home/airflow/.local/lib/python3.7/site-packages/airflow/example_dags/example_nested_branch_dag.py
[2023-03-26T00:06:40.396+0000] {processor.py:753} INFO - DAG(s) dict_keys(['example_nested_branch_dag']) retrieved from /home/airflow/.local/lib/python3.7/site-packages/airflow/example_dags/example_nested_branch_dag.py
[2023-03-26T00:06:40.414+0000] {logging_mixin.py:137} INFO - [2023-03-26T00:06:40.414+0000] {dag.py:2693} INFO - Sync 1 DAGs
[2023-03-26T00:06:40.428+0000] {logging_mixin.py:137} INFO - [2023-03-26T00:06:40.428+0000] {dag.py:3444} INFO - Setting next_dagrun for example_nested_branch_dag to 2023-03-25T00:00:00+00:00, run_after=2023-03-26T00:00:00+00:00
[2023-03-26T00:06:40.438+0000] {processor.py:175} INFO - Processing /home/airflow/.local/lib/python3.7/site-packages/airflow/example_dags/example_nested_branch_dag.py took 0.062 seconds
[2023-03-26T18:33:47.820+0000] {processor.py:153} INFO - Started process (PID=250) to work on /home/airflow/.local/lib/python3.7/site-packages/airflow/example_dags/example_nested_branch_dag.py
[2023-03-26T18:33:47.822+0000] {processor.py:743} INFO - Processing file /home/airflow/.local/lib/python3.7/site-packages/airflow/example_dags/example_nested_branch_dag.py for tasks to queue
[2023-03-26T18:33:47.823+0000] {logging_mixin.py:137} INFO - [2023-03-26T18:33:47.823+0000] {dagbag.py:532} INFO - Filling up the DagBag from /home/airflow/.local/lib/python3.7/site-packages/airflow/example_dags/example_nested_branch_dag.py
[2023-03-26T18:33:47.851+0000] {processor.py:753} INFO - DAG(s) dict_keys(['example_nested_branch_dag']) retrieved from /home/airflow/.local/lib/python3.7/site-packages/airflow/example_dags/example_nested_branch_dag.py
[2023-03-26T18:33:47.913+0000] {logging_mixin.py:137} INFO - [2023-03-26T18:33:47.913+0000] {dag.py:2693} INFO - Sync 1 DAGs
[2023-03-26T18:33:47.989+0000] {logging_mixin.py:137} INFO - [2023-03-26T18:33:47.989+0000] {dag.py:3444} INFO - Setting next_dagrun for example_nested_branch_dag to 2023-03-25T00:00:00+00:00, run_after=2023-03-26T00:00:00+00:00
[2023-03-26T18:33:48.012+0000] {processor.py:175} INFO - Processing /home/airflow/.local/lib/python3.7/site-packages/airflow/example_dags/example_nested_branch_dag.py took 0.195 seconds
[2023-03-26T18:34:18.093+0000] {processor.py:153} INFO - Started process (PID=472) to work on /home/airflow/.local/lib/python3.7/site-packages/airflow/example_dags/example_nested_branch_dag.py
[2023-03-26T18:34:18.095+0000] {processor.py:743} INFO - Processing file /home/airflow/.local/lib/python3.7/site-packages/airflow/example_dags/example_nested_branch_dag.py for tasks to queue
[2023-03-26T18:34:18.096+0000] {logging_mixin.py:137} INFO - [2023-03-26T18:34:18.096+0000] {dagbag.py:532} INFO - Filling up the DagBag from /home/airflow/.local/lib/python3.7/site-packages/airflow/example_dags/example_nested_branch_dag.py
[2023-03-26T18:34:18.119+0000] {processor.py:753} INFO - DAG(s) dict_keys(['example_nested_branch_dag']) retrieved from /home/airflow/.local/lib/python3.7/site-packages/airflow/example_dags/example_nested_branch_dag.py
[2023-03-26T18:34:18.136+0000] {logging_mixin.py:137} INFO - [2023-03-26T18:34:18.136+0000] {dag.py:2693} INFO - Sync 1 DAGs
[2023-03-26T18:34:18.160+0000] {logging_mixin.py:137} INFO - [2023-03-26T18:34:18.160+0000] {dag.py:3444} INFO - Setting next_dagrun for example_nested_branch_dag to 2023-03-25T00:00:00+00:00, run_after=2023-03-26T00:00:00+00:00
[2023-03-26T18:34:18.175+0000] {processor.py:175} INFO - Processing /home/airflow/.local/lib/python3.7/site-packages/airflow/example_dags/example_nested_branch_dag.py took 0.087 seconds
[2023-03-26T18:34:48.244+0000] {processor.py:153} INFO - Started process (PID=688) to work on /home/airflow/.local/lib/python3.7/site-packages/airflow/example_dags/example_nested_branch_dag.py
[2023-03-26T18:34:48.246+0000] {processor.py:743} INFO - Processing file /home/airflow/.local/lib/python3.7/site-packages/airflow/example_dags/example_nested_branch_dag.py for tasks to queue
[2023-03-26T18:34:48.247+0000] {logging_mixin.py:137} INFO - [2023-03-26T18:34:48.247+0000] {dagbag.py:532} INFO - Filling up the DagBag from /home/airflow/.local/lib/python3.7/site-packages/airflow/example_dags/example_nested_branch_dag.py
[2023-03-26T18:34:48.266+0000] {processor.py:753} INFO - DAG(s) dict_keys(['example_nested_branch_dag']) retrieved from /home/airflow/.local/lib/python3.7/site-packages/airflow/example_dags/example_nested_branch_dag.py
[2023-03-26T18:34:48.289+0000] {logging_mixin.py:137} INFO - [2023-03-26T18:34:48.289+0000] {dag.py:2693} INFO - Sync 1 DAGs
[2023-03-26T18:34:48.308+0000] {logging_mixin.py:137} INFO - [2023-03-26T18:34:48.308+0000] {dag.py:3444} INFO - Setting next_dagrun for example_nested_branch_dag to 2023-03-25T00:00:00+00:00, run_after=2023-03-26T00:00:00+00:00
[2023-03-26T18:34:48.323+0000] {processor.py:175} INFO - Processing /home/airflow/.local/lib/python3.7/site-packages/airflow/example_dags/example_nested_branch_dag.py took 0.082 seconds
[2023-03-26T18:35:18.934+0000] {processor.py:153} INFO - Started process (PID=897) to work on /home/airflow/.local/lib/python3.7/site-packages/airflow/example_dags/example_nested_branch_dag.py
[2023-03-26T18:35:18.936+0000] {processor.py:743} INFO - Processing file /home/airflow/.local/lib/python3.7/site-packages/airflow/example_dags/example_nested_branch_dag.py for tasks to queue
[2023-03-26T18:35:18.937+0000] {logging_mixin.py:137} INFO - [2023-03-26T18:35:18.937+0000] {dagbag.py:532} INFO - Filling up the DagBag from /home/airflow/.local/lib/python3.7/site-packages/airflow/example_dags/example_nested_branch_dag.py
[2023-03-26T18:35:18.961+0000] {processor.py:753} INFO - DAG(s) dict_keys(['example_nested_branch_dag']) retrieved from /home/airflow/.local/lib/python3.7/site-packages/airflow/example_dags/example_nested_branch_dag.py
[2023-03-26T18:35:18.992+0000] {logging_mixin.py:137} INFO - [2023-03-26T18:35:18.992+0000] {dag.py:2693} INFO - Sync 1 DAGs
[2023-03-26T18:35:19.016+0000] {logging_mixin.py:137} INFO - [2023-03-26T18:35:19.016+0000] {dag.py:3444} INFO - Setting next_dagrun for example_nested_branch_dag to 2023-03-25T00:00:00+00:00, run_after=2023-03-26T00:00:00+00:00
[2023-03-26T18:35:19.041+0000] {processor.py:175} INFO - Processing /home/airflow/.local/lib/python3.7/site-packages/airflow/example_dags/example_nested_branch_dag.py took 0.112 seconds
[2023-03-26T18:35:50.008+0000] {processor.py:153} INFO - Started process (PID=1114) to work on /home/airflow/.local/lib/python3.7/site-packages/airflow/example_dags/example_nested_branch_dag.py
[2023-03-26T18:35:50.009+0000] {processor.py:743} INFO - Processing file /home/airflow/.local/lib/python3.7/site-packages/airflow/example_dags/example_nested_branch_dag.py for tasks to queue
[2023-03-26T18:35:50.010+0000] {logging_mixin.py:137} INFO - [2023-03-26T18:35:50.010+0000] {dagbag.py:532} INFO - Filling up the DagBag from /home/airflow/.local/lib/python3.7/site-packages/airflow/example_dags/example_nested_branch_dag.py
[2023-03-26T18:35:50.030+0000] {processor.py:753} INFO - DAG(s) dict_keys(['example_nested_branch_dag']) retrieved from /home/airflow/.local/lib/python3.7/site-packages/airflow/example_dags/example_nested_branch_dag.py
[2023-03-26T18:35:50.053+0000] {logging_mixin.py:137} INFO - [2023-03-26T18:35:50.053+0000] {dag.py:2693} INFO - Sync 1 DAGs
[2023-03-26T18:35:50.094+0000] {logging_mixin.py:137} INFO - [2023-03-26T18:35:50.094+0000] {dag.py:3444} INFO - Setting next_dagrun for example_nested_branch_dag to 2023-03-25T00:00:00+00:00, run_after=2023-03-26T00:00:00+00:00
[2023-03-26T18:35:50.107+0000] {processor.py:175} INFO - Processing /home/airflow/.local/lib/python3.7/site-packages/airflow/example_dags/example_nested_branch_dag.py took 0.102 seconds
[2023-03-26T18:36:20.763+0000] {processor.py:153} INFO - Started process (PID=1331) to work on /home/airflow/.local/lib/python3.7/site-packages/airflow/example_dags/example_nested_branch_dag.py
[2023-03-26T18:36:20.765+0000] {processor.py:743} INFO - Processing file /home/airflow/.local/lib/python3.7/site-packages/airflow/example_dags/example_nested_branch_dag.py for tasks to queue
[2023-03-26T18:36:20.765+0000] {logging_mixin.py:137} INFO - [2023-03-26T18:36:20.765+0000] {dagbag.py:532} INFO - Filling up the DagBag from /home/airflow/.local/lib/python3.7/site-packages/airflow/example_dags/example_nested_branch_dag.py
[2023-03-26T18:36:20.785+0000] {processor.py:753} INFO - DAG(s) dict_keys(['example_nested_branch_dag']) retrieved from /home/airflow/.local/lib/python3.7/site-packages/airflow/example_dags/example_nested_branch_dag.py
[2023-03-26T18:36:20.813+0000] {logging_mixin.py:137} INFO - [2023-03-26T18:36:20.813+0000] {dag.py:2693} INFO - Sync 1 DAGs
[2023-03-26T18:36:20.834+0000] {logging_mixin.py:137} INFO - [2023-03-26T18:36:20.834+0000] {dag.py:3444} INFO - Setting next_dagrun for example_nested_branch_dag to 2023-03-25T00:00:00+00:00, run_after=2023-03-26T00:00:00+00:00
[2023-03-26T18:36:20.848+0000] {processor.py:175} INFO - Processing /home/airflow/.local/lib/python3.7/site-packages/airflow/example_dags/example_nested_branch_dag.py took 0.088 seconds
