[2023-03-26T00:06:11.124+0000] {processor.py:153} INFO - Started process (PID=308) to work on /home/airflow/.local/lib/python3.7/site-packages/airflow/example_dags/example_branch_datetime_operator.py
[2023-03-26T00:06:11.125+0000] {processor.py:743} INFO - Processing file /home/airflow/.local/lib/python3.7/site-packages/airflow/example_dags/example_branch_datetime_operator.py for tasks to queue
[2023-03-26T00:06:11.126+0000] {logging_mixin.py:137} INFO - [2023-03-26T00:06:11.126+0000] {dagbag.py:532} INFO - Filling up the DagBag from /home/airflow/.local/lib/python3.7/site-packages/airflow/example_dags/example_branch_datetime_operator.py
[2023-03-26T00:06:11.138+0000] {processor.py:753} INFO - DAG(s) dict_keys(['example_branch_datetime_operator_2', 'example_branch_datetime_operator', 'example_branch_datetime_operator_3']) retrieved from /home/airflow/.local/lib/python3.7/site-packages/airflow/example_dags/example_branch_datetime_operator.py
[2023-03-26T00:06:11.160+0000] {logging_mixin.py:137} INFO - [2023-03-26T00:06:11.160+0000] {dag.py:2693} INFO - Sync 3 DAGs
[2023-03-26T00:06:11.177+0000] {logging_mixin.py:137} INFO - [2023-03-26T00:06:11.177+0000] {dag.py:3444} INFO - Setting next_dagrun for example_branch_datetime_operator to 2023-03-25T00:00:00+00:00, run_after=2023-03-26T00:00:00+00:00
[2023-03-26T00:06:11.181+0000] {logging_mixin.py:137} INFO - [2023-03-26T00:06:11.181+0000] {dag.py:3444} INFO - Setting next_dagrun for example_branch_datetime_operator_2 to 2023-03-25T00:00:00+00:00, run_after=2023-03-26T00:00:00+00:00
[2023-03-26T00:06:11.182+0000] {logging_mixin.py:137} INFO - [2023-03-26T00:06:11.182+0000] {dag.py:3444} INFO - Setting next_dagrun for example_branch_datetime_operator_3 to 2023-03-25T00:00:00+00:00, run_after=2023-03-26T00:00:00+00:00
[2023-03-26T00:06:11.191+0000] {processor.py:175} INFO - Processing /home/airflow/.local/lib/python3.7/site-packages/airflow/example_dags/example_branch_datetime_operator.py took 0.070 seconds
[2023-03-26T00:06:41.236+0000] {processor.py:153} INFO - Started process (PID=522) to work on /home/airflow/.local/lib/python3.7/site-packages/airflow/example_dags/example_branch_datetime_operator.py
[2023-03-26T00:06:41.238+0000] {processor.py:743} INFO - Processing file /home/airflow/.local/lib/python3.7/site-packages/airflow/example_dags/example_branch_datetime_operator.py for tasks to queue
[2023-03-26T00:06:41.238+0000] {logging_mixin.py:137} INFO - [2023-03-26T00:06:41.238+0000] {dagbag.py:532} INFO - Filling up the DagBag from /home/airflow/.local/lib/python3.7/site-packages/airflow/example_dags/example_branch_datetime_operator.py
[2023-03-26T00:06:41.250+0000] {processor.py:753} INFO - DAG(s) dict_keys(['example_branch_datetime_operator_2', 'example_branch_datetime_operator_3', 'example_branch_datetime_operator']) retrieved from /home/airflow/.local/lib/python3.7/site-packages/airflow/example_dags/example_branch_datetime_operator.py
[2023-03-26T00:06:41.273+0000] {logging_mixin.py:137} INFO - [2023-03-26T00:06:41.273+0000] {dag.py:2693} INFO - Sync 3 DAGs
[2023-03-26T00:06:41.289+0000] {logging_mixin.py:137} INFO - [2023-03-26T00:06:41.289+0000] {dag.py:3444} INFO - Setting next_dagrun for example_branch_datetime_operator to 2023-03-25T00:00:00+00:00, run_after=2023-03-26T00:00:00+00:00
[2023-03-26T00:06:41.292+0000] {logging_mixin.py:137} INFO - [2023-03-26T00:06:41.292+0000] {dag.py:3444} INFO - Setting next_dagrun for example_branch_datetime_operator_2 to 2023-03-25T00:00:00+00:00, run_after=2023-03-26T00:00:00+00:00
[2023-03-26T00:06:41.294+0000] {logging_mixin.py:137} INFO - [2023-03-26T00:06:41.294+0000] {dag.py:3444} INFO - Setting next_dagrun for example_branch_datetime_operator_3 to 2023-03-25T00:00:00+00:00, run_after=2023-03-26T00:00:00+00:00
[2023-03-26T00:06:41.304+0000] {processor.py:175} INFO - Processing /home/airflow/.local/lib/python3.7/site-packages/airflow/example_dags/example_branch_datetime_operator.py took 0.070 seconds
[2023-03-26T18:33:49.081+0000] {processor.py:153} INFO - Started process (PID=308) to work on /home/airflow/.local/lib/python3.7/site-packages/airflow/example_dags/example_branch_datetime_operator.py
[2023-03-26T18:33:49.087+0000] {processor.py:743} INFO - Processing file /home/airflow/.local/lib/python3.7/site-packages/airflow/example_dags/example_branch_datetime_operator.py for tasks to queue
[2023-03-26T18:33:49.088+0000] {logging_mixin.py:137} INFO - [2023-03-26T18:33:49.087+0000] {dagbag.py:532} INFO - Filling up the DagBag from /home/airflow/.local/lib/python3.7/site-packages/airflow/example_dags/example_branch_datetime_operator.py
[2023-03-26T18:33:49.103+0000] {processor.py:753} INFO - DAG(s) dict_keys(['example_branch_datetime_operator', 'example_branch_datetime_operator_3', 'example_branch_datetime_operator_2']) retrieved from /home/airflow/.local/lib/python3.7/site-packages/airflow/example_dags/example_branch_datetime_operator.py
[2023-03-26T18:33:49.132+0000] {logging_mixin.py:137} INFO - [2023-03-26T18:33:49.132+0000] {dag.py:2693} INFO - Sync 3 DAGs
[2023-03-26T18:33:49.168+0000] {logging_mixin.py:137} INFO - [2023-03-26T18:33:49.168+0000] {dag.py:3444} INFO - Setting next_dagrun for example_branch_datetime_operator to 2023-03-25T00:00:00+00:00, run_after=2023-03-26T00:00:00+00:00
[2023-03-26T18:33:49.183+0000] {logging_mixin.py:137} INFO - [2023-03-26T18:33:49.183+0000] {dag.py:3444} INFO - Setting next_dagrun for example_branch_datetime_operator_2 to 2023-03-25T00:00:00+00:00, run_after=2023-03-26T00:00:00+00:00
[2023-03-26T18:33:49.187+0000] {logging_mixin.py:137} INFO - [2023-03-26T18:33:49.187+0000] {dag.py:3444} INFO - Setting next_dagrun for example_branch_datetime_operator_3 to 2023-03-25T00:00:00+00:00, run_after=2023-03-26T00:00:00+00:00
[2023-03-26T18:33:49.216+0000] {processor.py:175} INFO - Processing /home/airflow/.local/lib/python3.7/site-packages/airflow/example_dags/example_branch_datetime_operator.py took 0.142 seconds
[2023-03-26T18:34:19.730+0000] {processor.py:153} INFO - Started process (PID=525) to work on /home/airflow/.local/lib/python3.7/site-packages/airflow/example_dags/example_branch_datetime_operator.py
[2023-03-26T18:34:19.732+0000] {processor.py:743} INFO - Processing file /home/airflow/.local/lib/python3.7/site-packages/airflow/example_dags/example_branch_datetime_operator.py for tasks to queue
[2023-03-26T18:34:19.734+0000] {logging_mixin.py:137} INFO - [2023-03-26T18:34:19.734+0000] {dagbag.py:532} INFO - Filling up the DagBag from /home/airflow/.local/lib/python3.7/site-packages/airflow/example_dags/example_branch_datetime_operator.py
[2023-03-26T18:34:19.749+0000] {processor.py:753} INFO - DAG(s) dict_keys(['example_branch_datetime_operator_2', 'example_branch_datetime_operator', 'example_branch_datetime_operator_3']) retrieved from /home/airflow/.local/lib/python3.7/site-packages/airflow/example_dags/example_branch_datetime_operator.py
[2023-03-26T18:34:19.773+0000] {logging_mixin.py:137} INFO - [2023-03-26T18:34:19.773+0000] {dag.py:2693} INFO - Sync 3 DAGs
[2023-03-26T18:34:19.803+0000] {logging_mixin.py:137} INFO - [2023-03-26T18:34:19.803+0000] {dag.py:3444} INFO - Setting next_dagrun for example_branch_datetime_operator to 2023-03-25T00:00:00+00:00, run_after=2023-03-26T00:00:00+00:00
[2023-03-26T18:34:19.807+0000] {logging_mixin.py:137} INFO - [2023-03-26T18:34:19.807+0000] {dag.py:3444} INFO - Setting next_dagrun for example_branch_datetime_operator_2 to 2023-03-25T00:00:00+00:00, run_after=2023-03-26T00:00:00+00:00
[2023-03-26T18:34:19.810+0000] {logging_mixin.py:137} INFO - [2023-03-26T18:34:19.810+0000] {dag.py:3444} INFO - Setting next_dagrun for example_branch_datetime_operator_3 to 2023-03-25T00:00:00+00:00, run_after=2023-03-26T00:00:00+00:00
[2023-03-26T18:34:19.824+0000] {processor.py:175} INFO - Processing /home/airflow/.local/lib/python3.7/site-packages/airflow/example_dags/example_branch_datetime_operator.py took 0.098 seconds
[2023-03-26T18:34:50.180+0000] {processor.py:153} INFO - Started process (PID=741) to work on /home/airflow/.local/lib/python3.7/site-packages/airflow/example_dags/example_branch_datetime_operator.py
[2023-03-26T18:34:50.182+0000] {processor.py:743} INFO - Processing file /home/airflow/.local/lib/python3.7/site-packages/airflow/example_dags/example_branch_datetime_operator.py for tasks to queue
[2023-03-26T18:34:50.184+0000] {logging_mixin.py:137} INFO - [2023-03-26T18:34:50.183+0000] {dagbag.py:532} INFO - Filling up the DagBag from /home/airflow/.local/lib/python3.7/site-packages/airflow/example_dags/example_branch_datetime_operator.py
[2023-03-26T18:34:50.201+0000] {processor.py:753} INFO - DAG(s) dict_keys(['example_branch_datetime_operator_2', 'example_branch_datetime_operator_3', 'example_branch_datetime_operator']) retrieved from /home/airflow/.local/lib/python3.7/site-packages/airflow/example_dags/example_branch_datetime_operator.py
[2023-03-26T18:34:50.232+0000] {logging_mixin.py:137} INFO - [2023-03-26T18:34:50.232+0000] {dag.py:2693} INFO - Sync 3 DAGs
[2023-03-26T18:34:50.264+0000] {logging_mixin.py:137} INFO - [2023-03-26T18:34:50.264+0000] {dag.py:3444} INFO - Setting next_dagrun for example_branch_datetime_operator to 2023-03-25T00:00:00+00:00, run_after=2023-03-26T00:00:00+00:00
[2023-03-26T18:34:50.269+0000] {logging_mixin.py:137} INFO - [2023-03-26T18:34:50.269+0000] {dag.py:3444} INFO - Setting next_dagrun for example_branch_datetime_operator_2 to 2023-03-25T00:00:00+00:00, run_after=2023-03-26T00:00:00+00:00
[2023-03-26T18:34:50.273+0000] {logging_mixin.py:137} INFO - [2023-03-26T18:34:50.273+0000] {dag.py:3444} INFO - Setting next_dagrun for example_branch_datetime_operator_3 to 2023-03-25T00:00:00+00:00, run_after=2023-03-26T00:00:00+00:00
[2023-03-26T18:34:50.291+0000] {processor.py:175} INFO - Processing /home/airflow/.local/lib/python3.7/site-packages/airflow/example_dags/example_branch_datetime_operator.py took 0.116 seconds
[2023-03-26T18:35:20.875+0000] {processor.py:153} INFO - Started process (PID=957) to work on /home/airflow/.local/lib/python3.7/site-packages/airflow/example_dags/example_branch_datetime_operator.py
[2023-03-26T18:35:20.876+0000] {processor.py:743} INFO - Processing file /home/airflow/.local/lib/python3.7/site-packages/airflow/example_dags/example_branch_datetime_operator.py for tasks to queue
[2023-03-26T18:35:20.878+0000] {logging_mixin.py:137} INFO - [2023-03-26T18:35:20.878+0000] {dagbag.py:532} INFO - Filling up the DagBag from /home/airflow/.local/lib/python3.7/site-packages/airflow/example_dags/example_branch_datetime_operator.py
[2023-03-26T18:35:20.897+0000] {processor.py:753} INFO - DAG(s) dict_keys(['example_branch_datetime_operator_3', 'example_branch_datetime_operator_2', 'example_branch_datetime_operator']) retrieved from /home/airflow/.local/lib/python3.7/site-packages/airflow/example_dags/example_branch_datetime_operator.py
[2023-03-26T18:35:20.929+0000] {logging_mixin.py:137} INFO - [2023-03-26T18:35:20.929+0000] {dag.py:2693} INFO - Sync 3 DAGs
[2023-03-26T18:35:20.951+0000] {logging_mixin.py:137} INFO - [2023-03-26T18:35:20.951+0000] {dag.py:3444} INFO - Setting next_dagrun for example_branch_datetime_operator to 2023-03-25T00:00:00+00:00, run_after=2023-03-26T00:00:00+00:00
[2023-03-26T18:35:20.956+0000] {logging_mixin.py:137} INFO - [2023-03-26T18:35:20.956+0000] {dag.py:3444} INFO - Setting next_dagrun for example_branch_datetime_operator_2 to 2023-03-25T00:00:00+00:00, run_after=2023-03-26T00:00:00+00:00
[2023-03-26T18:35:20.960+0000] {logging_mixin.py:137} INFO - [2023-03-26T18:35:20.960+0000] {dag.py:3444} INFO - Setting next_dagrun for example_branch_datetime_operator_3 to 2023-03-25T00:00:00+00:00, run_after=2023-03-26T00:00:00+00:00
[2023-03-26T18:35:20.974+0000] {processor.py:175} INFO - Processing /home/airflow/.local/lib/python3.7/site-packages/airflow/example_dags/example_branch_datetime_operator.py took 0.103 seconds
[2023-03-26T18:35:51.799+0000] {processor.py:153} INFO - Started process (PID=1175) to work on /home/airflow/.local/lib/python3.7/site-packages/airflow/example_dags/example_branch_datetime_operator.py
[2023-03-26T18:35:51.801+0000] {processor.py:743} INFO - Processing file /home/airflow/.local/lib/python3.7/site-packages/airflow/example_dags/example_branch_datetime_operator.py for tasks to queue
[2023-03-26T18:35:51.802+0000] {logging_mixin.py:137} INFO - [2023-03-26T18:35:51.802+0000] {dagbag.py:532} INFO - Filling up the DagBag from /home/airflow/.local/lib/python3.7/site-packages/airflow/example_dags/example_branch_datetime_operator.py
[2023-03-26T18:35:51.816+0000] {processor.py:753} INFO - DAG(s) dict_keys(['example_branch_datetime_operator_2', 'example_branch_datetime_operator_3', 'example_branch_datetime_operator']) retrieved from /home/airflow/.local/lib/python3.7/site-packages/airflow/example_dags/example_branch_datetime_operator.py
[2023-03-26T18:35:51.843+0000] {logging_mixin.py:137} INFO - [2023-03-26T18:35:51.843+0000] {dag.py:2693} INFO - Sync 3 DAGs
[2023-03-26T18:35:51.870+0000] {logging_mixin.py:137} INFO - [2023-03-26T18:35:51.870+0000] {dag.py:3444} INFO - Setting next_dagrun for example_branch_datetime_operator to 2023-03-25T00:00:00+00:00, run_after=2023-03-26T00:00:00+00:00
[2023-03-26T18:35:51.875+0000] {logging_mixin.py:137} INFO - [2023-03-26T18:35:51.875+0000] {dag.py:3444} INFO - Setting next_dagrun for example_branch_datetime_operator_2 to 2023-03-25T00:00:00+00:00, run_after=2023-03-26T00:00:00+00:00
[2023-03-26T18:35:51.878+0000] {logging_mixin.py:137} INFO - [2023-03-26T18:35:51.878+0000] {dag.py:3444} INFO - Setting next_dagrun for example_branch_datetime_operator_3 to 2023-03-25T00:00:00+00:00, run_after=2023-03-26T00:00:00+00:00
[2023-03-26T18:35:51.891+0000] {processor.py:175} INFO - Processing /home/airflow/.local/lib/python3.7/site-packages/airflow/example_dags/example_branch_datetime_operator.py took 0.095 seconds
[2023-03-26T18:36:22.640+0000] {processor.py:153} INFO - Started process (PID=1390) to work on /home/airflow/.local/lib/python3.7/site-packages/airflow/example_dags/example_branch_datetime_operator.py
[2023-03-26T18:36:22.642+0000] {processor.py:743} INFO - Processing file /home/airflow/.local/lib/python3.7/site-packages/airflow/example_dags/example_branch_datetime_operator.py for tasks to queue
[2023-03-26T18:36:22.643+0000] {logging_mixin.py:137} INFO - [2023-03-26T18:36:22.643+0000] {dagbag.py:532} INFO - Filling up the DagBag from /home/airflow/.local/lib/python3.7/site-packages/airflow/example_dags/example_branch_datetime_operator.py
[2023-03-26T18:36:22.659+0000] {processor.py:753} INFO - DAG(s) dict_keys(['example_branch_datetime_operator', 'example_branch_datetime_operator_3', 'example_branch_datetime_operator_2']) retrieved from /home/airflow/.local/lib/python3.7/site-packages/airflow/example_dags/example_branch_datetime_operator.py
[2023-03-26T18:36:22.687+0000] {logging_mixin.py:137} INFO - [2023-03-26T18:36:22.687+0000] {dag.py:2693} INFO - Sync 3 DAGs
[2023-03-26T18:36:22.705+0000] {logging_mixin.py:137} INFO - [2023-03-26T18:36:22.705+0000] {dag.py:3444} INFO - Setting next_dagrun for example_branch_datetime_operator to 2023-03-25T00:00:00+00:00, run_after=2023-03-26T00:00:00+00:00
[2023-03-26T18:36:22.709+0000] {logging_mixin.py:137} INFO - [2023-03-26T18:36:22.709+0000] {dag.py:3444} INFO - Setting next_dagrun for example_branch_datetime_operator_2 to 2023-03-25T00:00:00+00:00, run_after=2023-03-26T00:00:00+00:00
[2023-03-26T18:36:22.711+0000] {logging_mixin.py:137} INFO - [2023-03-26T18:36:22.711+0000] {dag.py:3444} INFO - Setting next_dagrun for example_branch_datetime_operator_3 to 2023-03-25T00:00:00+00:00, run_after=2023-03-26T00:00:00+00:00
[2023-03-26T18:36:22.724+0000] {processor.py:175} INFO - Processing /home/airflow/.local/lib/python3.7/site-packages/airflow/example_dags/example_branch_datetime_operator.py took 0.087 seconds
