[2023-03-26T00:06:10.033+0000] {processor.py:153} INFO - Started process (PID=238) to work on /home/airflow/.local/lib/python3.7/site-packages/airflow/example_dags/example_sensors.py
[2023-03-26T00:06:10.034+0000] {processor.py:743} INFO - Processing file /home/airflow/.local/lib/python3.7/site-packages/airflow/example_dags/example_sensors.py for tasks to queue
[2023-03-26T00:06:10.034+0000] {logging_mixin.py:137} INFO - [2023-03-26T00:06:10.034+0000] {dagbag.py:532} INFO - Filling up the DagBag from /home/airflow/.local/lib/python3.7/site-packages/airflow/example_dags/example_sensors.py
[2023-03-26T00:06:10.058+0000] {processor.py:753} INFO - DAG(s) dict_keys(['example_sensors']) retrieved from /home/airflow/.local/lib/python3.7/site-packages/airflow/example_dags/example_sensors.py
[2023-03-26T00:06:10.080+0000] {logging_mixin.py:137} INFO - [2023-03-26T00:06:10.080+0000] {dag.py:2693} INFO - Sync 1 DAGs
[2023-03-26T00:06:10.097+0000] {logging_mixin.py:137} INFO - [2023-03-26T00:06:10.096+0000] {dag.py:3444} INFO - Setting next_dagrun for example_sensors to None, run_after=None
[2023-03-26T00:06:10.137+0000] {processor.py:175} INFO - Processing /home/airflow/.local/lib/python3.7/site-packages/airflow/example_dags/example_sensors.py took 0.109 seconds
[2023-03-26T00:06:40.212+0000] {processor.py:153} INFO - Started process (PID=457) to work on /home/airflow/.local/lib/python3.7/site-packages/airflow/example_dags/example_sensors.py
[2023-03-26T00:06:40.214+0000] {processor.py:743} INFO - Processing file /home/airflow/.local/lib/python3.7/site-packages/airflow/example_dags/example_sensors.py for tasks to queue
[2023-03-26T00:06:40.215+0000] {logging_mixin.py:137} INFO - [2023-03-26T00:06:40.214+0000] {dagbag.py:532} INFO - Filling up the DagBag from /home/airflow/.local/lib/python3.7/site-packages/airflow/example_dags/example_sensors.py
[2023-03-26T00:06:40.228+0000] {processor.py:753} INFO - DAG(s) dict_keys(['example_sensors']) retrieved from /home/airflow/.local/lib/python3.7/site-packages/airflow/example_dags/example_sensors.py
[2023-03-26T00:06:40.249+0000] {logging_mixin.py:137} INFO - [2023-03-26T00:06:40.249+0000] {dag.py:2693} INFO - Sync 1 DAGs
[2023-03-26T00:06:40.264+0000] {logging_mixin.py:137} INFO - [2023-03-26T00:06:40.264+0000] {dag.py:3444} INFO - Setting next_dagrun for example_sensors to None, run_after=None
[2023-03-26T00:06:40.274+0000] {processor.py:175} INFO - Processing /home/airflow/.local/lib/python3.7/site-packages/airflow/example_dags/example_sensors.py took 0.064 seconds
[2023-03-26T18:33:47.528+0000] {processor.py:153} INFO - Started process (PID=238) to work on /home/airflow/.local/lib/python3.7/site-packages/airflow/example_dags/example_sensors.py
[2023-03-26T18:33:47.531+0000] {processor.py:743} INFO - Processing file /home/airflow/.local/lib/python3.7/site-packages/airflow/example_dags/example_sensors.py for tasks to queue
[2023-03-26T18:33:47.535+0000] {logging_mixin.py:137} INFO - [2023-03-26T18:33:47.534+0000] {dagbag.py:532} INFO - Filling up the DagBag from /home/airflow/.local/lib/python3.7/site-packages/airflow/example_dags/example_sensors.py
[2023-03-26T18:33:47.570+0000] {processor.py:753} INFO - DAG(s) dict_keys(['example_sensors']) retrieved from /home/airflow/.local/lib/python3.7/site-packages/airflow/example_dags/example_sensors.py
[2023-03-26T18:33:47.597+0000] {logging_mixin.py:137} INFO - [2023-03-26T18:33:47.597+0000] {dag.py:2693} INFO - Sync 1 DAGs
[2023-03-26T18:33:47.621+0000] {logging_mixin.py:137} INFO - [2023-03-26T18:33:47.620+0000] {dag.py:3444} INFO - Setting next_dagrun for example_sensors to None, run_after=None
[2023-03-26T18:33:47.637+0000] {processor.py:175} INFO - Processing /home/airflow/.local/lib/python3.7/site-packages/airflow/example_dags/example_sensors.py took 0.115 seconds
[2023-03-26T18:34:17.747+0000] {processor.py:153} INFO - Started process (PID=452) to work on /home/airflow/.local/lib/python3.7/site-packages/airflow/example_dags/example_sensors.py
[2023-03-26T18:34:17.749+0000] {processor.py:743} INFO - Processing file /home/airflow/.local/lib/python3.7/site-packages/airflow/example_dags/example_sensors.py for tasks to queue
[2023-03-26T18:34:17.750+0000] {logging_mixin.py:137} INFO - [2023-03-26T18:34:17.750+0000] {dagbag.py:532} INFO - Filling up the DagBag from /home/airflow/.local/lib/python3.7/site-packages/airflow/example_dags/example_sensors.py
[2023-03-26T18:34:17.767+0000] {processor.py:753} INFO - DAG(s) dict_keys(['example_sensors']) retrieved from /home/airflow/.local/lib/python3.7/site-packages/airflow/example_dags/example_sensors.py
[2023-03-26T18:34:17.782+0000] {logging_mixin.py:137} INFO - [2023-03-26T18:34:17.782+0000] {dag.py:2693} INFO - Sync 1 DAGs
[2023-03-26T18:34:17.802+0000] {logging_mixin.py:137} INFO - [2023-03-26T18:34:17.802+0000] {dag.py:3444} INFO - Setting next_dagrun for example_sensors to None, run_after=None
[2023-03-26T18:34:17.817+0000] {processor.py:175} INFO - Processing /home/airflow/.local/lib/python3.7/site-packages/airflow/example_dags/example_sensors.py took 0.074 seconds
[2023-03-26T18:34:47.908+0000] {processor.py:153} INFO - Started process (PID=668) to work on /home/airflow/.local/lib/python3.7/site-packages/airflow/example_dags/example_sensors.py
[2023-03-26T18:34:47.909+0000] {processor.py:743} INFO - Processing file /home/airflow/.local/lib/python3.7/site-packages/airflow/example_dags/example_sensors.py for tasks to queue
[2023-03-26T18:34:47.910+0000] {logging_mixin.py:137} INFO - [2023-03-26T18:34:47.910+0000] {dagbag.py:532} INFO - Filling up the DagBag from /home/airflow/.local/lib/python3.7/site-packages/airflow/example_dags/example_sensors.py
[2023-03-26T18:34:47.927+0000] {processor.py:753} INFO - DAG(s) dict_keys(['example_sensors']) retrieved from /home/airflow/.local/lib/python3.7/site-packages/airflow/example_dags/example_sensors.py
[2023-03-26T18:34:47.952+0000] {logging_mixin.py:137} INFO - [2023-03-26T18:34:47.952+0000] {dag.py:2693} INFO - Sync 1 DAGs
[2023-03-26T18:34:47.970+0000] {logging_mixin.py:137} INFO - [2023-03-26T18:34:47.970+0000] {dag.py:3444} INFO - Setting next_dagrun for example_sensors to None, run_after=None
[2023-03-26T18:34:47.985+0000] {processor.py:175} INFO - Processing /home/airflow/.local/lib/python3.7/site-packages/airflow/example_dags/example_sensors.py took 0.080 seconds
[2023-03-26T18:35:18.792+0000] {processor.py:153} INFO - Started process (PID=887) to work on /home/airflow/.local/lib/python3.7/site-packages/airflow/example_dags/example_sensors.py
[2023-03-26T18:35:18.794+0000] {processor.py:743} INFO - Processing file /home/airflow/.local/lib/python3.7/site-packages/airflow/example_dags/example_sensors.py for tasks to queue
[2023-03-26T18:35:18.795+0000] {logging_mixin.py:137} INFO - [2023-03-26T18:35:18.795+0000] {dagbag.py:532} INFO - Filling up the DagBag from /home/airflow/.local/lib/python3.7/site-packages/airflow/example_dags/example_sensors.py
[2023-03-26T18:35:18.819+0000] {processor.py:753} INFO - DAG(s) dict_keys(['example_sensors']) retrieved from /home/airflow/.local/lib/python3.7/site-packages/airflow/example_dags/example_sensors.py
[2023-03-26T18:35:18.850+0000] {logging_mixin.py:137} INFO - [2023-03-26T18:35:18.850+0000] {dag.py:2693} INFO - Sync 1 DAGs
[2023-03-26T18:35:18.871+0000] {logging_mixin.py:137} INFO - [2023-03-26T18:35:18.871+0000] {dag.py:3444} INFO - Setting next_dagrun for example_sensors to None, run_after=None
[2023-03-26T18:35:18.886+0000] {processor.py:175} INFO - Processing /home/airflow/.local/lib/python3.7/site-packages/airflow/example_dags/example_sensors.py took 0.099 seconds
[2023-03-26T18:35:49.822+0000] {processor.py:153} INFO - Started process (PID=1104) to work on /home/airflow/.local/lib/python3.7/site-packages/airflow/example_dags/example_sensors.py
[2023-03-26T18:35:49.823+0000] {processor.py:743} INFO - Processing file /home/airflow/.local/lib/python3.7/site-packages/airflow/example_dags/example_sensors.py for tasks to queue
[2023-03-26T18:35:49.826+0000] {logging_mixin.py:137} INFO - [2023-03-26T18:35:49.826+0000] {dagbag.py:532} INFO - Filling up the DagBag from /home/airflow/.local/lib/python3.7/site-packages/airflow/example_dags/example_sensors.py
[2023-03-26T18:35:49.863+0000] {processor.py:753} INFO - DAG(s) dict_keys(['example_sensors']) retrieved from /home/airflow/.local/lib/python3.7/site-packages/airflow/example_dags/example_sensors.py
[2023-03-26T18:35:49.904+0000] {logging_mixin.py:137} INFO - [2023-03-26T18:35:49.904+0000] {dag.py:2693} INFO - Sync 1 DAGs
[2023-03-26T18:35:49.938+0000] {logging_mixin.py:137} INFO - [2023-03-26T18:35:49.938+0000] {dag.py:3444} INFO - Setting next_dagrun for example_sensors to None, run_after=None
[2023-03-26T18:35:49.969+0000] {processor.py:175} INFO - Processing /home/airflow/.local/lib/python3.7/site-packages/airflow/example_dags/example_sensors.py took 0.151 seconds
[2023-03-26T18:36:20.648+0000] {processor.py:153} INFO - Started process (PID=1321) to work on /home/airflow/.local/lib/python3.7/site-packages/airflow/example_dags/example_sensors.py
[2023-03-26T18:36:20.649+0000] {processor.py:743} INFO - Processing file /home/airflow/.local/lib/python3.7/site-packages/airflow/example_dags/example_sensors.py for tasks to queue
[2023-03-26T18:36:20.651+0000] {logging_mixin.py:137} INFO - [2023-03-26T18:36:20.650+0000] {dagbag.py:532} INFO - Filling up the DagBag from /home/airflow/.local/lib/python3.7/site-packages/airflow/example_dags/example_sensors.py
[2023-03-26T18:36:20.669+0000] {processor.py:753} INFO - DAG(s) dict_keys(['example_sensors']) retrieved from /home/airflow/.local/lib/python3.7/site-packages/airflow/example_dags/example_sensors.py
[2023-03-26T18:36:20.698+0000] {logging_mixin.py:137} INFO - [2023-03-26T18:36:20.698+0000] {dag.py:2693} INFO - Sync 1 DAGs
[2023-03-26T18:36:20.716+0000] {logging_mixin.py:137} INFO - [2023-03-26T18:36:20.716+0000] {dag.py:3444} INFO - Setting next_dagrun for example_sensors to None, run_after=None
[2023-03-26T18:36:20.731+0000] {processor.py:175} INFO - Processing /home/airflow/.local/lib/python3.7/site-packages/airflow/example_dags/example_sensors.py took 0.087 seconds
