[2023-03-26T00:06:08.948+0000] {processor.py:153} INFO - Started process (PID=183) to work on /home/airflow/.local/lib/python3.7/site-packages/airflow/example_dags/example_complex.py
[2023-03-26T00:06:08.949+0000] {processor.py:743} INFO - Processing file /home/airflow/.local/lib/python3.7/site-packages/airflow/example_dags/example_complex.py for tasks to queue
[2023-03-26T00:06:08.951+0000] {logging_mixin.py:137} INFO - [2023-03-26T00:06:08.950+0000] {dagbag.py:532} INFO - Filling up the DagBag from /home/airflow/.local/lib/python3.7/site-packages/airflow/example_dags/example_complex.py
[2023-03-26T00:06:08.968+0000] {logging_mixin.py:137} INFO - [2023-03-26T00:06:08.968+0000] {taskmixin.py:211} WARNING - Dependency <Task(BashOperator): create_entry_group>, delete_entry_group already registered for DAG: example_complex
[2023-03-26T00:06:08.972+0000] {logging_mixin.py:137} INFO - [2023-03-26T00:06:08.971+0000] {taskmixin.py:211} WARNING - Dependency <Task(BashOperator): delete_entry_group>, create_entry_group already registered for DAG: example_complex
[2023-03-26T00:06:08.973+0000] {logging_mixin.py:137} INFO - [2023-03-26T00:06:08.972+0000] {taskmixin.py:211} WARNING - Dependency <Task(BashOperator): create_entry_gcs>, delete_entry already registered for DAG: example_complex
[2023-03-26T00:06:08.973+0000] {logging_mixin.py:137} INFO - [2023-03-26T00:06:08.973+0000] {taskmixin.py:211} WARNING - Dependency <Task(BashOperator): delete_entry>, create_entry_gcs already registered for DAG: example_complex
[2023-03-26T00:06:08.974+0000] {logging_mixin.py:137} INFO - [2023-03-26T00:06:08.974+0000] {taskmixin.py:211} WARNING - Dependency <Task(BashOperator): create_tag>, delete_tag already registered for DAG: example_complex
[2023-03-26T00:06:08.974+0000] {logging_mixin.py:137} INFO - [2023-03-26T00:06:08.974+0000] {taskmixin.py:211} WARNING - Dependency <Task(BashOperator): delete_tag>, create_tag already registered for DAG: example_complex
[2023-03-26T00:06:08.989+0000] {processor.py:753} INFO - DAG(s) dict_keys(['example_complex']) retrieved from /home/airflow/.local/lib/python3.7/site-packages/airflow/example_dags/example_complex.py
[2023-03-26T00:06:09.054+0000] {logging_mixin.py:137} INFO - [2023-03-26T00:06:09.053+0000] {dag.py:2693} INFO - Sync 1 DAGs
[2023-03-26T00:06:09.091+0000] {logging_mixin.py:137} INFO - [2023-03-26T00:06:09.091+0000] {dag.py:3444} INFO - Setting next_dagrun for example_complex to None, run_after=None
[2023-03-26T00:06:09.103+0000] {processor.py:175} INFO - Processing /home/airflow/.local/lib/python3.7/site-packages/airflow/example_dags/example_complex.py took 0.159 seconds
[2023-03-26T00:06:39.526+0000] {processor.py:153} INFO - Started process (PID=400) to work on /home/airflow/.local/lib/python3.7/site-packages/airflow/example_dags/example_complex.py
[2023-03-26T00:06:39.527+0000] {processor.py:743} INFO - Processing file /home/airflow/.local/lib/python3.7/site-packages/airflow/example_dags/example_complex.py for tasks to queue
[2023-03-26T00:06:39.528+0000] {logging_mixin.py:137} INFO - [2023-03-26T00:06:39.528+0000] {dagbag.py:532} INFO - Filling up the DagBag from /home/airflow/.local/lib/python3.7/site-packages/airflow/example_dags/example_complex.py
[2023-03-26T00:06:39.536+0000] {logging_mixin.py:137} INFO - [2023-03-26T00:06:39.536+0000] {taskmixin.py:211} WARNING - Dependency <Task(BashOperator): create_entry_group>, delete_entry_group already registered for DAG: example_complex
[2023-03-26T00:06:39.536+0000] {logging_mixin.py:137} INFO - [2023-03-26T00:06:39.536+0000] {taskmixin.py:211} WARNING - Dependency <Task(BashOperator): delete_entry_group>, create_entry_group already registered for DAG: example_complex
[2023-03-26T00:06:39.537+0000] {logging_mixin.py:137} INFO - [2023-03-26T00:06:39.536+0000] {taskmixin.py:211} WARNING - Dependency <Task(BashOperator): create_entry_gcs>, delete_entry already registered for DAG: example_complex
[2023-03-26T00:06:39.537+0000] {logging_mixin.py:137} INFO - [2023-03-26T00:06:39.537+0000] {taskmixin.py:211} WARNING - Dependency <Task(BashOperator): delete_entry>, create_entry_gcs already registered for DAG: example_complex
[2023-03-26T00:06:39.538+0000] {logging_mixin.py:137} INFO - [2023-03-26T00:06:39.538+0000] {taskmixin.py:211} WARNING - Dependency <Task(BashOperator): create_tag>, delete_tag already registered for DAG: example_complex
[2023-03-26T00:06:39.538+0000] {logging_mixin.py:137} INFO - [2023-03-26T00:06:39.538+0000] {taskmixin.py:211} WARNING - Dependency <Task(BashOperator): delete_tag>, create_tag already registered for DAG: example_complex
[2023-03-26T00:06:39.543+0000] {processor.py:753} INFO - DAG(s) dict_keys(['example_complex']) retrieved from /home/airflow/.local/lib/python3.7/site-packages/airflow/example_dags/example_complex.py
[2023-03-26T00:06:39.575+0000] {logging_mixin.py:137} INFO - [2023-03-26T00:06:39.575+0000] {dag.py:2693} INFO - Sync 1 DAGs
[2023-03-26T00:06:39.592+0000] {logging_mixin.py:137} INFO - [2023-03-26T00:06:39.591+0000] {dag.py:3444} INFO - Setting next_dagrun for example_complex to None, run_after=None
[2023-03-26T00:06:39.603+0000] {processor.py:175} INFO - Processing /home/airflow/.local/lib/python3.7/site-packages/airflow/example_dags/example_complex.py took 0.080 seconds
[2023-03-26T18:33:46.395+0000] {processor.py:153} INFO - Started process (PID=183) to work on /home/airflow/.local/lib/python3.7/site-packages/airflow/example_dags/example_complex.py
[2023-03-26T18:33:46.397+0000] {processor.py:743} INFO - Processing file /home/airflow/.local/lib/python3.7/site-packages/airflow/example_dags/example_complex.py for tasks to queue
[2023-03-26T18:33:46.398+0000] {logging_mixin.py:137} INFO - [2023-03-26T18:33:46.397+0000] {dagbag.py:532} INFO - Filling up the DagBag from /home/airflow/.local/lib/python3.7/site-packages/airflow/example_dags/example_complex.py
[2023-03-26T18:33:46.411+0000] {logging_mixin.py:137} INFO - [2023-03-26T18:33:46.410+0000] {taskmixin.py:211} WARNING - Dependency <Task(BashOperator): create_entry_group>, delete_entry_group already registered for DAG: example_complex
[2023-03-26T18:33:46.413+0000] {logging_mixin.py:137} INFO - [2023-03-26T18:33:46.413+0000] {taskmixin.py:211} WARNING - Dependency <Task(BashOperator): delete_entry_group>, create_entry_group already registered for DAG: example_complex
[2023-03-26T18:33:46.417+0000] {logging_mixin.py:137} INFO - [2023-03-26T18:33:46.417+0000] {taskmixin.py:211} WARNING - Dependency <Task(BashOperator): create_entry_gcs>, delete_entry already registered for DAG: example_complex
[2023-03-26T18:33:46.417+0000] {logging_mixin.py:137} INFO - [2023-03-26T18:33:46.417+0000] {taskmixin.py:211} WARNING - Dependency <Task(BashOperator): delete_entry>, create_entry_gcs already registered for DAG: example_complex
[2023-03-26T18:33:46.418+0000] {logging_mixin.py:137} INFO - [2023-03-26T18:33:46.418+0000] {taskmixin.py:211} WARNING - Dependency <Task(BashOperator): create_tag>, delete_tag already registered for DAG: example_complex
[2023-03-26T18:33:46.435+0000] {logging_mixin.py:137} INFO - [2023-03-26T18:33:46.435+0000] {taskmixin.py:211} WARNING - Dependency <Task(BashOperator): delete_tag>, create_tag already registered for DAG: example_complex
[2023-03-26T18:33:46.441+0000] {processor.py:753} INFO - DAG(s) dict_keys(['example_complex']) retrieved from /home/airflow/.local/lib/python3.7/site-packages/airflow/example_dags/example_complex.py
[2023-03-26T18:33:46.484+0000] {logging_mixin.py:137} INFO - [2023-03-26T18:33:46.484+0000] {dag.py:2693} INFO - Sync 1 DAGs
[2023-03-26T18:33:46.527+0000] {logging_mixin.py:137} INFO - [2023-03-26T18:33:46.527+0000] {dag.py:3444} INFO - Setting next_dagrun for example_complex to None, run_after=None
[2023-03-26T18:33:46.564+0000] {processor.py:175} INFO - Processing /home/airflow/.local/lib/python3.7/site-packages/airflow/example_dags/example_complex.py took 0.172 seconds
[2023-03-26T18:34:16.754+0000] {processor.py:153} INFO - Started process (PID=400) to work on /home/airflow/.local/lib/python3.7/site-packages/airflow/example_dags/example_complex.py
[2023-03-26T18:34:16.757+0000] {processor.py:743} INFO - Processing file /home/airflow/.local/lib/python3.7/site-packages/airflow/example_dags/example_complex.py for tasks to queue
[2023-03-26T18:34:16.759+0000] {logging_mixin.py:137} INFO - [2023-03-26T18:34:16.759+0000] {dagbag.py:532} INFO - Filling up the DagBag from /home/airflow/.local/lib/python3.7/site-packages/airflow/example_dags/example_complex.py
[2023-03-26T18:34:16.770+0000] {logging_mixin.py:137} INFO - [2023-03-26T18:34:16.770+0000] {taskmixin.py:211} WARNING - Dependency <Task(BashOperator): create_entry_group>, delete_entry_group already registered for DAG: example_complex
[2023-03-26T18:34:16.771+0000] {logging_mixin.py:137} INFO - [2023-03-26T18:34:16.771+0000] {taskmixin.py:211} WARNING - Dependency <Task(BashOperator): delete_entry_group>, create_entry_group already registered for DAG: example_complex
[2023-03-26T18:34:16.773+0000] {logging_mixin.py:137} INFO - [2023-03-26T18:34:16.773+0000] {taskmixin.py:211} WARNING - Dependency <Task(BashOperator): create_entry_gcs>, delete_entry already registered for DAG: example_complex
[2023-03-26T18:34:16.774+0000] {logging_mixin.py:137} INFO - [2023-03-26T18:34:16.774+0000] {taskmixin.py:211} WARNING - Dependency <Task(BashOperator): delete_entry>, create_entry_gcs already registered for DAG: example_complex
[2023-03-26T18:34:16.775+0000] {logging_mixin.py:137} INFO - [2023-03-26T18:34:16.775+0000] {taskmixin.py:211} WARNING - Dependency <Task(BashOperator): create_tag>, delete_tag already registered for DAG: example_complex
[2023-03-26T18:34:16.775+0000] {logging_mixin.py:137} INFO - [2023-03-26T18:34:16.775+0000] {taskmixin.py:211} WARNING - Dependency <Task(BashOperator): delete_tag>, create_tag already registered for DAG: example_complex
[2023-03-26T18:34:16.785+0000] {processor.py:753} INFO - DAG(s) dict_keys(['example_complex']) retrieved from /home/airflow/.local/lib/python3.7/site-packages/airflow/example_dags/example_complex.py
[2023-03-26T18:34:16.802+0000] {logging_mixin.py:137} INFO - [2023-03-26T18:34:16.802+0000] {dag.py:2693} INFO - Sync 1 DAGs
[2023-03-26T18:34:16.824+0000] {logging_mixin.py:137} INFO - [2023-03-26T18:34:16.824+0000] {dag.py:3444} INFO - Setting next_dagrun for example_complex to None, run_after=None
[2023-03-26T18:34:16.841+0000] {processor.py:175} INFO - Processing /home/airflow/.local/lib/python3.7/site-packages/airflow/example_dags/example_complex.py took 0.093 seconds
[2023-03-26T18:34:47.113+0000] {processor.py:153} INFO - Started process (PID=616) to work on /home/airflow/.local/lib/python3.7/site-packages/airflow/example_dags/example_complex.py
[2023-03-26T18:34:47.114+0000] {processor.py:743} INFO - Processing file /home/airflow/.local/lib/python3.7/site-packages/airflow/example_dags/example_complex.py for tasks to queue
[2023-03-26T18:34:47.116+0000] {logging_mixin.py:137} INFO - [2023-03-26T18:34:47.116+0000] {dagbag.py:532} INFO - Filling up the DagBag from /home/airflow/.local/lib/python3.7/site-packages/airflow/example_dags/example_complex.py
[2023-03-26T18:34:47.130+0000] {logging_mixin.py:137} INFO - [2023-03-26T18:34:47.130+0000] {taskmixin.py:211} WARNING - Dependency <Task(BashOperator): create_entry_group>, delete_entry_group already registered for DAG: example_complex
[2023-03-26T18:34:47.131+0000] {logging_mixin.py:137} INFO - [2023-03-26T18:34:47.131+0000] {taskmixin.py:211} WARNING - Dependency <Task(BashOperator): delete_entry_group>, create_entry_group already registered for DAG: example_complex
[2023-03-26T18:34:47.131+0000] {logging_mixin.py:137} INFO - [2023-03-26T18:34:47.131+0000] {taskmixin.py:211} WARNING - Dependency <Task(BashOperator): create_entry_gcs>, delete_entry already registered for DAG: example_complex
[2023-03-26T18:34:47.132+0000] {logging_mixin.py:137} INFO - [2023-03-26T18:34:47.132+0000] {taskmixin.py:211} WARNING - Dependency <Task(BashOperator): delete_entry>, create_entry_gcs already registered for DAG: example_complex
[2023-03-26T18:34:47.132+0000] {logging_mixin.py:137} INFO - [2023-03-26T18:34:47.132+0000] {taskmixin.py:211} WARNING - Dependency <Task(BashOperator): create_tag>, delete_tag already registered for DAG: example_complex
[2023-03-26T18:34:47.133+0000] {logging_mixin.py:137} INFO - [2023-03-26T18:34:47.133+0000] {taskmixin.py:211} WARNING - Dependency <Task(BashOperator): delete_tag>, create_tag already registered for DAG: example_complex
[2023-03-26T18:34:47.141+0000] {processor.py:753} INFO - DAG(s) dict_keys(['example_complex']) retrieved from /home/airflow/.local/lib/python3.7/site-packages/airflow/example_dags/example_complex.py
[2023-03-26T18:34:47.169+0000] {logging_mixin.py:137} INFO - [2023-03-26T18:34:47.169+0000] {dag.py:2693} INFO - Sync 1 DAGs
[2023-03-26T18:34:47.190+0000] {logging_mixin.py:137} INFO - [2023-03-26T18:34:47.190+0000] {dag.py:3444} INFO - Setting next_dagrun for example_complex to None, run_after=None
[2023-03-26T18:34:47.204+0000] {processor.py:175} INFO - Processing /home/airflow/.local/lib/python3.7/site-packages/airflow/example_dags/example_complex.py took 0.095 seconds
[2023-03-26T18:35:17.886+0000] {processor.py:153} INFO - Started process (PID=832) to work on /home/airflow/.local/lib/python3.7/site-packages/airflow/example_dags/example_complex.py
[2023-03-26T18:35:17.888+0000] {processor.py:743} INFO - Processing file /home/airflow/.local/lib/python3.7/site-packages/airflow/example_dags/example_complex.py for tasks to queue
[2023-03-26T18:35:17.889+0000] {logging_mixin.py:137} INFO - [2023-03-26T18:35:17.889+0000] {dagbag.py:532} INFO - Filling up the DagBag from /home/airflow/.local/lib/python3.7/site-packages/airflow/example_dags/example_complex.py
[2023-03-26T18:35:17.901+0000] {logging_mixin.py:137} INFO - [2023-03-26T18:35:17.900+0000] {taskmixin.py:211} WARNING - Dependency <Task(BashOperator): create_entry_group>, delete_entry_group already registered for DAG: example_complex
[2023-03-26T18:35:17.901+0000] {logging_mixin.py:137} INFO - [2023-03-26T18:35:17.901+0000] {taskmixin.py:211} WARNING - Dependency <Task(BashOperator): delete_entry_group>, create_entry_group already registered for DAG: example_complex
[2023-03-26T18:35:17.902+0000] {logging_mixin.py:137} INFO - [2023-03-26T18:35:17.902+0000] {taskmixin.py:211} WARNING - Dependency <Task(BashOperator): create_entry_gcs>, delete_entry already registered for DAG: example_complex
[2023-03-26T18:35:17.902+0000] {logging_mixin.py:137} INFO - [2023-03-26T18:35:17.902+0000] {taskmixin.py:211} WARNING - Dependency <Task(BashOperator): delete_entry>, create_entry_gcs already registered for DAG: example_complex
[2023-03-26T18:35:17.903+0000] {logging_mixin.py:137} INFO - [2023-03-26T18:35:17.903+0000] {taskmixin.py:211} WARNING - Dependency <Task(BashOperator): create_tag>, delete_tag already registered for DAG: example_complex
[2023-03-26T18:35:17.903+0000] {logging_mixin.py:137} INFO - [2023-03-26T18:35:17.903+0000] {taskmixin.py:211} WARNING - Dependency <Task(BashOperator): delete_tag>, create_tag already registered for DAG: example_complex
[2023-03-26T18:35:17.920+0000] {processor.py:753} INFO - DAG(s) dict_keys(['example_complex']) retrieved from /home/airflow/.local/lib/python3.7/site-packages/airflow/example_dags/example_complex.py
[2023-03-26T18:35:17.975+0000] {logging_mixin.py:137} INFO - [2023-03-26T18:35:17.975+0000] {dag.py:2693} INFO - Sync 1 DAGs
[2023-03-26T18:35:18.007+0000] {logging_mixin.py:137} INFO - [2023-03-26T18:35:18.007+0000] {dag.py:3444} INFO - Setting next_dagrun for example_complex to None, run_after=None
[2023-03-26T18:35:18.025+0000] {processor.py:175} INFO - Processing /home/airflow/.local/lib/python3.7/site-packages/airflow/example_dags/example_complex.py took 0.143 seconds
[2023-03-26T18:35:48.495+0000] {processor.py:153} INFO - Started process (PID=1049) to work on /home/airflow/.local/lib/python3.7/site-packages/airflow/example_dags/example_complex.py
[2023-03-26T18:35:48.497+0000] {processor.py:743} INFO - Processing file /home/airflow/.local/lib/python3.7/site-packages/airflow/example_dags/example_complex.py for tasks to queue
[2023-03-26T18:35:48.499+0000] {logging_mixin.py:137} INFO - [2023-03-26T18:35:48.499+0000] {dagbag.py:532} INFO - Filling up the DagBag from /home/airflow/.local/lib/python3.7/site-packages/airflow/example_dags/example_complex.py
[2023-03-26T18:35:48.510+0000] {logging_mixin.py:137} INFO - [2023-03-26T18:35:48.510+0000] {taskmixin.py:211} WARNING - Dependency <Task(BashOperator): create_entry_group>, delete_entry_group already registered for DAG: example_complex
[2023-03-26T18:35:48.512+0000] {logging_mixin.py:137} INFO - [2023-03-26T18:35:48.511+0000] {taskmixin.py:211} WARNING - Dependency <Task(BashOperator): delete_entry_group>, create_entry_group already registered for DAG: example_complex
[2023-03-26T18:35:48.512+0000] {logging_mixin.py:137} INFO - [2023-03-26T18:35:48.512+0000] {taskmixin.py:211} WARNING - Dependency <Task(BashOperator): create_entry_gcs>, delete_entry already registered for DAG: example_complex
[2023-03-26T18:35:48.513+0000] {logging_mixin.py:137} INFO - [2023-03-26T18:35:48.513+0000] {taskmixin.py:211} WARNING - Dependency <Task(BashOperator): delete_entry>, create_entry_gcs already registered for DAG: example_complex
[2023-03-26T18:35:48.513+0000] {logging_mixin.py:137} INFO - [2023-03-26T18:35:48.513+0000] {taskmixin.py:211} WARNING - Dependency <Task(BashOperator): create_tag>, delete_tag already registered for DAG: example_complex
[2023-03-26T18:35:48.514+0000] {logging_mixin.py:137} INFO - [2023-03-26T18:35:48.514+0000] {taskmixin.py:211} WARNING - Dependency <Task(BashOperator): delete_tag>, create_tag already registered for DAG: example_complex
[2023-03-26T18:35:48.521+0000] {processor.py:753} INFO - DAG(s) dict_keys(['example_complex']) retrieved from /home/airflow/.local/lib/python3.7/site-packages/airflow/example_dags/example_complex.py
[2023-03-26T18:35:48.558+0000] {logging_mixin.py:137} INFO - [2023-03-26T18:35:48.558+0000] {dag.py:2693} INFO - Sync 1 DAGs
[2023-03-26T18:35:48.584+0000] {logging_mixin.py:137} INFO - [2023-03-26T18:35:48.584+0000] {dag.py:3444} INFO - Setting next_dagrun for example_complex to None, run_after=None
[2023-03-26T18:35:48.615+0000] {processor.py:175} INFO - Processing /home/airflow/.local/lib/python3.7/site-packages/airflow/example_dags/example_complex.py took 0.123 seconds
[2023-03-26T18:36:18.972+0000] {processor.py:153} INFO - Started process (PID=1267) to work on /home/airflow/.local/lib/python3.7/site-packages/airflow/example_dags/example_complex.py
[2023-03-26T18:36:18.973+0000] {processor.py:743} INFO - Processing file /home/airflow/.local/lib/python3.7/site-packages/airflow/example_dags/example_complex.py for tasks to queue
[2023-03-26T18:36:18.974+0000] {logging_mixin.py:137} INFO - [2023-03-26T18:36:18.974+0000] {dagbag.py:532} INFO - Filling up the DagBag from /home/airflow/.local/lib/python3.7/site-packages/airflow/example_dags/example_complex.py
[2023-03-26T18:36:18.984+0000] {logging_mixin.py:137} INFO - [2023-03-26T18:36:18.984+0000] {taskmixin.py:211} WARNING - Dependency <Task(BashOperator): create_entry_group>, delete_entry_group already registered for DAG: example_complex
[2023-03-26T18:36:18.985+0000] {logging_mixin.py:137} INFO - [2023-03-26T18:36:18.985+0000] {taskmixin.py:211} WARNING - Dependency <Task(BashOperator): delete_entry_group>, create_entry_group already registered for DAG: example_complex
[2023-03-26T18:36:18.985+0000] {logging_mixin.py:137} INFO - [2023-03-26T18:36:18.985+0000] {taskmixin.py:211} WARNING - Dependency <Task(BashOperator): create_entry_gcs>, delete_entry already registered for DAG: example_complex
[2023-03-26T18:36:18.986+0000] {logging_mixin.py:137} INFO - [2023-03-26T18:36:18.986+0000] {taskmixin.py:211} WARNING - Dependency <Task(BashOperator): delete_entry>, create_entry_gcs already registered for DAG: example_complex
[2023-03-26T18:36:18.987+0000] {logging_mixin.py:137} INFO - [2023-03-26T18:36:18.986+0000] {taskmixin.py:211} WARNING - Dependency <Task(BashOperator): create_tag>, delete_tag already registered for DAG: example_complex
[2023-03-26T18:36:18.987+0000] {logging_mixin.py:137} INFO - [2023-03-26T18:36:18.987+0000] {taskmixin.py:211} WARNING - Dependency <Task(BashOperator): delete_tag>, create_tag already registered for DAG: example_complex
[2023-03-26T18:36:18.994+0000] {processor.py:753} INFO - DAG(s) dict_keys(['example_complex']) retrieved from /home/airflow/.local/lib/python3.7/site-packages/airflow/example_dags/example_complex.py
[2023-03-26T18:36:19.021+0000] {logging_mixin.py:137} INFO - [2023-03-26T18:36:19.021+0000] {dag.py:2693} INFO - Sync 1 DAGs
[2023-03-26T18:36:19.039+0000] {logging_mixin.py:137} INFO - [2023-03-26T18:36:19.039+0000] {dag.py:3444} INFO - Setting next_dagrun for example_complex to None, run_after=None
[2023-03-26T18:36:19.053+0000] {processor.py:175} INFO - Processing /home/airflow/.local/lib/python3.7/site-packages/airflow/example_dags/example_complex.py took 0.087 seconds
