[2023-03-26T00:06:11.459+0000] {processor.py:153} INFO - Started process (PID=330) to work on /home/airflow/.local/lib/python3.7/site-packages/airflow/example_dags/example_branch_operator_decorator.py
[2023-03-26T00:06:11.460+0000] {processor.py:743} INFO - Processing file /home/airflow/.local/lib/python3.7/site-packages/airflow/example_dags/example_branch_operator_decorator.py for tasks to queue
[2023-03-26T00:06:11.460+0000] {logging_mixin.py:137} INFO - [2023-03-26T00:06:11.460+0000] {dagbag.py:532} INFO - Filling up the DagBag from /home/airflow/.local/lib/python3.7/site-packages/airflow/example_dags/example_branch_operator_decorator.py
[2023-03-26T00:06:11.488+0000] {processor.py:753} INFO - DAG(s) dict_keys(['example_branch_python_operator_decorator']) retrieved from /home/airflow/.local/lib/python3.7/site-packages/airflow/example_dags/example_branch_operator_decorator.py
[2023-03-26T00:06:11.531+0000] {logging_mixin.py:137} INFO - [2023-03-26T00:06:11.531+0000] {dag.py:2693} INFO - Sync 1 DAGs
[2023-03-26T00:06:11.561+0000] {logging_mixin.py:137} INFO - [2023-03-26T00:06:11.560+0000] {dag.py:3444} INFO - Setting next_dagrun for example_branch_python_operator_decorator to 2023-03-25T00:00:00+00:00, run_after=2023-03-26T00:00:00+00:00
[2023-03-26T00:06:11.573+0000] {processor.py:175} INFO - Processing /home/airflow/.local/lib/python3.7/site-packages/airflow/example_dags/example_branch_operator_decorator.py took 0.117 seconds
[2023-03-26T00:06:42.561+0000] {processor.py:153} INFO - Started process (PID=546) to work on /home/airflow/.local/lib/python3.7/site-packages/airflow/example_dags/example_branch_operator_decorator.py
[2023-03-26T00:06:42.562+0000] {processor.py:743} INFO - Processing file /home/airflow/.local/lib/python3.7/site-packages/airflow/example_dags/example_branch_operator_decorator.py for tasks to queue
[2023-03-26T00:06:42.563+0000] {logging_mixin.py:137} INFO - [2023-03-26T00:06:42.563+0000] {dagbag.py:532} INFO - Filling up the DagBag from /home/airflow/.local/lib/python3.7/site-packages/airflow/example_dags/example_branch_operator_decorator.py
[2023-03-26T00:06:42.583+0000] {processor.py:753} INFO - DAG(s) dict_keys(['example_branch_python_operator_decorator']) retrieved from /home/airflow/.local/lib/python3.7/site-packages/airflow/example_dags/example_branch_operator_decorator.py
[2023-03-26T00:06:42.602+0000] {logging_mixin.py:137} INFO - [2023-03-26T00:06:42.602+0000] {dag.py:2693} INFO - Sync 1 DAGs
[2023-03-26T00:06:42.619+0000] {logging_mixin.py:137} INFO - [2023-03-26T00:06:42.619+0000] {dag.py:3444} INFO - Setting next_dagrun for example_branch_python_operator_decorator to 2023-03-25T00:00:00+00:00, run_after=2023-03-26T00:00:00+00:00
[2023-03-26T00:06:42.638+0000] {processor.py:175} INFO - Processing /home/airflow/.local/lib/python3.7/site-packages/airflow/example_dags/example_branch_operator_decorator.py took 0.080 seconds
[2023-03-26T18:33:49.497+0000] {processor.py:153} INFO - Started process (PID=328) to work on /home/airflow/.local/lib/python3.7/site-packages/airflow/example_dags/example_branch_operator_decorator.py
[2023-03-26T18:33:49.499+0000] {processor.py:743} INFO - Processing file /home/airflow/.local/lib/python3.7/site-packages/airflow/example_dags/example_branch_operator_decorator.py for tasks to queue
[2023-03-26T18:33:49.500+0000] {logging_mixin.py:137} INFO - [2023-03-26T18:33:49.500+0000] {dagbag.py:532} INFO - Filling up the DagBag from /home/airflow/.local/lib/python3.7/site-packages/airflow/example_dags/example_branch_operator_decorator.py
[2023-03-26T18:33:49.539+0000] {processor.py:753} INFO - DAG(s) dict_keys(['example_branch_python_operator_decorator']) retrieved from /home/airflow/.local/lib/python3.7/site-packages/airflow/example_dags/example_branch_operator_decorator.py
[2023-03-26T18:33:49.598+0000] {logging_mixin.py:137} INFO - [2023-03-26T18:33:49.598+0000] {dag.py:2693} INFO - Sync 1 DAGs
[2023-03-26T18:33:49.630+0000] {logging_mixin.py:137} INFO - [2023-03-26T18:33:49.630+0000] {dag.py:3444} INFO - Setting next_dagrun for example_branch_python_operator_decorator to 2023-03-25T00:00:00+00:00, run_after=2023-03-26T00:00:00+00:00
[2023-03-26T18:33:49.666+0000] {processor.py:175} INFO - Processing /home/airflow/.local/lib/python3.7/site-packages/airflow/example_dags/example_branch_operator_decorator.py took 0.172 seconds
[2023-03-26T18:34:20.023+0000] {processor.py:153} INFO - Started process (PID=545) to work on /home/airflow/.local/lib/python3.7/site-packages/airflow/example_dags/example_branch_operator_decorator.py
[2023-03-26T18:34:20.025+0000] {processor.py:743} INFO - Processing file /home/airflow/.local/lib/python3.7/site-packages/airflow/example_dags/example_branch_operator_decorator.py for tasks to queue
[2023-03-26T18:34:20.027+0000] {logging_mixin.py:137} INFO - [2023-03-26T18:34:20.027+0000] {dagbag.py:532} INFO - Filling up the DagBag from /home/airflow/.local/lib/python3.7/site-packages/airflow/example_dags/example_branch_operator_decorator.py
[2023-03-26T18:34:20.052+0000] {processor.py:753} INFO - DAG(s) dict_keys(['example_branch_python_operator_decorator']) retrieved from /home/airflow/.local/lib/python3.7/site-packages/airflow/example_dags/example_branch_operator_decorator.py
[2023-03-26T18:34:20.065+0000] {logging_mixin.py:137} INFO - [2023-03-26T18:34:20.065+0000] {dag.py:2693} INFO - Sync 1 DAGs
[2023-03-26T18:34:20.093+0000] {logging_mixin.py:137} INFO - [2023-03-26T18:34:20.093+0000] {dag.py:3444} INFO - Setting next_dagrun for example_branch_python_operator_decorator to 2023-03-25T00:00:00+00:00, run_after=2023-03-26T00:00:00+00:00
[2023-03-26T18:34:20.114+0000] {processor.py:175} INFO - Processing /home/airflow/.local/lib/python3.7/site-packages/airflow/example_dags/example_branch_operator_decorator.py took 0.098 seconds
[2023-03-26T18:34:50.493+0000] {processor.py:153} INFO - Started process (PID=763) to work on /home/airflow/.local/lib/python3.7/site-packages/airflow/example_dags/example_branch_operator_decorator.py
[2023-03-26T18:34:50.495+0000] {processor.py:743} INFO - Processing file /home/airflow/.local/lib/python3.7/site-packages/airflow/example_dags/example_branch_operator_decorator.py for tasks to queue
[2023-03-26T18:34:50.496+0000] {logging_mixin.py:137} INFO - [2023-03-26T18:34:50.496+0000] {dagbag.py:532} INFO - Filling up the DagBag from /home/airflow/.local/lib/python3.7/site-packages/airflow/example_dags/example_branch_operator_decorator.py
[2023-03-26T18:34:50.517+0000] {processor.py:753} INFO - DAG(s) dict_keys(['example_branch_python_operator_decorator']) retrieved from /home/airflow/.local/lib/python3.7/site-packages/airflow/example_dags/example_branch_operator_decorator.py
[2023-03-26T18:34:50.543+0000] {logging_mixin.py:137} INFO - [2023-03-26T18:34:50.543+0000] {dag.py:2693} INFO - Sync 1 DAGs
[2023-03-26T18:34:50.565+0000] {logging_mixin.py:137} INFO - [2023-03-26T18:34:50.565+0000] {dag.py:3444} INFO - Setting next_dagrun for example_branch_python_operator_decorator to 2023-03-25T00:00:00+00:00, run_after=2023-03-26T00:00:00+00:00
[2023-03-26T18:34:50.582+0000] {processor.py:175} INFO - Processing /home/airflow/.local/lib/python3.7/site-packages/airflow/example_dags/example_branch_operator_decorator.py took 0.092 seconds
[2023-03-26T18:35:21.186+0000] {processor.py:153} INFO - Started process (PID=979) to work on /home/airflow/.local/lib/python3.7/site-packages/airflow/example_dags/example_branch_operator_decorator.py
[2023-03-26T18:35:21.187+0000] {processor.py:743} INFO - Processing file /home/airflow/.local/lib/python3.7/site-packages/airflow/example_dags/example_branch_operator_decorator.py for tasks to queue
[2023-03-26T18:35:21.188+0000] {logging_mixin.py:137} INFO - [2023-03-26T18:35:21.188+0000] {dagbag.py:532} INFO - Filling up the DagBag from /home/airflow/.local/lib/python3.7/site-packages/airflow/example_dags/example_branch_operator_decorator.py
[2023-03-26T18:35:21.212+0000] {processor.py:753} INFO - DAG(s) dict_keys(['example_branch_python_operator_decorator']) retrieved from /home/airflow/.local/lib/python3.7/site-packages/airflow/example_dags/example_branch_operator_decorator.py
[2023-03-26T18:35:21.240+0000] {logging_mixin.py:137} INFO - [2023-03-26T18:35:21.240+0000] {dag.py:2693} INFO - Sync 1 DAGs
[2023-03-26T18:35:21.264+0000] {logging_mixin.py:137} INFO - [2023-03-26T18:35:21.264+0000] {dag.py:3444} INFO - Setting next_dagrun for example_branch_python_operator_decorator to 2023-03-25T00:00:00+00:00, run_after=2023-03-26T00:00:00+00:00
[2023-03-26T18:35:21.281+0000] {processor.py:175} INFO - Processing /home/airflow/.local/lib/python3.7/site-packages/airflow/example_dags/example_branch_operator_decorator.py took 0.099 seconds
[2023-03-26T18:35:52.069+0000] {processor.py:153} INFO - Started process (PID=1196) to work on /home/airflow/.local/lib/python3.7/site-packages/airflow/example_dags/example_branch_operator_decorator.py
[2023-03-26T18:35:52.071+0000] {processor.py:743} INFO - Processing file /home/airflow/.local/lib/python3.7/site-packages/airflow/example_dags/example_branch_operator_decorator.py for tasks to queue
[2023-03-26T18:35:52.071+0000] {logging_mixin.py:137} INFO - [2023-03-26T18:35:52.071+0000] {dagbag.py:532} INFO - Filling up the DagBag from /home/airflow/.local/lib/python3.7/site-packages/airflow/example_dags/example_branch_operator_decorator.py
[2023-03-26T18:35:52.092+0000] {processor.py:753} INFO - DAG(s) dict_keys(['example_branch_python_operator_decorator']) retrieved from /home/airflow/.local/lib/python3.7/site-packages/airflow/example_dags/example_branch_operator_decorator.py
[2023-03-26T18:35:52.116+0000] {logging_mixin.py:137} INFO - [2023-03-26T18:35:52.115+0000] {dag.py:2693} INFO - Sync 1 DAGs
[2023-03-26T18:35:52.134+0000] {logging_mixin.py:137} INFO - [2023-03-26T18:35:52.134+0000] {dag.py:3444} INFO - Setting next_dagrun for example_branch_python_operator_decorator to 2023-03-25T00:00:00+00:00, run_after=2023-03-26T00:00:00+00:00
[2023-03-26T18:35:52.148+0000] {processor.py:175} INFO - Processing /home/airflow/.local/lib/python3.7/site-packages/airflow/example_dags/example_branch_operator_decorator.py took 0.085 seconds
[2023-03-26T18:36:22.889+0000] {processor.py:153} INFO - Started process (PID=1411) to work on /home/airflow/.local/lib/python3.7/site-packages/airflow/example_dags/example_branch_operator_decorator.py
[2023-03-26T18:36:22.891+0000] {processor.py:743} INFO - Processing file /home/airflow/.local/lib/python3.7/site-packages/airflow/example_dags/example_branch_operator_decorator.py for tasks to queue
[2023-03-26T18:36:22.892+0000] {logging_mixin.py:137} INFO - [2023-03-26T18:36:22.892+0000] {dagbag.py:532} INFO - Filling up the DagBag from /home/airflow/.local/lib/python3.7/site-packages/airflow/example_dags/example_branch_operator_decorator.py
[2023-03-26T18:36:22.914+0000] {processor.py:753} INFO - DAG(s) dict_keys(['example_branch_python_operator_decorator']) retrieved from /home/airflow/.local/lib/python3.7/site-packages/airflow/example_dags/example_branch_operator_decorator.py
[2023-03-26T18:36:22.941+0000] {logging_mixin.py:137} INFO - [2023-03-26T18:36:22.940+0000] {dag.py:2693} INFO - Sync 1 DAGs
[2023-03-26T18:36:22.963+0000] {logging_mixin.py:137} INFO - [2023-03-26T18:36:22.963+0000] {dag.py:3444} INFO - Setting next_dagrun for example_branch_python_operator_decorator to 2023-03-25T00:00:00+00:00, run_after=2023-03-26T00:00:00+00:00
[2023-03-26T18:36:22.979+0000] {processor.py:175} INFO - Processing /home/airflow/.local/lib/python3.7/site-packages/airflow/example_dags/example_branch_operator_decorator.py took 0.093 seconds
