[2023-03-26T00:06:09.074+0000] {processor.py:153} INFO - Started process (PID=188) to work on /home/airflow/.local/lib/python3.7/site-packages/airflow/example_dags/example_branch_day_of_week_operator.py
[2023-03-26T00:06:09.075+0000] {processor.py:743} INFO - Processing file /home/airflow/.local/lib/python3.7/site-packages/airflow/example_dags/example_branch_day_of_week_operator.py for tasks to queue
[2023-03-26T00:06:09.076+0000] {logging_mixin.py:137} INFO - [2023-03-26T00:06:09.076+0000] {dagbag.py:532} INFO - Filling up the DagBag from /home/airflow/.local/lib/python3.7/site-packages/airflow/example_dags/example_branch_day_of_week_operator.py
[2023-03-26T00:06:09.094+0000] {processor.py:753} INFO - DAG(s) dict_keys(['example_weekday_branch_operator']) retrieved from /home/airflow/.local/lib/python3.7/site-packages/airflow/example_dags/example_branch_day_of_week_operator.py
[2023-03-26T00:06:09.155+0000] {logging_mixin.py:137} INFO - [2023-03-26T00:06:09.155+0000] {dag.py:2693} INFO - Sync 1 DAGs
[2023-03-26T00:06:09.181+0000] {logging_mixin.py:137} INFO - [2023-03-26T00:06:09.181+0000] {dag.py:3444} INFO - Setting next_dagrun for example_weekday_branch_operator to 2023-03-26T00:00:00+00:00, run_after=2023-03-27T00:00:00+00:00
[2023-03-26T00:06:09.207+0000] {processor.py:175} INFO - Processing /home/airflow/.local/lib/python3.7/site-packages/airflow/example_dags/example_branch_day_of_week_operator.py took 0.136 seconds
[2023-03-26T00:06:39.575+0000] {processor.py:153} INFO - Started process (PID=405) to work on /home/airflow/.local/lib/python3.7/site-packages/airflow/example_dags/example_branch_day_of_week_operator.py
[2023-03-26T00:06:39.576+0000] {processor.py:743} INFO - Processing file /home/airflow/.local/lib/python3.7/site-packages/airflow/example_dags/example_branch_day_of_week_operator.py for tasks to queue
[2023-03-26T00:06:39.577+0000] {logging_mixin.py:137} INFO - [2023-03-26T00:06:39.577+0000] {dagbag.py:532} INFO - Filling up the DagBag from /home/airflow/.local/lib/python3.7/site-packages/airflow/example_dags/example_branch_day_of_week_operator.py
[2023-03-26T00:06:39.588+0000] {processor.py:753} INFO - DAG(s) dict_keys(['example_weekday_branch_operator']) retrieved from /home/airflow/.local/lib/python3.7/site-packages/airflow/example_dags/example_branch_day_of_week_operator.py
[2023-03-26T00:06:39.610+0000] {logging_mixin.py:137} INFO - [2023-03-26T00:06:39.610+0000] {dag.py:2693} INFO - Sync 1 DAGs
[2023-03-26T00:06:39.635+0000] {logging_mixin.py:137} INFO - [2023-03-26T00:06:39.634+0000] {dag.py:3444} INFO - Setting next_dagrun for example_weekday_branch_operator to 2023-03-26T00:00:00+00:00, run_after=2023-03-27T00:00:00+00:00
[2023-03-26T00:06:39.647+0000] {processor.py:175} INFO - Processing /home/airflow/.local/lib/python3.7/site-packages/airflow/example_dags/example_branch_day_of_week_operator.py took 0.076 seconds
[2023-03-26T18:33:46.501+0000] {processor.py:153} INFO - Started process (PID=188) to work on /home/airflow/.local/lib/python3.7/site-packages/airflow/example_dags/example_branch_day_of_week_operator.py
[2023-03-26T18:33:46.503+0000] {processor.py:743} INFO - Processing file /home/airflow/.local/lib/python3.7/site-packages/airflow/example_dags/example_branch_day_of_week_operator.py for tasks to queue
[2023-03-26T18:33:46.504+0000] {logging_mixin.py:137} INFO - [2023-03-26T18:33:46.504+0000] {dagbag.py:532} INFO - Filling up the DagBag from /home/airflow/.local/lib/python3.7/site-packages/airflow/example_dags/example_branch_day_of_week_operator.py
[2023-03-26T18:33:46.532+0000] {processor.py:753} INFO - DAG(s) dict_keys(['example_weekday_branch_operator']) retrieved from /home/airflow/.local/lib/python3.7/site-packages/airflow/example_dags/example_branch_day_of_week_operator.py
[2023-03-26T18:33:46.571+0000] {logging_mixin.py:137} INFO - [2023-03-26T18:33:46.571+0000] {dag.py:2693} INFO - Sync 1 DAGs
[2023-03-26T18:33:46.611+0000] {logging_mixin.py:137} INFO - [2023-03-26T18:33:46.611+0000] {dag.py:3444} INFO - Setting next_dagrun for example_weekday_branch_operator to 2023-03-26T00:00:00+00:00, run_after=2023-03-27T00:00:00+00:00
[2023-03-26T18:33:46.654+0000] {processor.py:175} INFO - Processing /home/airflow/.local/lib/python3.7/site-packages/airflow/example_dags/example_branch_day_of_week_operator.py took 0.159 seconds
[2023-03-26T18:34:16.881+0000] {processor.py:153} INFO - Started process (PID=407) to work on /home/airflow/.local/lib/python3.7/site-packages/airflow/example_dags/example_branch_day_of_week_operator.py
[2023-03-26T18:34:16.883+0000] {processor.py:743} INFO - Processing file /home/airflow/.local/lib/python3.7/site-packages/airflow/example_dags/example_branch_day_of_week_operator.py for tasks to queue
[2023-03-26T18:34:16.884+0000] {logging_mixin.py:137} INFO - [2023-03-26T18:34:16.884+0000] {dagbag.py:532} INFO - Filling up the DagBag from /home/airflow/.local/lib/python3.7/site-packages/airflow/example_dags/example_branch_day_of_week_operator.py
[2023-03-26T18:34:16.898+0000] {processor.py:753} INFO - DAG(s) dict_keys(['example_weekday_branch_operator']) retrieved from /home/airflow/.local/lib/python3.7/site-packages/airflow/example_dags/example_branch_day_of_week_operator.py
[2023-03-26T18:34:16.911+0000] {logging_mixin.py:137} INFO - [2023-03-26T18:34:16.910+0000] {dag.py:2693} INFO - Sync 1 DAGs
[2023-03-26T18:34:16.939+0000] {logging_mixin.py:137} INFO - [2023-03-26T18:34:16.939+0000] {dag.py:3444} INFO - Setting next_dagrun for example_weekday_branch_operator to 2023-03-26T00:00:00+00:00, run_after=2023-03-27T00:00:00+00:00
[2023-03-26T18:34:16.962+0000] {processor.py:175} INFO - Processing /home/airflow/.local/lib/python3.7/site-packages/airflow/example_dags/example_branch_day_of_week_operator.py took 0.083 seconds
[2023-03-26T18:34:47.155+0000] {processor.py:153} INFO - Started process (PID=621) to work on /home/airflow/.local/lib/python3.7/site-packages/airflow/example_dags/example_branch_day_of_week_operator.py
[2023-03-26T18:34:47.156+0000] {processor.py:743} INFO - Processing file /home/airflow/.local/lib/python3.7/site-packages/airflow/example_dags/example_branch_day_of_week_operator.py for tasks to queue
[2023-03-26T18:34:47.157+0000] {logging_mixin.py:137} INFO - [2023-03-26T18:34:47.157+0000] {dagbag.py:532} INFO - Filling up the DagBag from /home/airflow/.local/lib/python3.7/site-packages/airflow/example_dags/example_branch_day_of_week_operator.py
[2023-03-26T18:34:47.173+0000] {processor.py:753} INFO - DAG(s) dict_keys(['example_weekday_branch_operator']) retrieved from /home/airflow/.local/lib/python3.7/site-packages/airflow/example_dags/example_branch_day_of_week_operator.py
[2023-03-26T18:34:47.201+0000] {logging_mixin.py:137} INFO - [2023-03-26T18:34:47.201+0000] {dag.py:2693} INFO - Sync 1 DAGs
[2023-03-26T18:34:47.223+0000] {logging_mixin.py:137} INFO - [2023-03-26T18:34:47.223+0000] {dag.py:3444} INFO - Setting next_dagrun for example_weekday_branch_operator to 2023-03-26T00:00:00+00:00, run_after=2023-03-27T00:00:00+00:00
[2023-03-26T18:34:47.247+0000] {processor.py:175} INFO - Processing /home/airflow/.local/lib/python3.7/site-packages/airflow/example_dags/example_branch_day_of_week_operator.py took 0.096 seconds
[2023-03-26T18:35:17.930+0000] {processor.py:153} INFO - Started process (PID=837) to work on /home/airflow/.local/lib/python3.7/site-packages/airflow/example_dags/example_branch_day_of_week_operator.py
[2023-03-26T18:35:17.932+0000] {processor.py:743} INFO - Processing file /home/airflow/.local/lib/python3.7/site-packages/airflow/example_dags/example_branch_day_of_week_operator.py for tasks to queue
[2023-03-26T18:35:17.933+0000] {logging_mixin.py:137} INFO - [2023-03-26T18:35:17.933+0000] {dagbag.py:532} INFO - Filling up the DagBag from /home/airflow/.local/lib/python3.7/site-packages/airflow/example_dags/example_branch_day_of_week_operator.py
[2023-03-26T18:35:17.952+0000] {processor.py:753} INFO - DAG(s) dict_keys(['example_weekday_branch_operator']) retrieved from /home/airflow/.local/lib/python3.7/site-packages/airflow/example_dags/example_branch_day_of_week_operator.py
[2023-03-26T18:35:17.985+0000] {logging_mixin.py:137} INFO - [2023-03-26T18:35:17.984+0000] {dag.py:2693} INFO - Sync 1 DAGs
[2023-03-26T18:35:18.009+0000] {logging_mixin.py:137} INFO - [2023-03-26T18:35:18.009+0000] {dag.py:3444} INFO - Setting next_dagrun for example_weekday_branch_operator to 2023-03-26T00:00:00+00:00, run_after=2023-03-27T00:00:00+00:00
[2023-03-26T18:35:18.032+0000] {processor.py:175} INFO - Processing /home/airflow/.local/lib/python3.7/site-packages/airflow/example_dags/example_branch_day_of_week_operator.py took 0.106 seconds
[2023-03-26T18:35:48.594+0000] {processor.py:153} INFO - Started process (PID=1054) to work on /home/airflow/.local/lib/python3.7/site-packages/airflow/example_dags/example_branch_day_of_week_operator.py
[2023-03-26T18:35:48.597+0000] {processor.py:743} INFO - Processing file /home/airflow/.local/lib/python3.7/site-packages/airflow/example_dags/example_branch_day_of_week_operator.py for tasks to queue
[2023-03-26T18:35:48.600+0000] {logging_mixin.py:137} INFO - [2023-03-26T18:35:48.600+0000] {dagbag.py:532} INFO - Filling up the DagBag from /home/airflow/.local/lib/python3.7/site-packages/airflow/example_dags/example_branch_day_of_week_operator.py
[2023-03-26T18:35:48.623+0000] {processor.py:753} INFO - DAG(s) dict_keys(['example_weekday_branch_operator']) retrieved from /home/airflow/.local/lib/python3.7/site-packages/airflow/example_dags/example_branch_day_of_week_operator.py
[2023-03-26T18:35:48.665+0000] {logging_mixin.py:137} INFO - [2023-03-26T18:35:48.665+0000] {dag.py:2693} INFO - Sync 1 DAGs
[2023-03-26T18:35:48.725+0000] {logging_mixin.py:137} INFO - [2023-03-26T18:35:48.725+0000] {dag.py:3444} INFO - Setting next_dagrun for example_weekday_branch_operator to 2023-03-26T00:00:00+00:00, run_after=2023-03-27T00:00:00+00:00
[2023-03-26T18:35:48.754+0000] {processor.py:175} INFO - Processing /home/airflow/.local/lib/python3.7/site-packages/airflow/example_dags/example_branch_day_of_week_operator.py took 0.164 seconds
[2023-03-26T18:36:18.992+0000] {processor.py:153} INFO - Started process (PID=1271) to work on /home/airflow/.local/lib/python3.7/site-packages/airflow/example_dags/example_branch_day_of_week_operator.py
[2023-03-26T18:36:18.994+0000] {processor.py:743} INFO - Processing file /home/airflow/.local/lib/python3.7/site-packages/airflow/example_dags/example_branch_day_of_week_operator.py for tasks to queue
[2023-03-26T18:36:18.995+0000] {logging_mixin.py:137} INFO - [2023-03-26T18:36:18.995+0000] {dagbag.py:532} INFO - Filling up the DagBag from /home/airflow/.local/lib/python3.7/site-packages/airflow/example_dags/example_branch_day_of_week_operator.py
[2023-03-26T18:36:19.009+0000] {processor.py:753} INFO - DAG(s) dict_keys(['example_weekday_branch_operator']) retrieved from /home/airflow/.local/lib/python3.7/site-packages/airflow/example_dags/example_branch_day_of_week_operator.py
[2023-03-26T18:36:19.031+0000] {logging_mixin.py:137} INFO - [2023-03-26T18:36:19.031+0000] {dag.py:2693} INFO - Sync 1 DAGs
[2023-03-26T18:36:19.051+0000] {logging_mixin.py:137} INFO - [2023-03-26T18:36:19.051+0000] {dag.py:3444} INFO - Setting next_dagrun for example_weekday_branch_operator to 2023-03-26T00:00:00+00:00, run_after=2023-03-27T00:00:00+00:00
[2023-03-26T18:36:19.066+0000] {processor.py:175} INFO - Processing /home/airflow/.local/lib/python3.7/site-packages/airflow/example_dags/example_branch_day_of_week_operator.py took 0.078 seconds
