[2023-03-26T00:06:10.430+0000] {processor.py:153} INFO - Started process (PID=263) to work on /home/airflow/.local/lib/python3.7/site-packages/airflow/example_dags/example_short_circuit_operator.py
[2023-03-26T00:06:10.431+0000] {processor.py:743} INFO - Processing file /home/airflow/.local/lib/python3.7/site-packages/airflow/example_dags/example_short_circuit_operator.py for tasks to queue
[2023-03-26T00:06:10.432+0000] {logging_mixin.py:137} INFO - [2023-03-26T00:06:10.431+0000] {dagbag.py:532} INFO - Filling up the DagBag from /home/airflow/.local/lib/python3.7/site-packages/airflow/example_dags/example_short_circuit_operator.py
[2023-03-26T00:06:10.444+0000] {processor.py:753} INFO - DAG(s) dict_keys(['example_short_circuit_operator']) retrieved from /home/airflow/.local/lib/python3.7/site-packages/airflow/example_dags/example_short_circuit_operator.py
[2023-03-26T00:06:10.464+0000] {logging_mixin.py:137} INFO - [2023-03-26T00:06:10.464+0000] {dag.py:2693} INFO - Sync 1 DAGs
[2023-03-26T00:06:10.483+0000] {logging_mixin.py:137} INFO - [2023-03-26T00:06:10.483+0000] {dag.py:3444} INFO - Setting next_dagrun for example_short_circuit_operator to 2023-03-25T00:06:10.482934+00:00, run_after=2023-03-26T00:06:10.482934+00:00
[2023-03-26T00:06:10.508+0000] {processor.py:175} INFO - Processing /home/airflow/.local/lib/python3.7/site-packages/airflow/example_dags/example_short_circuit_operator.py took 0.081 seconds
[2023-03-26T00:06:40.536+0000] {processor.py:153} INFO - Started process (PID=477) to work on /home/airflow/.local/lib/python3.7/site-packages/airflow/example_dags/example_short_circuit_operator.py
[2023-03-26T00:06:40.538+0000] {processor.py:743} INFO - Processing file /home/airflow/.local/lib/python3.7/site-packages/airflow/example_dags/example_short_circuit_operator.py for tasks to queue
[2023-03-26T00:06:40.538+0000] {logging_mixin.py:137} INFO - [2023-03-26T00:06:40.538+0000] {dagbag.py:532} INFO - Filling up the DagBag from /home/airflow/.local/lib/python3.7/site-packages/airflow/example_dags/example_short_circuit_operator.py
[2023-03-26T00:06:40.550+0000] {processor.py:753} INFO - DAG(s) dict_keys(['example_short_circuit_operator']) retrieved from /home/airflow/.local/lib/python3.7/site-packages/airflow/example_dags/example_short_circuit_operator.py
[2023-03-26T00:06:40.569+0000] {logging_mixin.py:137} INFO - [2023-03-26T00:06:40.569+0000] {dag.py:2693} INFO - Sync 1 DAGs
[2023-03-26T00:06:40.584+0000] {logging_mixin.py:137} INFO - [2023-03-26T00:06:40.583+0000] {dag.py:3444} INFO - Setting next_dagrun for example_short_circuit_operator to 2023-03-25T00:06:40.583776+00:00, run_after=2023-03-26T00:06:40.583776+00:00
[2023-03-26T00:06:40.594+0000] {processor.py:175} INFO - Processing /home/airflow/.local/lib/python3.7/site-packages/airflow/example_dags/example_short_circuit_operator.py took 0.060 seconds
[2023-03-26T18:33:48.074+0000] {processor.py:153} INFO - Started process (PID=263) to work on /home/airflow/.local/lib/python3.7/site-packages/airflow/example_dags/example_short_circuit_operator.py
[2023-03-26T18:33:48.078+0000] {processor.py:743} INFO - Processing file /home/airflow/.local/lib/python3.7/site-packages/airflow/example_dags/example_short_circuit_operator.py for tasks to queue
[2023-03-26T18:33:48.080+0000] {logging_mixin.py:137} INFO - [2023-03-26T18:33:48.080+0000] {dagbag.py:532} INFO - Filling up the DagBag from /home/airflow/.local/lib/python3.7/site-packages/airflow/example_dags/example_short_circuit_operator.py
[2023-03-26T18:33:48.106+0000] {processor.py:753} INFO - DAG(s) dict_keys(['example_short_circuit_operator']) retrieved from /home/airflow/.local/lib/python3.7/site-packages/airflow/example_dags/example_short_circuit_operator.py
[2023-03-26T18:33:48.138+0000] {logging_mixin.py:137} INFO - [2023-03-26T18:33:48.138+0000] {dag.py:2693} INFO - Sync 1 DAGs
[2023-03-26T18:33:48.167+0000] {logging_mixin.py:137} INFO - [2023-03-26T18:33:48.167+0000] {dag.py:3444} INFO - Setting next_dagrun for example_short_circuit_operator to 2023-03-25T18:33:48.167442+00:00, run_after=2023-03-26T18:33:48.167442+00:00
[2023-03-26T18:33:48.192+0000] {processor.py:175} INFO - Processing /home/airflow/.local/lib/python3.7/site-packages/airflow/example_dags/example_short_circuit_operator.py took 0.122 seconds
[2023-03-26T18:34:19.120+0000] {processor.py:153} INFO - Started process (PID=478) to work on /home/airflow/.local/lib/python3.7/site-packages/airflow/example_dags/example_short_circuit_operator.py
[2023-03-26T18:34:19.122+0000] {processor.py:743} INFO - Processing file /home/airflow/.local/lib/python3.7/site-packages/airflow/example_dags/example_short_circuit_operator.py for tasks to queue
[2023-03-26T18:34:19.123+0000] {logging_mixin.py:137} INFO - [2023-03-26T18:34:19.123+0000] {dagbag.py:532} INFO - Filling up the DagBag from /home/airflow/.local/lib/python3.7/site-packages/airflow/example_dags/example_short_circuit_operator.py
[2023-03-26T18:34:19.144+0000] {processor.py:753} INFO - DAG(s) dict_keys(['example_short_circuit_operator']) retrieved from /home/airflow/.local/lib/python3.7/site-packages/airflow/example_dags/example_short_circuit_operator.py
[2023-03-26T18:34:19.169+0000] {logging_mixin.py:137} INFO - [2023-03-26T18:34:19.169+0000] {dag.py:2693} INFO - Sync 1 DAGs
[2023-03-26T18:34:19.191+0000] {logging_mixin.py:137} INFO - [2023-03-26T18:34:19.190+0000] {dag.py:3444} INFO - Setting next_dagrun for example_short_circuit_operator to 2023-03-25T18:34:19.190780+00:00, run_after=2023-03-26T18:34:19.190780+00:00
[2023-03-26T18:34:19.227+0000] {processor.py:175} INFO - Processing /home/airflow/.local/lib/python3.7/site-packages/airflow/example_dags/example_short_circuit_operator.py took 0.112 seconds
[2023-03-26T18:34:49.282+0000] {processor.py:153} INFO - Started process (PID=693) to work on /home/airflow/.local/lib/python3.7/site-packages/airflow/example_dags/example_short_circuit_operator.py
[2023-03-26T18:34:49.284+0000] {processor.py:743} INFO - Processing file /home/airflow/.local/lib/python3.7/site-packages/airflow/example_dags/example_short_circuit_operator.py for tasks to queue
[2023-03-26T18:34:49.285+0000] {logging_mixin.py:137} INFO - [2023-03-26T18:34:49.285+0000] {dagbag.py:532} INFO - Filling up the DagBag from /home/airflow/.local/lib/python3.7/site-packages/airflow/example_dags/example_short_circuit_operator.py
[2023-03-26T18:34:49.307+0000] {processor.py:753} INFO - DAG(s) dict_keys(['example_short_circuit_operator']) retrieved from /home/airflow/.local/lib/python3.7/site-packages/airflow/example_dags/example_short_circuit_operator.py
[2023-03-26T18:34:49.341+0000] {logging_mixin.py:137} INFO - [2023-03-26T18:34:49.341+0000] {dag.py:2693} INFO - Sync 1 DAGs
[2023-03-26T18:34:49.384+0000] {logging_mixin.py:137} INFO - [2023-03-26T18:34:49.384+0000] {dag.py:3444} INFO - Setting next_dagrun for example_short_circuit_operator to 2023-03-25T18:34:49.384330+00:00, run_after=2023-03-26T18:34:49.384330+00:00
[2023-03-26T18:34:49.410+0000] {processor.py:175} INFO - Processing /home/airflow/.local/lib/python3.7/site-packages/airflow/example_dags/example_short_circuit_operator.py took 0.134 seconds
[2023-03-26T18:35:20.144+0000] {processor.py:153} INFO - Started process (PID=911) to work on /home/airflow/.local/lib/python3.7/site-packages/airflow/example_dags/example_short_circuit_operator.py
[2023-03-26T18:35:20.149+0000] {processor.py:743} INFO - Processing file /home/airflow/.local/lib/python3.7/site-packages/airflow/example_dags/example_short_circuit_operator.py for tasks to queue
[2023-03-26T18:35:20.153+0000] {logging_mixin.py:137} INFO - [2023-03-26T18:35:20.153+0000] {dagbag.py:532} INFO - Filling up the DagBag from /home/airflow/.local/lib/python3.7/site-packages/airflow/example_dags/example_short_circuit_operator.py
[2023-03-26T18:35:20.186+0000] {processor.py:753} INFO - DAG(s) dict_keys(['example_short_circuit_operator']) retrieved from /home/airflow/.local/lib/python3.7/site-packages/airflow/example_dags/example_short_circuit_operator.py
[2023-03-26T18:35:20.223+0000] {logging_mixin.py:137} INFO - [2023-03-26T18:35:20.223+0000] {dag.py:2693} INFO - Sync 1 DAGs
[2023-03-26T18:35:20.259+0000] {logging_mixin.py:137} INFO - [2023-03-26T18:35:20.259+0000] {dag.py:3444} INFO - Setting next_dagrun for example_short_circuit_operator to 2023-03-25T18:35:20.259028+00:00, run_after=2023-03-26T18:35:20.259028+00:00
[2023-03-26T18:35:20.293+0000] {processor.py:175} INFO - Processing /home/airflow/.local/lib/python3.7/site-packages/airflow/example_dags/example_short_circuit_operator.py took 0.158 seconds
[2023-03-26T18:35:51.159+0000] {processor.py:153} INFO - Started process (PID=1129) to work on /home/airflow/.local/lib/python3.7/site-packages/airflow/example_dags/example_short_circuit_operator.py
[2023-03-26T18:35:51.160+0000] {processor.py:743} INFO - Processing file /home/airflow/.local/lib/python3.7/site-packages/airflow/example_dags/example_short_circuit_operator.py for tasks to queue
[2023-03-26T18:35:51.161+0000] {logging_mixin.py:137} INFO - [2023-03-26T18:35:51.161+0000] {dagbag.py:532} INFO - Filling up the DagBag from /home/airflow/.local/lib/python3.7/site-packages/airflow/example_dags/example_short_circuit_operator.py
[2023-03-26T18:35:51.176+0000] {processor.py:753} INFO - DAG(s) dict_keys(['example_short_circuit_operator']) retrieved from /home/airflow/.local/lib/python3.7/site-packages/airflow/example_dags/example_short_circuit_operator.py
[2023-03-26T18:35:51.200+0000] {logging_mixin.py:137} INFO - [2023-03-26T18:35:51.199+0000] {dag.py:2693} INFO - Sync 1 DAGs
[2023-03-26T18:35:51.218+0000] {logging_mixin.py:137} INFO - [2023-03-26T18:35:51.217+0000] {dag.py:3444} INFO - Setting next_dagrun for example_short_circuit_operator to 2023-03-25T18:35:51.217770+00:00, run_after=2023-03-26T18:35:51.217770+00:00
[2023-03-26T18:35:51.232+0000] {processor.py:175} INFO - Processing /home/airflow/.local/lib/python3.7/site-packages/airflow/example_dags/example_short_circuit_operator.py took 0.076 seconds
[2023-03-26T18:36:21.905+0000] {processor.py:153} INFO - Started process (PID=1346) to work on /home/airflow/.local/lib/python3.7/site-packages/airflow/example_dags/example_short_circuit_operator.py
[2023-03-26T18:36:21.907+0000] {processor.py:743} INFO - Processing file /home/airflow/.local/lib/python3.7/site-packages/airflow/example_dags/example_short_circuit_operator.py for tasks to queue
[2023-03-26T18:36:21.908+0000] {logging_mixin.py:137} INFO - [2023-03-26T18:36:21.907+0000] {dagbag.py:532} INFO - Filling up the DagBag from /home/airflow/.local/lib/python3.7/site-packages/airflow/example_dags/example_short_circuit_operator.py
[2023-03-26T18:36:21.922+0000] {processor.py:753} INFO - DAG(s) dict_keys(['example_short_circuit_operator']) retrieved from /home/airflow/.local/lib/python3.7/site-packages/airflow/example_dags/example_short_circuit_operator.py
[2023-03-26T18:36:21.956+0000] {logging_mixin.py:137} INFO - [2023-03-26T18:36:21.956+0000] {dag.py:2693} INFO - Sync 1 DAGs
[2023-03-26T18:36:21.979+0000] {logging_mixin.py:137} INFO - [2023-03-26T18:36:21.979+0000] {dag.py:3444} INFO - Setting next_dagrun for example_short_circuit_operator to 2023-03-25T18:36:21.979152+00:00, run_after=2023-03-26T18:36:21.979152+00:00
[2023-03-26T18:36:22.020+0000] {processor.py:175} INFO - Processing /home/airflow/.local/lib/python3.7/site-packages/airflow/example_dags/example_short_circuit_operator.py took 0.118 seconds
