[2023-03-26T00:06:08.638+0000] {processor.py:153} INFO - Started process (PID=166) to work on /home/airflow/.local/lib/python3.7/site-packages/airflow/example_dags/example_trigger_target_dag.py
[2023-03-26T00:06:08.640+0000] {processor.py:743} INFO - Processing file /home/airflow/.local/lib/python3.7/site-packages/airflow/example_dags/example_trigger_target_dag.py for tasks to queue
[2023-03-26T00:06:08.641+0000] {logging_mixin.py:137} INFO - [2023-03-26T00:06:08.641+0000] {dagbag.py:532} INFO - Filling up the DagBag from /home/airflow/.local/lib/python3.7/site-packages/airflow/example_dags/example_trigger_target_dag.py
[2023-03-26T00:06:08.687+0000] {processor.py:753} INFO - DAG(s) dict_keys(['example_trigger_target_dag']) retrieved from /home/airflow/.local/lib/python3.7/site-packages/airflow/example_dags/example_trigger_target_dag.py
[2023-03-26T00:06:08.716+0000] {logging_mixin.py:137} INFO - [2023-03-26T00:06:08.716+0000] {dag.py:2693} INFO - Sync 1 DAGs
[2023-03-26T00:06:08.732+0000] {logging_mixin.py:137} INFO - [2023-03-26T00:06:08.732+0000] {dag.py:3444} INFO - Setting next_dagrun for example_trigger_target_dag to None, run_after=None
[2023-03-26T00:06:08.748+0000] {processor.py:175} INFO - Processing /home/airflow/.local/lib/python3.7/site-packages/airflow/example_dags/example_trigger_target_dag.py took 0.115 seconds
[2023-03-26T00:06:39.310+0000] {processor.py:153} INFO - Started process (PID=384) to work on /home/airflow/.local/lib/python3.7/site-packages/airflow/example_dags/example_trigger_target_dag.py
[2023-03-26T00:06:39.312+0000] {processor.py:743} INFO - Processing file /home/airflow/.local/lib/python3.7/site-packages/airflow/example_dags/example_trigger_target_dag.py for tasks to queue
[2023-03-26T00:06:39.313+0000] {logging_mixin.py:137} INFO - [2023-03-26T00:06:39.313+0000] {dagbag.py:532} INFO - Filling up the DagBag from /home/airflow/.local/lib/python3.7/site-packages/airflow/example_dags/example_trigger_target_dag.py
[2023-03-26T00:06:39.335+0000] {processor.py:753} INFO - DAG(s) dict_keys(['example_trigger_target_dag']) retrieved from /home/airflow/.local/lib/python3.7/site-packages/airflow/example_dags/example_trigger_target_dag.py
[2023-03-26T00:06:39.357+0000] {logging_mixin.py:137} INFO - [2023-03-26T00:06:39.357+0000] {dag.py:2693} INFO - Sync 1 DAGs
[2023-03-26T00:06:39.377+0000] {logging_mixin.py:137} INFO - [2023-03-26T00:06:39.377+0000] {dag.py:3444} INFO - Setting next_dagrun for example_trigger_target_dag to None, run_after=None
[2023-03-26T00:06:39.388+0000] {processor.py:175} INFO - Processing /home/airflow/.local/lib/python3.7/site-packages/airflow/example_dags/example_trigger_target_dag.py took 0.081 seconds
[2023-03-26T18:33:45.964+0000] {processor.py:153} INFO - Started process (PID=166) to work on /home/airflow/.local/lib/python3.7/site-packages/airflow/example_dags/example_trigger_target_dag.py
[2023-03-26T18:33:45.965+0000] {processor.py:743} INFO - Processing file /home/airflow/.local/lib/python3.7/site-packages/airflow/example_dags/example_trigger_target_dag.py for tasks to queue
[2023-03-26T18:33:45.967+0000] {logging_mixin.py:137} INFO - [2023-03-26T18:33:45.966+0000] {dagbag.py:532} INFO - Filling up the DagBag from /home/airflow/.local/lib/python3.7/site-packages/airflow/example_dags/example_trigger_target_dag.py
[2023-03-26T18:33:46.030+0000] {processor.py:753} INFO - DAG(s) dict_keys(['example_trigger_target_dag']) retrieved from /home/airflow/.local/lib/python3.7/site-packages/airflow/example_dags/example_trigger_target_dag.py
[2023-03-26T18:33:46.093+0000] {logging_mixin.py:137} INFO - [2023-03-26T18:33:46.093+0000] {dag.py:2693} INFO - Sync 1 DAGs
[2023-03-26T18:33:46.139+0000] {logging_mixin.py:137} INFO - [2023-03-26T18:33:46.139+0000] {dag.py:3444} INFO - Setting next_dagrun for example_trigger_target_dag to None, run_after=None
[2023-03-26T18:33:46.162+0000] {processor.py:175} INFO - Processing /home/airflow/.local/lib/python3.7/site-packages/airflow/example_dags/example_trigger_target_dag.py took 0.202 seconds
[2023-03-26T18:34:16.515+0000] {processor.py:153} INFO - Started process (PID=385) to work on /home/airflow/.local/lib/python3.7/site-packages/airflow/example_dags/example_trigger_target_dag.py
[2023-03-26T18:34:16.518+0000] {processor.py:743} INFO - Processing file /home/airflow/.local/lib/python3.7/site-packages/airflow/example_dags/example_trigger_target_dag.py for tasks to queue
[2023-03-26T18:34:16.520+0000] {logging_mixin.py:137} INFO - [2023-03-26T18:34:16.520+0000] {dagbag.py:532} INFO - Filling up the DagBag from /home/airflow/.local/lib/python3.7/site-packages/airflow/example_dags/example_trigger_target_dag.py
[2023-03-26T18:34:16.543+0000] {processor.py:753} INFO - DAG(s) dict_keys(['example_trigger_target_dag']) retrieved from /home/airflow/.local/lib/python3.7/site-packages/airflow/example_dags/example_trigger_target_dag.py
[2023-03-26T18:34:16.561+0000] {logging_mixin.py:137} INFO - [2023-03-26T18:34:16.561+0000] {dag.py:2693} INFO - Sync 1 DAGs
[2023-03-26T18:34:16.581+0000] {logging_mixin.py:137} INFO - [2023-03-26T18:34:16.581+0000] {dag.py:3444} INFO - Setting next_dagrun for example_trigger_target_dag to None, run_after=None
[2023-03-26T18:34:16.597+0000] {processor.py:175} INFO - Processing /home/airflow/.local/lib/python3.7/site-packages/airflow/example_dags/example_trigger_target_dag.py took 0.085 seconds
[2023-03-26T18:34:46.853+0000] {processor.py:153} INFO - Started process (PID=601) to work on /home/airflow/.local/lib/python3.7/site-packages/airflow/example_dags/example_trigger_target_dag.py
[2023-03-26T18:34:46.854+0000] {processor.py:743} INFO - Processing file /home/airflow/.local/lib/python3.7/site-packages/airflow/example_dags/example_trigger_target_dag.py for tasks to queue
[2023-03-26T18:34:46.856+0000] {logging_mixin.py:137} INFO - [2023-03-26T18:34:46.856+0000] {dagbag.py:532} INFO - Filling up the DagBag from /home/airflow/.local/lib/python3.7/site-packages/airflow/example_dags/example_trigger_target_dag.py
[2023-03-26T18:34:46.879+0000] {processor.py:753} INFO - DAG(s) dict_keys(['example_trigger_target_dag']) retrieved from /home/airflow/.local/lib/python3.7/site-packages/airflow/example_dags/example_trigger_target_dag.py
[2023-03-26T18:34:46.905+0000] {logging_mixin.py:137} INFO - [2023-03-26T18:34:46.905+0000] {dag.py:2693} INFO - Sync 1 DAGs
[2023-03-26T18:34:46.929+0000] {logging_mixin.py:137} INFO - [2023-03-26T18:34:46.928+0000] {dag.py:3444} INFO - Setting next_dagrun for example_trigger_target_dag to None, run_after=None
[2023-03-26T18:34:46.943+0000] {processor.py:175} INFO - Processing /home/airflow/.local/lib/python3.7/site-packages/airflow/example_dags/example_trigger_target_dag.py took 0.092 seconds
[2023-03-26T18:35:17.575+0000] {processor.py:153} INFO - Started process (PID=817) to work on /home/airflow/.local/lib/python3.7/site-packages/airflow/example_dags/example_trigger_target_dag.py
[2023-03-26T18:35:17.579+0000] {processor.py:743} INFO - Processing file /home/airflow/.local/lib/python3.7/site-packages/airflow/example_dags/example_trigger_target_dag.py for tasks to queue
[2023-03-26T18:35:17.581+0000] {logging_mixin.py:137} INFO - [2023-03-26T18:35:17.581+0000] {dagbag.py:532} INFO - Filling up the DagBag from /home/airflow/.local/lib/python3.7/site-packages/airflow/example_dags/example_trigger_target_dag.py
[2023-03-26T18:35:17.602+0000] {processor.py:753} INFO - DAG(s) dict_keys(['example_trigger_target_dag']) retrieved from /home/airflow/.local/lib/python3.7/site-packages/airflow/example_dags/example_trigger_target_dag.py
[2023-03-26T18:35:17.636+0000] {logging_mixin.py:137} INFO - [2023-03-26T18:35:17.633+0000] {dag.py:2693} INFO - Sync 1 DAGs
[2023-03-26T18:35:17.670+0000] {logging_mixin.py:137} INFO - [2023-03-26T18:35:17.670+0000] {dag.py:3444} INFO - Setting next_dagrun for example_trigger_target_dag to None, run_after=None
[2023-03-26T18:35:17.688+0000] {processor.py:175} INFO - Processing /home/airflow/.local/lib/python3.7/site-packages/airflow/example_dags/example_trigger_target_dag.py took 0.116 seconds
[2023-03-26T18:35:47.977+0000] {processor.py:153} INFO - Started process (PID=1033) to work on /home/airflow/.local/lib/python3.7/site-packages/airflow/example_dags/example_trigger_target_dag.py
[2023-03-26T18:35:47.983+0000] {processor.py:743} INFO - Processing file /home/airflow/.local/lib/python3.7/site-packages/airflow/example_dags/example_trigger_target_dag.py for tasks to queue
[2023-03-26T18:35:47.986+0000] {logging_mixin.py:137} INFO - [2023-03-26T18:35:47.985+0000] {dagbag.py:532} INFO - Filling up the DagBag from /home/airflow/.local/lib/python3.7/site-packages/airflow/example_dags/example_trigger_target_dag.py
[2023-03-26T18:35:48.045+0000] {processor.py:753} INFO - DAG(s) dict_keys(['example_trigger_target_dag']) retrieved from /home/airflow/.local/lib/python3.7/site-packages/airflow/example_dags/example_trigger_target_dag.py
[2023-03-26T18:35:48.129+0000] {logging_mixin.py:137} INFO - [2023-03-26T18:35:48.129+0000] {dag.py:2693} INFO - Sync 1 DAGs
[2023-03-26T18:35:48.184+0000] {logging_mixin.py:137} INFO - [2023-03-26T18:35:48.184+0000] {dag.py:3444} INFO - Setting next_dagrun for example_trigger_target_dag to None, run_after=None
[2023-03-26T18:35:48.254+0000] {processor.py:175} INFO - Processing /home/airflow/.local/lib/python3.7/site-packages/airflow/example_dags/example_trigger_target_dag.py took 0.292 seconds
[2023-03-26T18:36:18.702+0000] {processor.py:153} INFO - Started process (PID=1251) to work on /home/airflow/.local/lib/python3.7/site-packages/airflow/example_dags/example_trigger_target_dag.py
[2023-03-26T18:36:18.703+0000] {processor.py:743} INFO - Processing file /home/airflow/.local/lib/python3.7/site-packages/airflow/example_dags/example_trigger_target_dag.py for tasks to queue
[2023-03-26T18:36:18.704+0000] {logging_mixin.py:137} INFO - [2023-03-26T18:36:18.704+0000] {dagbag.py:532} INFO - Filling up the DagBag from /home/airflow/.local/lib/python3.7/site-packages/airflow/example_dags/example_trigger_target_dag.py
[2023-03-26T18:36:18.727+0000] {processor.py:753} INFO - DAG(s) dict_keys(['example_trigger_target_dag']) retrieved from /home/airflow/.local/lib/python3.7/site-packages/airflow/example_dags/example_trigger_target_dag.py
[2023-03-26T18:36:18.759+0000] {logging_mixin.py:137} INFO - [2023-03-26T18:36:18.759+0000] {dag.py:2693} INFO - Sync 1 DAGs
[2023-03-26T18:36:18.800+0000] {logging_mixin.py:137} INFO - [2023-03-26T18:36:18.800+0000] {dag.py:3444} INFO - Setting next_dagrun for example_trigger_target_dag to None, run_after=None
[2023-03-26T18:36:18.819+0000] {processor.py:175} INFO - Processing /home/airflow/.local/lib/python3.7/site-packages/airflow/example_dags/example_trigger_target_dag.py took 0.120 seconds
[2023-03-26T18:36:51.135+0000] {logging_mixin.py:137} INFO - [2023-03-26T18:36:51.134+0000] {process_utils.py:256} INFO - Waiting up to 5 seconds for processes to exit...
