[2023-03-26T00:06:11.627+0000] {processor.py:153} INFO - Started process (PID=338) to work on /home/airflow/.local/lib/python3.7/site-packages/airflow/example_dags/example_short_circuit_decorator.py
[2023-03-26T00:06:11.629+0000] {processor.py:743} INFO - Processing file /home/airflow/.local/lib/python3.7/site-packages/airflow/example_dags/example_short_circuit_decorator.py for tasks to queue
[2023-03-26T00:06:11.629+0000] {logging_mixin.py:137} INFO - [2023-03-26T00:06:11.629+0000] {dagbag.py:532} INFO - Filling up the DagBag from /home/airflow/.local/lib/python3.7/site-packages/airflow/example_dags/example_short_circuit_decorator.py
[2023-03-26T00:06:11.648+0000] {processor.py:753} INFO - DAG(s) dict_keys(['example_short_circuit_decorator']) retrieved from /home/airflow/.local/lib/python3.7/site-packages/airflow/example_dags/example_short_circuit_decorator.py
[2023-03-26T00:06:11.675+0000] {logging_mixin.py:137} INFO - [2023-03-26T00:06:11.674+0000] {dag.py:2693} INFO - Sync 1 DAGs
[2023-03-26T00:06:11.719+0000] {logging_mixin.py:137} INFO - [2023-03-26T00:06:11.719+0000] {dag.py:3444} INFO - Setting next_dagrun for example_short_circuit_decorator to 2023-03-25T00:06:11.718904+00:00, run_after=2023-03-26T00:06:11.718904+00:00
[2023-03-26T00:06:11.740+0000] {processor.py:175} INFO - Processing /home/airflow/.local/lib/python3.7/site-packages/airflow/example_dags/example_short_circuit_decorator.py took 0.115 seconds
[2023-03-26T00:06:42.665+0000] {processor.py:153} INFO - Started process (PID=555) to work on /home/airflow/.local/lib/python3.7/site-packages/airflow/example_dags/example_short_circuit_decorator.py
[2023-03-26T00:06:42.666+0000] {processor.py:743} INFO - Processing file /home/airflow/.local/lib/python3.7/site-packages/airflow/example_dags/example_short_circuit_decorator.py for tasks to queue
[2023-03-26T00:06:42.666+0000] {logging_mixin.py:137} INFO - [2023-03-26T00:06:42.666+0000] {dagbag.py:532} INFO - Filling up the DagBag from /home/airflow/.local/lib/python3.7/site-packages/airflow/example_dags/example_short_circuit_decorator.py
[2023-03-26T00:06:42.684+0000] {processor.py:753} INFO - DAG(s) dict_keys(['example_short_circuit_decorator']) retrieved from /home/airflow/.local/lib/python3.7/site-packages/airflow/example_dags/example_short_circuit_decorator.py
[2023-03-26T00:06:42.706+0000] {logging_mixin.py:137} INFO - [2023-03-26T00:06:42.706+0000] {dag.py:2693} INFO - Sync 1 DAGs
[2023-03-26T00:06:42.721+0000] {logging_mixin.py:137} INFO - [2023-03-26T00:06:42.721+0000] {dag.py:3444} INFO - Setting next_dagrun for example_short_circuit_decorator to 2023-03-25T00:06:42.721487+00:00, run_after=2023-03-26T00:06:42.721487+00:00
[2023-03-26T00:06:42.731+0000] {processor.py:175} INFO - Processing /home/airflow/.local/lib/python3.7/site-packages/airflow/example_dags/example_short_circuit_decorator.py took 0.070 seconds
[2023-03-26T18:33:49.737+0000] {processor.py:153} INFO - Started process (PID=338) to work on /home/airflow/.local/lib/python3.7/site-packages/airflow/example_dags/example_short_circuit_decorator.py
[2023-03-26T18:33:49.739+0000] {processor.py:743} INFO - Processing file /home/airflow/.local/lib/python3.7/site-packages/airflow/example_dags/example_short_circuit_decorator.py for tasks to queue
[2023-03-26T18:33:49.744+0000] {logging_mixin.py:137} INFO - [2023-03-26T18:33:49.744+0000] {dagbag.py:532} INFO - Filling up the DagBag from /home/airflow/.local/lib/python3.7/site-packages/airflow/example_dags/example_short_circuit_decorator.py
[2023-03-26T18:33:49.787+0000] {processor.py:753} INFO - DAG(s) dict_keys(['example_short_circuit_decorator']) retrieved from /home/airflow/.local/lib/python3.7/site-packages/airflow/example_dags/example_short_circuit_decorator.py
[2023-03-26T18:33:49.829+0000] {logging_mixin.py:137} INFO - [2023-03-26T18:33:49.829+0000] {dag.py:2693} INFO - Sync 1 DAGs
[2023-03-26T18:33:49.855+0000] {logging_mixin.py:137} INFO - [2023-03-26T18:33:49.854+0000] {dag.py:3444} INFO - Setting next_dagrun for example_short_circuit_decorator to 2023-03-25T18:33:49.854617+00:00, run_after=2023-03-26T18:33:49.854617+00:00
[2023-03-26T18:33:49.891+0000] {processor.py:175} INFO - Processing /home/airflow/.local/lib/python3.7/site-packages/airflow/example_dags/example_short_circuit_decorator.py took 0.162 seconds
[2023-03-26T18:34:20.170+0000] {processor.py:153} INFO - Started process (PID=555) to work on /home/airflow/.local/lib/python3.7/site-packages/airflow/example_dags/example_short_circuit_decorator.py
[2023-03-26T18:34:20.172+0000] {processor.py:743} INFO - Processing file /home/airflow/.local/lib/python3.7/site-packages/airflow/example_dags/example_short_circuit_decorator.py for tasks to queue
[2023-03-26T18:34:20.174+0000] {logging_mixin.py:137} INFO - [2023-03-26T18:34:20.173+0000] {dagbag.py:532} INFO - Filling up the DagBag from /home/airflow/.local/lib/python3.7/site-packages/airflow/example_dags/example_short_circuit_decorator.py
[2023-03-26T18:34:20.211+0000] {processor.py:753} INFO - DAG(s) dict_keys(['example_short_circuit_decorator']) retrieved from /home/airflow/.local/lib/python3.7/site-packages/airflow/example_dags/example_short_circuit_decorator.py
[2023-03-26T18:34:20.235+0000] {logging_mixin.py:137} INFO - [2023-03-26T18:34:20.234+0000] {dag.py:2693} INFO - Sync 1 DAGs
[2023-03-26T18:34:20.260+0000] {logging_mixin.py:137} INFO - [2023-03-26T18:34:20.260+0000] {dag.py:3444} INFO - Setting next_dagrun for example_short_circuit_decorator to 2023-03-25T18:34:20.260353+00:00, run_after=2023-03-26T18:34:20.260353+00:00
[2023-03-26T18:34:20.285+0000] {processor.py:175} INFO - Processing /home/airflow/.local/lib/python3.7/site-packages/airflow/example_dags/example_short_circuit_decorator.py took 0.118 seconds
[2023-03-26T18:34:50.624+0000] {processor.py:153} INFO - Started process (PID=771) to work on /home/airflow/.local/lib/python3.7/site-packages/airflow/example_dags/example_short_circuit_decorator.py
[2023-03-26T18:34:50.626+0000] {processor.py:743} INFO - Processing file /home/airflow/.local/lib/python3.7/site-packages/airflow/example_dags/example_short_circuit_decorator.py for tasks to queue
[2023-03-26T18:34:50.627+0000] {logging_mixin.py:137} INFO - [2023-03-26T18:34:50.627+0000] {dagbag.py:532} INFO - Filling up the DagBag from /home/airflow/.local/lib/python3.7/site-packages/airflow/example_dags/example_short_circuit_decorator.py
[2023-03-26T18:34:50.653+0000] {processor.py:753} INFO - DAG(s) dict_keys(['example_short_circuit_decorator']) retrieved from /home/airflow/.local/lib/python3.7/site-packages/airflow/example_dags/example_short_circuit_decorator.py
[2023-03-26T18:34:50.681+0000] {logging_mixin.py:137} INFO - [2023-03-26T18:34:50.681+0000] {dag.py:2693} INFO - Sync 1 DAGs
[2023-03-26T18:34:50.703+0000] {logging_mixin.py:137} INFO - [2023-03-26T18:34:50.703+0000] {dag.py:3444} INFO - Setting next_dagrun for example_short_circuit_decorator to 2023-03-25T18:34:50.703092+00:00, run_after=2023-03-26T18:34:50.703092+00:00
[2023-03-26T18:34:50.722+0000] {processor.py:175} INFO - Processing /home/airflow/.local/lib/python3.7/site-packages/airflow/example_dags/example_short_circuit_decorator.py took 0.103 seconds
[2023-03-26T18:35:21.332+0000] {processor.py:153} INFO - Started process (PID=987) to work on /home/airflow/.local/lib/python3.7/site-packages/airflow/example_dags/example_short_circuit_decorator.py
[2023-03-26T18:35:21.334+0000] {processor.py:743} INFO - Processing file /home/airflow/.local/lib/python3.7/site-packages/airflow/example_dags/example_short_circuit_decorator.py for tasks to queue
[2023-03-26T18:35:21.335+0000] {logging_mixin.py:137} INFO - [2023-03-26T18:35:21.335+0000] {dagbag.py:532} INFO - Filling up the DagBag from /home/airflow/.local/lib/python3.7/site-packages/airflow/example_dags/example_short_circuit_decorator.py
[2023-03-26T18:35:21.360+0000] {processor.py:753} INFO - DAG(s) dict_keys(['example_short_circuit_decorator']) retrieved from /home/airflow/.local/lib/python3.7/site-packages/airflow/example_dags/example_short_circuit_decorator.py
[2023-03-26T18:35:21.386+0000] {logging_mixin.py:137} INFO - [2023-03-26T18:35:21.385+0000] {dag.py:2693} INFO - Sync 1 DAGs
[2023-03-26T18:35:21.408+0000] {logging_mixin.py:137} INFO - [2023-03-26T18:35:21.408+0000] {dag.py:3444} INFO - Setting next_dagrun for example_short_circuit_decorator to 2023-03-25T18:35:21.408478+00:00, run_after=2023-03-26T18:35:21.408478+00:00
[2023-03-26T18:35:21.425+0000] {processor.py:175} INFO - Processing /home/airflow/.local/lib/python3.7/site-packages/airflow/example_dags/example_short_circuit_decorator.py took 0.098 seconds
[2023-03-26T18:35:52.186+0000] {processor.py:153} INFO - Started process (PID=1204) to work on /home/airflow/.local/lib/python3.7/site-packages/airflow/example_dags/example_short_circuit_decorator.py
[2023-03-26T18:35:52.187+0000] {processor.py:743} INFO - Processing file /home/airflow/.local/lib/python3.7/site-packages/airflow/example_dags/example_short_circuit_decorator.py for tasks to queue
[2023-03-26T18:35:52.188+0000] {logging_mixin.py:137} INFO - [2023-03-26T18:35:52.188+0000] {dagbag.py:532} INFO - Filling up the DagBag from /home/airflow/.local/lib/python3.7/site-packages/airflow/example_dags/example_short_circuit_decorator.py
[2023-03-26T18:35:52.207+0000] {processor.py:753} INFO - DAG(s) dict_keys(['example_short_circuit_decorator']) retrieved from /home/airflow/.local/lib/python3.7/site-packages/airflow/example_dags/example_short_circuit_decorator.py
[2023-03-26T18:35:52.229+0000] {logging_mixin.py:137} INFO - [2023-03-26T18:35:52.229+0000] {dag.py:2693} INFO - Sync 1 DAGs
[2023-03-26T18:35:52.255+0000] {logging_mixin.py:137} INFO - [2023-03-26T18:35:52.254+0000] {dag.py:3444} INFO - Setting next_dagrun for example_short_circuit_decorator to 2023-03-25T18:35:52.253745+00:00, run_after=2023-03-26T18:35:52.253745+00:00
[2023-03-26T18:35:52.269+0000] {processor.py:175} INFO - Processing /home/airflow/.local/lib/python3.7/site-packages/airflow/example_dags/example_short_circuit_decorator.py took 0.088 seconds
[2023-03-26T18:36:23.009+0000] {processor.py:153} INFO - Started process (PID=1421) to work on /home/airflow/.local/lib/python3.7/site-packages/airflow/example_dags/example_short_circuit_decorator.py
[2023-03-26T18:36:23.011+0000] {processor.py:743} INFO - Processing file /home/airflow/.local/lib/python3.7/site-packages/airflow/example_dags/example_short_circuit_decorator.py for tasks to queue
[2023-03-26T18:36:23.012+0000] {logging_mixin.py:137} INFO - [2023-03-26T18:36:23.011+0000] {dagbag.py:532} INFO - Filling up the DagBag from /home/airflow/.local/lib/python3.7/site-packages/airflow/example_dags/example_short_circuit_decorator.py
[2023-03-26T18:36:23.031+0000] {processor.py:753} INFO - DAG(s) dict_keys(['example_short_circuit_decorator']) retrieved from /home/airflow/.local/lib/python3.7/site-packages/airflow/example_dags/example_short_circuit_decorator.py
[2023-03-26T18:36:23.063+0000] {logging_mixin.py:137} INFO - [2023-03-26T18:36:23.062+0000] {dag.py:2693} INFO - Sync 1 DAGs
[2023-03-26T18:36:23.088+0000] {logging_mixin.py:137} INFO - [2023-03-26T18:36:23.088+0000] {dag.py:3444} INFO - Setting next_dagrun for example_short_circuit_decorator to 2023-03-25T18:36:23.088087+00:00, run_after=2023-03-26T18:36:23.088087+00:00
[2023-03-26T18:36:23.107+0000] {processor.py:175} INFO - Processing /home/airflow/.local/lib/python3.7/site-packages/airflow/example_dags/example_short_circuit_decorator.py took 0.102 seconds
