[2023-03-26T00:06:09.539+0000] {processor.py:153} INFO - Started process (PID=213) to work on /home/airflow/.local/lib/python3.7/site-packages/airflow/example_dags/example_branch_operator.py
[2023-03-26T00:06:09.541+0000] {processor.py:743} INFO - Processing file /home/airflow/.local/lib/python3.7/site-packages/airflow/example_dags/example_branch_operator.py for tasks to queue
[2023-03-26T00:06:09.541+0000] {logging_mixin.py:137} INFO - [2023-03-26T00:06:09.541+0000] {dagbag.py:532} INFO - Filling up the DagBag from /home/airflow/.local/lib/python3.7/site-packages/airflow/example_dags/example_branch_operator.py
[2023-03-26T00:06:09.575+0000] {processor.py:753} INFO - DAG(s) dict_keys(['example_branch_operator']) retrieved from /home/airflow/.local/lib/python3.7/site-packages/airflow/example_dags/example_branch_operator.py
[2023-03-26T00:06:09.629+0000] {logging_mixin.py:137} INFO - [2023-03-26T00:06:09.629+0000] {dag.py:2693} INFO - Sync 1 DAGs
[2023-03-26T00:06:09.659+0000] {logging_mixin.py:137} INFO - [2023-03-26T00:06:09.659+0000] {dag.py:3444} INFO - Setting next_dagrun for example_branch_operator to 2023-03-25T00:00:00+00:00, run_after=2023-03-26T00:00:00+00:00
[2023-03-26T00:06:09.684+0000] {processor.py:175} INFO - Processing /home/airflow/.local/lib/python3.7/site-packages/airflow/example_dags/example_branch_operator.py took 0.148 seconds
[2023-03-26T00:06:39.864+0000] {processor.py:153} INFO - Started process (PID=430) to work on /home/airflow/.local/lib/python3.7/site-packages/airflow/example_dags/example_branch_operator.py
[2023-03-26T00:06:39.865+0000] {processor.py:743} INFO - Processing file /home/airflow/.local/lib/python3.7/site-packages/airflow/example_dags/example_branch_operator.py for tasks to queue
[2023-03-26T00:06:39.867+0000] {logging_mixin.py:137} INFO - [2023-03-26T00:06:39.866+0000] {dagbag.py:532} INFO - Filling up the DagBag from /home/airflow/.local/lib/python3.7/site-packages/airflow/example_dags/example_branch_operator.py
[2023-03-26T00:06:39.880+0000] {processor.py:753} INFO - DAG(s) dict_keys(['example_branch_operator']) retrieved from /home/airflow/.local/lib/python3.7/site-packages/airflow/example_dags/example_branch_operator.py
[2023-03-26T00:06:39.903+0000] {logging_mixin.py:137} INFO - [2023-03-26T00:06:39.903+0000] {dag.py:2693} INFO - Sync 1 DAGs
[2023-03-26T00:06:39.927+0000] {logging_mixin.py:137} INFO - [2023-03-26T00:06:39.926+0000] {dag.py:3444} INFO - Setting next_dagrun for example_branch_operator to 2023-03-25T00:00:00+00:00, run_after=2023-03-26T00:00:00+00:00
[2023-03-26T00:06:39.937+0000] {processor.py:175} INFO - Processing /home/airflow/.local/lib/python3.7/site-packages/airflow/example_dags/example_branch_operator.py took 0.076 seconds
[2023-03-26T18:33:46.984+0000] {processor.py:153} INFO - Started process (PID=213) to work on /home/airflow/.local/lib/python3.7/site-packages/airflow/example_dags/example_branch_operator.py
[2023-03-26T18:33:46.986+0000] {processor.py:743} INFO - Processing file /home/airflow/.local/lib/python3.7/site-packages/airflow/example_dags/example_branch_operator.py for tasks to queue
[2023-03-26T18:33:46.989+0000] {logging_mixin.py:137} INFO - [2023-03-26T18:33:46.989+0000] {dagbag.py:532} INFO - Filling up the DagBag from /home/airflow/.local/lib/python3.7/site-packages/airflow/example_dags/example_branch_operator.py
[2023-03-26T18:33:47.031+0000] {processor.py:753} INFO - DAG(s) dict_keys(['example_branch_operator']) retrieved from /home/airflow/.local/lib/python3.7/site-packages/airflow/example_dags/example_branch_operator.py
[2023-03-26T18:33:47.091+0000] {logging_mixin.py:137} INFO - [2023-03-26T18:33:47.091+0000] {dag.py:2693} INFO - Sync 1 DAGs
[2023-03-26T18:33:47.138+0000] {logging_mixin.py:137} INFO - [2023-03-26T18:33:47.138+0000] {dag.py:3444} INFO - Setting next_dagrun for example_branch_operator to 2023-03-25T00:00:00+00:00, run_after=2023-03-26T00:00:00+00:00
[2023-03-26T18:33:47.171+0000] {processor.py:175} INFO - Processing /home/airflow/.local/lib/python3.7/site-packages/airflow/example_dags/example_branch_operator.py took 0.193 seconds
[2023-03-26T18:34:17.243+0000] {processor.py:153} INFO - Started process (PID=432) to work on /home/airflow/.local/lib/python3.7/site-packages/airflow/example_dags/example_branch_operator.py
[2023-03-26T18:34:17.245+0000] {processor.py:743} INFO - Processing file /home/airflow/.local/lib/python3.7/site-packages/airflow/example_dags/example_branch_operator.py for tasks to queue
[2023-03-26T18:34:17.246+0000] {logging_mixin.py:137} INFO - [2023-03-26T18:34:17.246+0000] {dagbag.py:532} INFO - Filling up the DagBag from /home/airflow/.local/lib/python3.7/site-packages/airflow/example_dags/example_branch_operator.py
[2023-03-26T18:34:17.261+0000] {processor.py:753} INFO - DAG(s) dict_keys(['example_branch_operator']) retrieved from /home/airflow/.local/lib/python3.7/site-packages/airflow/example_dags/example_branch_operator.py
[2023-03-26T18:34:17.277+0000] {logging_mixin.py:137} INFO - [2023-03-26T18:34:17.276+0000] {dag.py:2693} INFO - Sync 1 DAGs
[2023-03-26T18:34:17.303+0000] {logging_mixin.py:137} INFO - [2023-03-26T18:34:17.303+0000] {dag.py:3444} INFO - Setting next_dagrun for example_branch_operator to 2023-03-25T00:00:00+00:00, run_after=2023-03-26T00:00:00+00:00
[2023-03-26T18:34:17.324+0000] {processor.py:175} INFO - Processing /home/airflow/.local/lib/python3.7/site-packages/airflow/example_dags/example_branch_operator.py took 0.084 seconds
[2023-03-26T18:34:47.530+0000] {processor.py:153} INFO - Started process (PID=648) to work on /home/airflow/.local/lib/python3.7/site-packages/airflow/example_dags/example_branch_operator.py
[2023-03-26T18:34:47.531+0000] {processor.py:743} INFO - Processing file /home/airflow/.local/lib/python3.7/site-packages/airflow/example_dags/example_branch_operator.py for tasks to queue
[2023-03-26T18:34:47.532+0000] {logging_mixin.py:137} INFO - [2023-03-26T18:34:47.532+0000] {dagbag.py:532} INFO - Filling up the DagBag from /home/airflow/.local/lib/python3.7/site-packages/airflow/example_dags/example_branch_operator.py
[2023-03-26T18:34:47.547+0000] {processor.py:753} INFO - DAG(s) dict_keys(['example_branch_operator']) retrieved from /home/airflow/.local/lib/python3.7/site-packages/airflow/example_dags/example_branch_operator.py
[2023-03-26T18:34:47.573+0000] {logging_mixin.py:137} INFO - [2023-03-26T18:34:47.573+0000] {dag.py:2693} INFO - Sync 1 DAGs
[2023-03-26T18:34:47.593+0000] {logging_mixin.py:137} INFO - [2023-03-26T18:34:47.592+0000] {dag.py:3444} INFO - Setting next_dagrun for example_branch_operator to 2023-03-25T00:00:00+00:00, run_after=2023-03-26T00:00:00+00:00
[2023-03-26T18:34:47.606+0000] {processor.py:175} INFO - Processing /home/airflow/.local/lib/python3.7/site-packages/airflow/example_dags/example_branch_operator.py took 0.079 seconds
[2023-03-26T18:35:18.367+0000] {processor.py:153} INFO - Started process (PID=862) to work on /home/airflow/.local/lib/python3.7/site-packages/airflow/example_dags/example_branch_operator.py
[2023-03-26T18:35:18.369+0000] {processor.py:743} INFO - Processing file /home/airflow/.local/lib/python3.7/site-packages/airflow/example_dags/example_branch_operator.py for tasks to queue
[2023-03-26T18:35:18.370+0000] {logging_mixin.py:137} INFO - [2023-03-26T18:35:18.370+0000] {dagbag.py:532} INFO - Filling up the DagBag from /home/airflow/.local/lib/python3.7/site-packages/airflow/example_dags/example_branch_operator.py
[2023-03-26T18:35:18.386+0000] {processor.py:753} INFO - DAG(s) dict_keys(['example_branch_operator']) retrieved from /home/airflow/.local/lib/python3.7/site-packages/airflow/example_dags/example_branch_operator.py
[2023-03-26T18:35:18.412+0000] {logging_mixin.py:137} INFO - [2023-03-26T18:35:18.412+0000] {dag.py:2693} INFO - Sync 1 DAGs
[2023-03-26T18:35:18.433+0000] {logging_mixin.py:137} INFO - [2023-03-26T18:35:18.433+0000] {dag.py:3444} INFO - Setting next_dagrun for example_branch_operator to 2023-03-25T00:00:00+00:00, run_after=2023-03-26T00:00:00+00:00
[2023-03-26T18:35:18.451+0000] {processor.py:175} INFO - Processing /home/airflow/.local/lib/python3.7/site-packages/airflow/example_dags/example_branch_operator.py took 0.087 seconds
[2023-03-26T18:35:49.122+0000] {processor.py:153} INFO - Started process (PID=1079) to work on /home/airflow/.local/lib/python3.7/site-packages/airflow/example_dags/example_branch_operator.py
[2023-03-26T18:35:49.125+0000] {processor.py:743} INFO - Processing file /home/airflow/.local/lib/python3.7/site-packages/airflow/example_dags/example_branch_operator.py for tasks to queue
[2023-03-26T18:35:49.127+0000] {logging_mixin.py:137} INFO - [2023-03-26T18:35:49.126+0000] {dagbag.py:532} INFO - Filling up the DagBag from /home/airflow/.local/lib/python3.7/site-packages/airflow/example_dags/example_branch_operator.py
[2023-03-26T18:35:49.152+0000] {processor.py:753} INFO - DAG(s) dict_keys(['example_branch_operator']) retrieved from /home/airflow/.local/lib/python3.7/site-packages/airflow/example_dags/example_branch_operator.py
[2023-03-26T18:35:49.181+0000] {logging_mixin.py:137} INFO - [2023-03-26T18:35:49.181+0000] {dag.py:2693} INFO - Sync 1 DAGs
[2023-03-26T18:35:49.210+0000] {logging_mixin.py:137} INFO - [2023-03-26T18:35:49.209+0000] {dag.py:3444} INFO - Setting next_dagrun for example_branch_operator to 2023-03-25T00:00:00+00:00, run_after=2023-03-26T00:00:00+00:00
[2023-03-26T18:35:49.228+0000] {processor.py:175} INFO - Processing /home/airflow/.local/lib/python3.7/site-packages/airflow/example_dags/example_branch_operator.py took 0.113 seconds
[2023-03-26T18:36:19.295+0000] {processor.py:153} INFO - Started process (PID=1293) to work on /home/airflow/.local/lib/python3.7/site-packages/airflow/example_dags/example_branch_operator.py
[2023-03-26T18:36:19.297+0000] {processor.py:743} INFO - Processing file /home/airflow/.local/lib/python3.7/site-packages/airflow/example_dags/example_branch_operator.py for tasks to queue
[2023-03-26T18:36:19.298+0000] {logging_mixin.py:137} INFO - [2023-03-26T18:36:19.298+0000] {dagbag.py:532} INFO - Filling up the DagBag from /home/airflow/.local/lib/python3.7/site-packages/airflow/example_dags/example_branch_operator.py
[2023-03-26T18:36:19.314+0000] {processor.py:753} INFO - DAG(s) dict_keys(['example_branch_operator']) retrieved from /home/airflow/.local/lib/python3.7/site-packages/airflow/example_dags/example_branch_operator.py
[2023-03-26T18:36:19.336+0000] {logging_mixin.py:137} INFO - [2023-03-26T18:36:19.336+0000] {dag.py:2693} INFO - Sync 1 DAGs
[2023-03-26T18:36:19.354+0000] {logging_mixin.py:137} INFO - [2023-03-26T18:36:19.354+0000] {dag.py:3444} INFO - Setting next_dagrun for example_branch_operator to 2023-03-25T00:00:00+00:00, run_after=2023-03-26T00:00:00+00:00
[2023-03-26T18:36:19.366+0000] {processor.py:175} INFO - Processing /home/airflow/.local/lib/python3.7/site-packages/airflow/example_dags/example_branch_operator.py took 0.074 seconds
