[2023-03-26T00:06:11.797+0000] {processor.py:153} INFO - Started process (PID=348) to work on /home/airflow/.local/lib/python3.7/site-packages/airflow/example_dags/example_kubernetes_executor.py
[2023-03-26T00:06:11.798+0000] {processor.py:743} INFO - Processing file /home/airflow/.local/lib/python3.7/site-packages/airflow/example_dags/example_kubernetes_executor.py for tasks to queue
[2023-03-26T00:06:11.799+0000] {logging_mixin.py:137} INFO - [2023-03-26T00:06:11.799+0000] {dagbag.py:532} INFO - Filling up the DagBag from /home/airflow/.local/lib/python3.7/site-packages/airflow/example_dags/example_kubernetes_executor.py
[2023-03-26T00:06:11.820+0000] {processor.py:753} INFO - DAG(s) dict_keys(['example_kubernetes_executor']) retrieved from /home/airflow/.local/lib/python3.7/site-packages/airflow/example_dags/example_kubernetes_executor.py
[2023-03-26T00:06:11.849+0000] {logging_mixin.py:137} INFO - [2023-03-26T00:06:11.848+0000] {dag.py:2693} INFO - Sync 1 DAGs
[2023-03-26T00:06:11.873+0000] {logging_mixin.py:137} INFO - [2023-03-26T00:06:11.873+0000] {dag.py:3444} INFO - Setting next_dagrun for example_kubernetes_executor to None, run_after=None
[2023-03-26T00:06:11.901+0000] {processor.py:175} INFO - Processing /home/airflow/.local/lib/python3.7/site-packages/airflow/example_dags/example_kubernetes_executor.py took 0.107 seconds
[2023-03-26T00:06:42.760+0000] {processor.py:153} INFO - Started process (PID=565) to work on /home/airflow/.local/lib/python3.7/site-packages/airflow/example_dags/example_kubernetes_executor.py
[2023-03-26T00:06:42.761+0000] {processor.py:743} INFO - Processing file /home/airflow/.local/lib/python3.7/site-packages/airflow/example_dags/example_kubernetes_executor.py for tasks to queue
[2023-03-26T00:06:42.763+0000] {logging_mixin.py:137} INFO - [2023-03-26T00:06:42.763+0000] {dagbag.py:532} INFO - Filling up the DagBag from /home/airflow/.local/lib/python3.7/site-packages/airflow/example_dags/example_kubernetes_executor.py
[2023-03-26T00:06:42.786+0000] {processor.py:753} INFO - DAG(s) dict_keys(['example_kubernetes_executor']) retrieved from /home/airflow/.local/lib/python3.7/site-packages/airflow/example_dags/example_kubernetes_executor.py
[2023-03-26T00:06:42.813+0000] {logging_mixin.py:137} INFO - [2023-03-26T00:06:42.813+0000] {dag.py:2693} INFO - Sync 1 DAGs
[2023-03-26T00:06:42.829+0000] {logging_mixin.py:137} INFO - [2023-03-26T00:06:42.829+0000] {dag.py:3444} INFO - Setting next_dagrun for example_kubernetes_executor to None, run_after=None
[2023-03-26T00:06:42.842+0000] {processor.py:175} INFO - Processing /home/airflow/.local/lib/python3.7/site-packages/airflow/example_dags/example_kubernetes_executor.py took 0.084 seconds
[2023-03-26T18:33:49.952+0000] {processor.py:153} INFO - Started process (PID=348) to work on /home/airflow/.local/lib/python3.7/site-packages/airflow/example_dags/example_kubernetes_executor.py
[2023-03-26T18:33:49.955+0000] {processor.py:743} INFO - Processing file /home/airflow/.local/lib/python3.7/site-packages/airflow/example_dags/example_kubernetes_executor.py for tasks to queue
[2023-03-26T18:33:49.957+0000] {logging_mixin.py:137} INFO - [2023-03-26T18:33:49.957+0000] {dagbag.py:532} INFO - Filling up the DagBag from /home/airflow/.local/lib/python3.7/site-packages/airflow/example_dags/example_kubernetes_executor.py
[2023-03-26T18:33:49.993+0000] {processor.py:753} INFO - DAG(s) dict_keys(['example_kubernetes_executor']) retrieved from /home/airflow/.local/lib/python3.7/site-packages/airflow/example_dags/example_kubernetes_executor.py
[2023-03-26T18:33:50.025+0000] {logging_mixin.py:137} INFO - [2023-03-26T18:33:50.025+0000] {dag.py:2693} INFO - Sync 1 DAGs
[2023-03-26T18:33:50.068+0000] {logging_mixin.py:137} INFO - [2023-03-26T18:33:50.068+0000] {dag.py:3444} INFO - Setting next_dagrun for example_kubernetes_executor to None, run_after=None
[2023-03-26T18:33:50.085+0000] {processor.py:175} INFO - Processing /home/airflow/.local/lib/python3.7/site-packages/airflow/example_dags/example_kubernetes_executor.py took 0.138 seconds
[2023-03-26T18:34:20.329+0000] {processor.py:153} INFO - Started process (PID=565) to work on /home/airflow/.local/lib/python3.7/site-packages/airflow/example_dags/example_kubernetes_executor.py
[2023-03-26T18:34:20.332+0000] {processor.py:743} INFO - Processing file /home/airflow/.local/lib/python3.7/site-packages/airflow/example_dags/example_kubernetes_executor.py for tasks to queue
[2023-03-26T18:34:20.334+0000] {logging_mixin.py:137} INFO - [2023-03-26T18:34:20.334+0000] {dagbag.py:532} INFO - Filling up the DagBag from /home/airflow/.local/lib/python3.7/site-packages/airflow/example_dags/example_kubernetes_executor.py
[2023-03-26T18:34:20.365+0000] {processor.py:753} INFO - DAG(s) dict_keys(['example_kubernetes_executor']) retrieved from /home/airflow/.local/lib/python3.7/site-packages/airflow/example_dags/example_kubernetes_executor.py
[2023-03-26T18:34:20.385+0000] {logging_mixin.py:137} INFO - [2023-03-26T18:34:20.385+0000] {dag.py:2693} INFO - Sync 1 DAGs
[2023-03-26T18:34:20.412+0000] {logging_mixin.py:137} INFO - [2023-03-26T18:34:20.412+0000] {dag.py:3444} INFO - Setting next_dagrun for example_kubernetes_executor to None, run_after=None
[2023-03-26T18:34:20.430+0000] {processor.py:175} INFO - Processing /home/airflow/.local/lib/python3.7/site-packages/airflow/example_dags/example_kubernetes_executor.py took 0.104 seconds
[2023-03-26T18:34:50.934+0000] {processor.py:153} INFO - Started process (PID=783) to work on /home/airflow/.local/lib/python3.7/site-packages/airflow/example_dags/example_kubernetes_executor.py
[2023-03-26T18:34:50.937+0000] {processor.py:743} INFO - Processing file /home/airflow/.local/lib/python3.7/site-packages/airflow/example_dags/example_kubernetes_executor.py for tasks to queue
[2023-03-26T18:34:50.938+0000] {logging_mixin.py:137} INFO - [2023-03-26T18:34:50.938+0000] {dagbag.py:532} INFO - Filling up the DagBag from /home/airflow/.local/lib/python3.7/site-packages/airflow/example_dags/example_kubernetes_executor.py
[2023-03-26T18:34:50.980+0000] {processor.py:753} INFO - DAG(s) dict_keys(['example_kubernetes_executor']) retrieved from /home/airflow/.local/lib/python3.7/site-packages/airflow/example_dags/example_kubernetes_executor.py
[2023-03-26T18:34:51.030+0000] {logging_mixin.py:137} INFO - [2023-03-26T18:34:51.030+0000] {dag.py:2693} INFO - Sync 1 DAGs
[2023-03-26T18:34:51.058+0000] {logging_mixin.py:137} INFO - [2023-03-26T18:34:51.057+0000] {dag.py:3444} INFO - Setting next_dagrun for example_kubernetes_executor to None, run_after=None
[2023-03-26T18:34:51.074+0000] {processor.py:175} INFO - Processing /home/airflow/.local/lib/python3.7/site-packages/airflow/example_dags/example_kubernetes_executor.py took 0.146 seconds
[2023-03-26T18:35:21.471+0000] {processor.py:153} INFO - Started process (PID=997) to work on /home/airflow/.local/lib/python3.7/site-packages/airflow/example_dags/example_kubernetes_executor.py
[2023-03-26T18:35:21.473+0000] {processor.py:743} INFO - Processing file /home/airflow/.local/lib/python3.7/site-packages/airflow/example_dags/example_kubernetes_executor.py for tasks to queue
[2023-03-26T18:35:21.475+0000] {logging_mixin.py:137} INFO - [2023-03-26T18:35:21.474+0000] {dagbag.py:532} INFO - Filling up the DagBag from /home/airflow/.local/lib/python3.7/site-packages/airflow/example_dags/example_kubernetes_executor.py
[2023-03-26T18:35:21.503+0000] {processor.py:753} INFO - DAG(s) dict_keys(['example_kubernetes_executor']) retrieved from /home/airflow/.local/lib/python3.7/site-packages/airflow/example_dags/example_kubernetes_executor.py
[2023-03-26T18:35:21.536+0000] {logging_mixin.py:137} INFO - [2023-03-26T18:35:21.536+0000] {dag.py:2693} INFO - Sync 1 DAGs
[2023-03-26T18:35:21.560+0000] {logging_mixin.py:137} INFO - [2023-03-26T18:35:21.560+0000] {dag.py:3444} INFO - Setting next_dagrun for example_kubernetes_executor to None, run_after=None
[2023-03-26T18:35:21.590+0000] {processor.py:175} INFO - Processing /home/airflow/.local/lib/python3.7/site-packages/airflow/example_dags/example_kubernetes_executor.py took 0.123 seconds
[2023-03-26T18:35:52.302+0000] {processor.py:153} INFO - Started process (PID=1214) to work on /home/airflow/.local/lib/python3.7/site-packages/airflow/example_dags/example_kubernetes_executor.py
[2023-03-26T18:35:52.303+0000] {processor.py:743} INFO - Processing file /home/airflow/.local/lib/python3.7/site-packages/airflow/example_dags/example_kubernetes_executor.py for tasks to queue
[2023-03-26T18:35:52.304+0000] {logging_mixin.py:137} INFO - [2023-03-26T18:35:52.304+0000] {dagbag.py:532} INFO - Filling up the DagBag from /home/airflow/.local/lib/python3.7/site-packages/airflow/example_dags/example_kubernetes_executor.py
[2023-03-26T18:35:52.326+0000] {processor.py:753} INFO - DAG(s) dict_keys(['example_kubernetes_executor']) retrieved from /home/airflow/.local/lib/python3.7/site-packages/airflow/example_dags/example_kubernetes_executor.py
[2023-03-26T18:35:52.353+0000] {logging_mixin.py:137} INFO - [2023-03-26T18:35:52.353+0000] {dag.py:2693} INFO - Sync 1 DAGs
[2023-03-26T18:35:52.372+0000] {logging_mixin.py:137} INFO - [2023-03-26T18:35:52.371+0000] {dag.py:3444} INFO - Setting next_dagrun for example_kubernetes_executor to None, run_after=None
[2023-03-26T18:35:52.391+0000] {processor.py:175} INFO - Processing /home/airflow/.local/lib/python3.7/site-packages/airflow/example_dags/example_kubernetes_executor.py took 0.093 seconds
[2023-03-26T18:36:23.142+0000] {processor.py:153} INFO - Started process (PID=1431) to work on /home/airflow/.local/lib/python3.7/site-packages/airflow/example_dags/example_kubernetes_executor.py
[2023-03-26T18:36:23.144+0000] {processor.py:743} INFO - Processing file /home/airflow/.local/lib/python3.7/site-packages/airflow/example_dags/example_kubernetes_executor.py for tasks to queue
[2023-03-26T18:36:23.145+0000] {logging_mixin.py:137} INFO - [2023-03-26T18:36:23.144+0000] {dagbag.py:532} INFO - Filling up the DagBag from /home/airflow/.local/lib/python3.7/site-packages/airflow/example_dags/example_kubernetes_executor.py
[2023-03-26T18:36:23.169+0000] {processor.py:753} INFO - DAG(s) dict_keys(['example_kubernetes_executor']) retrieved from /home/airflow/.local/lib/python3.7/site-packages/airflow/example_dags/example_kubernetes_executor.py
[2023-03-26T18:36:23.195+0000] {logging_mixin.py:137} INFO - [2023-03-26T18:36:23.195+0000] {dag.py:2693} INFO - Sync 1 DAGs
[2023-03-26T18:36:23.213+0000] {logging_mixin.py:137} INFO - [2023-03-26T18:36:23.213+0000] {dag.py:3444} INFO - Setting next_dagrun for example_kubernetes_executor to None, run_after=None
[2023-03-26T18:36:23.229+0000] {processor.py:175} INFO - Processing /home/airflow/.local/lib/python3.7/site-packages/airflow/example_dags/example_kubernetes_executor.py took 0.090 seconds
