[2023-03-26T00:06:08.906+0000] {processor.py:153} INFO - Started process (PID=178) to work on /home/airflow/.local/lib/python3.7/site-packages/airflow/example_dags/example_branch_python_dop_operator_3.py
[2023-03-26T00:06:08.908+0000] {processor.py:743} INFO - Processing file /home/airflow/.local/lib/python3.7/site-packages/airflow/example_dags/example_branch_python_dop_operator_3.py for tasks to queue
[2023-03-26T00:06:08.909+0000] {logging_mixin.py:137} INFO - [2023-03-26T00:06:08.909+0000] {dagbag.py:532} INFO - Filling up the DagBag from /home/airflow/.local/lib/python3.7/site-packages/airflow/example_dags/example_branch_python_dop_operator_3.py
[2023-03-26T00:06:08.937+0000] {processor.py:753} INFO - DAG(s) dict_keys(['example_branch_dop_operator_v3']) retrieved from /home/airflow/.local/lib/python3.7/site-packages/airflow/example_dags/example_branch_python_dop_operator_3.py
[2023-03-26T00:06:08.984+0000] {logging_mixin.py:137} INFO - [2023-03-26T00:06:08.984+0000] {dag.py:2693} INFO - Sync 1 DAGs
[2023-03-26T00:06:09.017+0000] {logging_mixin.py:137} INFO - [2023-03-26T00:06:09.017+0000] {dag.py:3444} INFO - Setting next_dagrun for example_branch_dop_operator_v3 to 2023-03-26T00:05:00+00:00, run_after=2023-03-26T00:06:00+00:00
[2023-03-26T00:06:09.029+0000] {processor.py:175} INFO - Processing /home/airflow/.local/lib/python3.7/site-packages/airflow/example_dags/example_branch_python_dop_operator_3.py took 0.129 seconds
[2023-03-26T00:06:39.462+0000] {processor.py:153} INFO - Started process (PID=395) to work on /home/airflow/.local/lib/python3.7/site-packages/airflow/example_dags/example_branch_python_dop_operator_3.py
[2023-03-26T00:06:39.463+0000] {processor.py:743} INFO - Processing file /home/airflow/.local/lib/python3.7/site-packages/airflow/example_dags/example_branch_python_dop_operator_3.py for tasks to queue
[2023-03-26T00:06:39.464+0000] {logging_mixin.py:137} INFO - [2023-03-26T00:06:39.464+0000] {dagbag.py:532} INFO - Filling up the DagBag from /home/airflow/.local/lib/python3.7/site-packages/airflow/example_dags/example_branch_python_dop_operator_3.py
[2023-03-26T00:06:39.486+0000] {processor.py:753} INFO - DAG(s) dict_keys(['example_branch_dop_operator_v3']) retrieved from /home/airflow/.local/lib/python3.7/site-packages/airflow/example_dags/example_branch_python_dop_operator_3.py
[2023-03-26T00:06:39.506+0000] {logging_mixin.py:137} INFO - [2023-03-26T00:06:39.506+0000] {dag.py:2693} INFO - Sync 1 DAGs
[2023-03-26T00:06:39.531+0000] {logging_mixin.py:137} INFO - [2023-03-26T00:06:39.531+0000] {dag.py:3444} INFO - Setting next_dagrun for example_branch_dop_operator_v3 to 2023-03-26T00:05:00+00:00, run_after=2023-03-26T00:06:00+00:00
[2023-03-26T00:06:39.543+0000] {processor.py:175} INFO - Processing /home/airflow/.local/lib/python3.7/site-packages/airflow/example_dags/example_branch_python_dop_operator_3.py took 0.085 seconds
[2023-03-26T18:33:46.303+0000] {processor.py:153} INFO - Started process (PID=178) to work on /home/airflow/.local/lib/python3.7/site-packages/airflow/example_dags/example_branch_python_dop_operator_3.py
[2023-03-26T18:33:46.305+0000] {processor.py:743} INFO - Processing file /home/airflow/.local/lib/python3.7/site-packages/airflow/example_dags/example_branch_python_dop_operator_3.py for tasks to queue
[2023-03-26T18:33:46.307+0000] {logging_mixin.py:137} INFO - [2023-03-26T18:33:46.307+0000] {dagbag.py:532} INFO - Filling up the DagBag from /home/airflow/.local/lib/python3.7/site-packages/airflow/example_dags/example_branch_python_dop_operator_3.py
[2023-03-26T18:33:46.335+0000] {processor.py:753} INFO - DAG(s) dict_keys(['example_branch_dop_operator_v3']) retrieved from /home/airflow/.local/lib/python3.7/site-packages/airflow/example_dags/example_branch_python_dop_operator_3.py
[2023-03-26T18:33:46.374+0000] {logging_mixin.py:137} INFO - [2023-03-26T18:33:46.374+0000] {dag.py:2693} INFO - Sync 1 DAGs
[2023-03-26T18:33:46.416+0000] {logging_mixin.py:137} INFO - [2023-03-26T18:33:46.416+0000] {dag.py:3444} INFO - Setting next_dagrun for example_branch_dop_operator_v3 to 2023-03-26T18:32:00+00:00, run_after=2023-03-26T18:33:00+00:00
[2023-03-26T18:33:46.430+0000] {processor.py:175} INFO - Processing /home/airflow/.local/lib/python3.7/site-packages/airflow/example_dags/example_branch_python_dop_operator_3.py took 0.130 seconds
[2023-03-26T18:34:16.753+0000] {processor.py:153} INFO - Started process (PID=397) to work on /home/airflow/.local/lib/python3.7/site-packages/airflow/example_dags/example_branch_python_dop_operator_3.py
[2023-03-26T18:34:16.756+0000] {processor.py:743} INFO - Processing file /home/airflow/.local/lib/python3.7/site-packages/airflow/example_dags/example_branch_python_dop_operator_3.py for tasks to queue
[2023-03-26T18:34:16.757+0000] {logging_mixin.py:137} INFO - [2023-03-26T18:34:16.757+0000] {dagbag.py:532} INFO - Filling up the DagBag from /home/airflow/.local/lib/python3.7/site-packages/airflow/example_dags/example_branch_python_dop_operator_3.py
[2023-03-26T18:34:16.782+0000] {processor.py:753} INFO - DAG(s) dict_keys(['example_branch_dop_operator_v3']) retrieved from /home/airflow/.local/lib/python3.7/site-packages/airflow/example_dags/example_branch_python_dop_operator_3.py
[2023-03-26T18:34:16.799+0000] {logging_mixin.py:137} INFO - [2023-03-26T18:34:16.799+0000] {dag.py:2693} INFO - Sync 1 DAGs
[2023-03-26T18:34:16.830+0000] {logging_mixin.py:137} INFO - [2023-03-26T18:34:16.830+0000] {dag.py:3444} INFO - Setting next_dagrun for example_branch_dop_operator_v3 to 2023-03-26T18:33:00+00:00, run_after=2023-03-26T18:34:00+00:00
[2023-03-26T18:34:16.850+0000] {processor.py:175} INFO - Processing /home/airflow/.local/lib/python3.7/site-packages/airflow/example_dags/example_branch_python_dop_operator_3.py took 0.101 seconds
[2023-03-26T18:34:47.030+0000] {processor.py:153} INFO - Started process (PID=611) to work on /home/airflow/.local/lib/python3.7/site-packages/airflow/example_dags/example_branch_python_dop_operator_3.py
[2023-03-26T18:34:47.031+0000] {processor.py:743} INFO - Processing file /home/airflow/.local/lib/python3.7/site-packages/airflow/example_dags/example_branch_python_dop_operator_3.py for tasks to queue
[2023-03-26T18:34:47.032+0000] {logging_mixin.py:137} INFO - [2023-03-26T18:34:47.032+0000] {dagbag.py:532} INFO - Filling up the DagBag from /home/airflow/.local/lib/python3.7/site-packages/airflow/example_dags/example_branch_python_dop_operator_3.py
[2023-03-26T18:34:47.054+0000] {processor.py:753} INFO - DAG(s) dict_keys(['example_branch_dop_operator_v3']) retrieved from /home/airflow/.local/lib/python3.7/site-packages/airflow/example_dags/example_branch_python_dop_operator_3.py
[2023-03-26T18:34:47.079+0000] {logging_mixin.py:137} INFO - [2023-03-26T18:34:47.079+0000] {dag.py:2693} INFO - Sync 1 DAGs
[2023-03-26T18:34:47.101+0000] {logging_mixin.py:137} INFO - [2023-03-26T18:34:47.101+0000] {dag.py:3444} INFO - Setting next_dagrun for example_branch_dop_operator_v3 to 2023-03-26T18:33:00+00:00, run_after=2023-03-26T18:34:00+00:00
[2023-03-26T18:34:47.120+0000] {processor.py:175} INFO - Processing /home/airflow/.local/lib/python3.7/site-packages/airflow/example_dags/example_branch_python_dop_operator_3.py took 0.094 seconds
[2023-03-26T18:35:17.786+0000] {processor.py:153} INFO - Started process (PID=827) to work on /home/airflow/.local/lib/python3.7/site-packages/airflow/example_dags/example_branch_python_dop_operator_3.py
[2023-03-26T18:35:17.787+0000] {processor.py:743} INFO - Processing file /home/airflow/.local/lib/python3.7/site-packages/airflow/example_dags/example_branch_python_dop_operator_3.py for tasks to queue
[2023-03-26T18:35:17.788+0000] {logging_mixin.py:137} INFO - [2023-03-26T18:35:17.788+0000] {dagbag.py:532} INFO - Filling up the DagBag from /home/airflow/.local/lib/python3.7/site-packages/airflow/example_dags/example_branch_python_dop_operator_3.py
[2023-03-26T18:35:17.815+0000] {processor.py:753} INFO - DAG(s) dict_keys(['example_branch_dop_operator_v3']) retrieved from /home/airflow/.local/lib/python3.7/site-packages/airflow/example_dags/example_branch_python_dop_operator_3.py
[2023-03-26T18:35:17.846+0000] {logging_mixin.py:137} INFO - [2023-03-26T18:35:17.846+0000] {dag.py:2693} INFO - Sync 1 DAGs
[2023-03-26T18:35:17.874+0000] {logging_mixin.py:137} INFO - [2023-03-26T18:35:17.874+0000] {dag.py:3444} INFO - Setting next_dagrun for example_branch_dop_operator_v3 to 2023-03-26T18:34:00+00:00, run_after=2023-03-26T18:35:00+00:00
[2023-03-26T18:35:17.894+0000] {processor.py:175} INFO - Processing /home/airflow/.local/lib/python3.7/site-packages/airflow/example_dags/example_branch_python_dop_operator_3.py took 0.112 seconds
[2023-03-26T18:35:48.323+0000] {processor.py:153} INFO - Started process (PID=1044) to work on /home/airflow/.local/lib/python3.7/site-packages/airflow/example_dags/example_branch_python_dop_operator_3.py
[2023-03-26T18:35:48.326+0000] {processor.py:743} INFO - Processing file /home/airflow/.local/lib/python3.7/site-packages/airflow/example_dags/example_branch_python_dop_operator_3.py for tasks to queue
[2023-03-26T18:35:48.333+0000] {logging_mixin.py:137} INFO - [2023-03-26T18:35:48.333+0000] {dagbag.py:532} INFO - Filling up the DagBag from /home/airflow/.local/lib/python3.7/site-packages/airflow/example_dags/example_branch_python_dop_operator_3.py
[2023-03-26T18:35:48.365+0000] {processor.py:753} INFO - DAG(s) dict_keys(['example_branch_dop_operator_v3']) retrieved from /home/airflow/.local/lib/python3.7/site-packages/airflow/example_dags/example_branch_python_dop_operator_3.py
[2023-03-26T18:35:48.439+0000] {logging_mixin.py:137} INFO - [2023-03-26T18:35:48.439+0000] {dag.py:2693} INFO - Sync 1 DAGs
[2023-03-26T18:35:48.490+0000] {logging_mixin.py:137} INFO - [2023-03-26T18:35:48.490+0000] {dag.py:3444} INFO - Setting next_dagrun for example_branch_dop_operator_v3 to 2023-03-26T18:34:00+00:00, run_after=2023-03-26T18:35:00+00:00
[2023-03-26T18:35:48.524+0000] {processor.py:175} INFO - Processing /home/airflow/.local/lib/python3.7/site-packages/airflow/example_dags/example_branch_python_dop_operator_3.py took 0.206 seconds
[2023-03-26T18:36:18.867+0000] {processor.py:153} INFO - Started process (PID=1261) to work on /home/airflow/.local/lib/python3.7/site-packages/airflow/example_dags/example_branch_python_dop_operator_3.py
[2023-03-26T18:36:18.868+0000] {processor.py:743} INFO - Processing file /home/airflow/.local/lib/python3.7/site-packages/airflow/example_dags/example_branch_python_dop_operator_3.py for tasks to queue
[2023-03-26T18:36:18.871+0000] {logging_mixin.py:137} INFO - [2023-03-26T18:36:18.871+0000] {dagbag.py:532} INFO - Filling up the DagBag from /home/airflow/.local/lib/python3.7/site-packages/airflow/example_dags/example_branch_python_dop_operator_3.py
[2023-03-26T18:36:18.891+0000] {processor.py:753} INFO - DAG(s) dict_keys(['example_branch_dop_operator_v3']) retrieved from /home/airflow/.local/lib/python3.7/site-packages/airflow/example_dags/example_branch_python_dop_operator_3.py
[2023-03-26T18:36:18.913+0000] {logging_mixin.py:137} INFO - [2023-03-26T18:36:18.913+0000] {dag.py:2693} INFO - Sync 1 DAGs
[2023-03-26T18:36:18.934+0000] {logging_mixin.py:137} INFO - [2023-03-26T18:36:18.933+0000] {dag.py:3444} INFO - Setting next_dagrun for example_branch_dop_operator_v3 to 2023-03-26T18:35:00+00:00, run_after=2023-03-26T18:36:00+00:00
[2023-03-26T18:36:18.947+0000] {processor.py:175} INFO - Processing /home/airflow/.local/lib/python3.7/site-packages/airflow/example_dags/example_branch_python_dop_operator_3.py took 0.083 seconds
