[2023-03-26T00:06:10.715+0000] {processor.py:153} INFO - Started process (PID=283) to work on /home/airflow/.local/lib/python3.7/site-packages/airflow/example_dags/example_xcom.py
[2023-03-26T00:06:10.716+0000] {processor.py:743} INFO - Processing file /home/airflow/.local/lib/python3.7/site-packages/airflow/example_dags/example_xcom.py for tasks to queue
[2023-03-26T00:06:10.716+0000] {logging_mixin.py:137} INFO - [2023-03-26T00:06:10.716+0000] {dagbag.py:532} INFO - Filling up the DagBag from /home/airflow/.local/lib/python3.7/site-packages/airflow/example_dags/example_xcom.py
[2023-03-26T00:06:10.749+0000] {processor.py:753} INFO - DAG(s) dict_keys(['example_xcom']) retrieved from /home/airflow/.local/lib/python3.7/site-packages/airflow/example_dags/example_xcom.py
[2023-03-26T00:06:10.785+0000] {logging_mixin.py:137} INFO - [2023-03-26T00:06:10.785+0000] {dag.py:2693} INFO - Sync 1 DAGs
[2023-03-26T00:06:10.810+0000] {logging_mixin.py:137} INFO - [2023-03-26T00:06:10.810+0000] {dag.py:3444} INFO - Setting next_dagrun for example_xcom to 2021-01-01T00:00:00+00:00, run_after=2021-01-01T00:00:00+00:00
[2023-03-26T00:06:10.834+0000] {processor.py:175} INFO - Processing /home/airflow/.local/lib/python3.7/site-packages/airflow/example_dags/example_xcom.py took 0.122 seconds
[2023-03-26T00:06:40.898+0000] {processor.py:153} INFO - Started process (PID=502) to work on /home/airflow/.local/lib/python3.7/site-packages/airflow/example_dags/example_xcom.py
[2023-03-26T00:06:40.899+0000] {processor.py:743} INFO - Processing file /home/airflow/.local/lib/python3.7/site-packages/airflow/example_dags/example_xcom.py for tasks to queue
[2023-03-26T00:06:40.900+0000] {logging_mixin.py:137} INFO - [2023-03-26T00:06:40.900+0000] {dagbag.py:532} INFO - Filling up the DagBag from /home/airflow/.local/lib/python3.7/site-packages/airflow/example_dags/example_xcom.py
[2023-03-26T00:06:40.915+0000] {processor.py:753} INFO - DAG(s) dict_keys(['example_xcom']) retrieved from /home/airflow/.local/lib/python3.7/site-packages/airflow/example_dags/example_xcom.py
[2023-03-26T00:06:40.933+0000] {logging_mixin.py:137} INFO - [2023-03-26T00:06:40.932+0000] {dag.py:2693} INFO - Sync 1 DAGs
[2023-03-26T00:06:40.946+0000] {logging_mixin.py:137} INFO - [2023-03-26T00:06:40.946+0000] {dag.py:3444} INFO - Setting next_dagrun for example_xcom to 2021-01-01T00:00:00+00:00, run_after=2021-01-01T00:00:00+00:00
[2023-03-26T00:06:40.956+0000] {processor.py:175} INFO - Processing /home/airflow/.local/lib/python3.7/site-packages/airflow/example_dags/example_xcom.py took 0.061 seconds
[2023-03-26T18:33:48.543+0000] {processor.py:153} INFO - Started process (PID=283) to work on /home/airflow/.local/lib/python3.7/site-packages/airflow/example_dags/example_xcom.py
[2023-03-26T18:33:48.545+0000] {processor.py:743} INFO - Processing file /home/airflow/.local/lib/python3.7/site-packages/airflow/example_dags/example_xcom.py for tasks to queue
[2023-03-26T18:33:48.546+0000] {logging_mixin.py:137} INFO - [2023-03-26T18:33:48.546+0000] {dagbag.py:532} INFO - Filling up the DagBag from /home/airflow/.local/lib/python3.7/site-packages/airflow/example_dags/example_xcom.py
[2023-03-26T18:33:48.594+0000] {processor.py:753} INFO - DAG(s) dict_keys(['example_xcom']) retrieved from /home/airflow/.local/lib/python3.7/site-packages/airflow/example_dags/example_xcom.py
[2023-03-26T18:33:48.625+0000] {logging_mixin.py:137} INFO - [2023-03-26T18:33:48.625+0000] {dag.py:2693} INFO - Sync 1 DAGs
[2023-03-26T18:33:48.669+0000] {logging_mixin.py:137} INFO - [2023-03-26T18:33:48.669+0000] {dag.py:3444} INFO - Setting next_dagrun for example_xcom to 2021-01-01T00:00:00+00:00, run_after=2021-01-01T00:00:00+00:00
[2023-03-26T18:33:48.713+0000] {processor.py:175} INFO - Processing /home/airflow/.local/lib/python3.7/site-packages/airflow/example_dags/example_xcom.py took 0.173 seconds
[2023-03-26T18:34:19.403+0000] {processor.py:153} INFO - Started process (PID=500) to work on /home/airflow/.local/lib/python3.7/site-packages/airflow/example_dags/example_xcom.py
[2023-03-26T18:34:19.405+0000] {processor.py:743} INFO - Processing file /home/airflow/.local/lib/python3.7/site-packages/airflow/example_dags/example_xcom.py for tasks to queue
[2023-03-26T18:34:19.406+0000] {logging_mixin.py:137} INFO - [2023-03-26T18:34:19.406+0000] {dagbag.py:532} INFO - Filling up the DagBag from /home/airflow/.local/lib/python3.7/site-packages/airflow/example_dags/example_xcom.py
[2023-03-26T18:34:19.427+0000] {processor.py:753} INFO - DAG(s) dict_keys(['example_xcom']) retrieved from /home/airflow/.local/lib/python3.7/site-packages/airflow/example_dags/example_xcom.py
[2023-03-26T18:34:19.442+0000] {logging_mixin.py:137} INFO - [2023-03-26T18:34:19.442+0000] {dag.py:2693} INFO - Sync 1 DAGs
[2023-03-26T18:34:19.462+0000] {logging_mixin.py:137} INFO - [2023-03-26T18:34:19.462+0000] {dag.py:3444} INFO - Setting next_dagrun for example_xcom to 2021-01-01T00:00:00+00:00, run_after=2021-01-01T00:00:00+00:00
[2023-03-26T18:34:19.491+0000] {processor.py:175} INFO - Processing /home/airflow/.local/lib/python3.7/site-packages/airflow/example_dags/example_xcom.py took 0.091 seconds
[2023-03-26T18:34:49.804+0000] {processor.py:153} INFO - Started process (PID=716) to work on /home/airflow/.local/lib/python3.7/site-packages/airflow/example_dags/example_xcom.py
[2023-03-26T18:34:49.806+0000] {processor.py:743} INFO - Processing file /home/airflow/.local/lib/python3.7/site-packages/airflow/example_dags/example_xcom.py for tasks to queue
[2023-03-26T18:34:49.807+0000] {logging_mixin.py:137} INFO - [2023-03-26T18:34:49.807+0000] {dagbag.py:532} INFO - Filling up the DagBag from /home/airflow/.local/lib/python3.7/site-packages/airflow/example_dags/example_xcom.py
[2023-03-26T18:34:49.827+0000] {processor.py:753} INFO - DAG(s) dict_keys(['example_xcom']) retrieved from /home/airflow/.local/lib/python3.7/site-packages/airflow/example_dags/example_xcom.py
[2023-03-26T18:34:49.854+0000] {logging_mixin.py:137} INFO - [2023-03-26T18:34:49.854+0000] {dag.py:2693} INFO - Sync 1 DAGs
[2023-03-26T18:34:49.876+0000] {logging_mixin.py:137} INFO - [2023-03-26T18:34:49.876+0000] {dag.py:3444} INFO - Setting next_dagrun for example_xcom to 2021-01-01T00:00:00+00:00, run_after=2021-01-01T00:00:00+00:00
[2023-03-26T18:34:49.894+0000] {processor.py:175} INFO - Processing /home/airflow/.local/lib/python3.7/site-packages/airflow/example_dags/example_xcom.py took 0.096 seconds
[2023-03-26T18:35:20.493+0000] {processor.py:153} INFO - Started process (PID=932) to work on /home/airflow/.local/lib/python3.7/site-packages/airflow/example_dags/example_xcom.py
[2023-03-26T18:35:20.495+0000] {processor.py:743} INFO - Processing file /home/airflow/.local/lib/python3.7/site-packages/airflow/example_dags/example_xcom.py for tasks to queue
[2023-03-26T18:35:20.496+0000] {logging_mixin.py:137} INFO - [2023-03-26T18:35:20.496+0000] {dagbag.py:532} INFO - Filling up the DagBag from /home/airflow/.local/lib/python3.7/site-packages/airflow/example_dags/example_xcom.py
[2023-03-26T18:35:20.519+0000] {processor.py:753} INFO - DAG(s) dict_keys(['example_xcom']) retrieved from /home/airflow/.local/lib/python3.7/site-packages/airflow/example_dags/example_xcom.py
[2023-03-26T18:35:20.547+0000] {logging_mixin.py:137} INFO - [2023-03-26T18:35:20.547+0000] {dag.py:2693} INFO - Sync 1 DAGs
[2023-03-26T18:35:20.569+0000] {logging_mixin.py:137} INFO - [2023-03-26T18:35:20.569+0000] {dag.py:3444} INFO - Setting next_dagrun for example_xcom to 2021-01-01T00:00:00+00:00, run_after=2021-01-01T00:00:00+00:00
[2023-03-26T18:35:20.594+0000] {processor.py:175} INFO - Processing /home/airflow/.local/lib/python3.7/site-packages/airflow/example_dags/example_xcom.py took 0.105 seconds
[2023-03-26T18:35:51.471+0000] {processor.py:153} INFO - Started process (PID=1151) to work on /home/airflow/.local/lib/python3.7/site-packages/airflow/example_dags/example_xcom.py
[2023-03-26T18:35:51.473+0000] {processor.py:743} INFO - Processing file /home/airflow/.local/lib/python3.7/site-packages/airflow/example_dags/example_xcom.py for tasks to queue
[2023-03-26T18:35:51.474+0000] {logging_mixin.py:137} INFO - [2023-03-26T18:35:51.473+0000] {dagbag.py:532} INFO - Filling up the DagBag from /home/airflow/.local/lib/python3.7/site-packages/airflow/example_dags/example_xcom.py
[2023-03-26T18:35:51.491+0000] {processor.py:753} INFO - DAG(s) dict_keys(['example_xcom']) retrieved from /home/airflow/.local/lib/python3.7/site-packages/airflow/example_dags/example_xcom.py
[2023-03-26T18:35:51.517+0000] {logging_mixin.py:137} INFO - [2023-03-26T18:35:51.517+0000] {dag.py:2693} INFO - Sync 1 DAGs
[2023-03-26T18:35:51.535+0000] {logging_mixin.py:137} INFO - [2023-03-26T18:35:51.535+0000] {dag.py:3444} INFO - Setting next_dagrun for example_xcom to 2021-01-01T00:00:00+00:00, run_after=2021-01-01T00:00:00+00:00
[2023-03-26T18:35:51.552+0000] {processor.py:175} INFO - Processing /home/airflow/.local/lib/python3.7/site-packages/airflow/example_dags/example_xcom.py took 0.085 seconds
[2023-03-26T18:36:22.381+0000] {processor.py:153} INFO - Started process (PID=1368) to work on /home/airflow/.local/lib/python3.7/site-packages/airflow/example_dags/example_xcom.py
[2023-03-26T18:36:22.383+0000] {processor.py:743} INFO - Processing file /home/airflow/.local/lib/python3.7/site-packages/airflow/example_dags/example_xcom.py for tasks to queue
[2023-03-26T18:36:22.384+0000] {logging_mixin.py:137} INFO - [2023-03-26T18:36:22.384+0000] {dagbag.py:532} INFO - Filling up the DagBag from /home/airflow/.local/lib/python3.7/site-packages/airflow/example_dags/example_xcom.py
[2023-03-26T18:36:22.405+0000] {processor.py:753} INFO - DAG(s) dict_keys(['example_xcom']) retrieved from /home/airflow/.local/lib/python3.7/site-packages/airflow/example_dags/example_xcom.py
[2023-03-26T18:36:22.428+0000] {logging_mixin.py:137} INFO - [2023-03-26T18:36:22.428+0000] {dag.py:2693} INFO - Sync 1 DAGs
[2023-03-26T18:36:22.447+0000] {logging_mixin.py:137} INFO - [2023-03-26T18:36:22.447+0000] {dag.py:3444} INFO - Setting next_dagrun for example_xcom to 2021-01-01T00:00:00+00:00, run_after=2021-01-01T00:00:00+00:00
[2023-03-26T18:36:22.462+0000] {processor.py:175} INFO - Processing /home/airflow/.local/lib/python3.7/site-packages/airflow/example_dags/example_xcom.py took 0.085 seconds
