[2023-03-26T00:06:09.262+0000] {processor.py:153} INFO - Started process (PID=198) to work on /home/airflow/.local/lib/python3.7/site-packages/airflow/example_dags/tutorial_dag.py
[2023-03-26T00:06:09.264+0000] {processor.py:743} INFO - Processing file /home/airflow/.local/lib/python3.7/site-packages/airflow/example_dags/tutorial_dag.py for tasks to queue
[2023-03-26T00:06:09.265+0000] {logging_mixin.py:137} INFO - [2023-03-26T00:06:09.265+0000] {dagbag.py:532} INFO - Filling up the DagBag from /home/airflow/.local/lib/python3.7/site-packages/airflow/example_dags/tutorial_dag.py
[2023-03-26T00:06:09.289+0000] {processor.py:753} INFO - DAG(s) dict_keys(['tutorial_dag']) retrieved from /home/airflow/.local/lib/python3.7/site-packages/airflow/example_dags/tutorial_dag.py
[2023-03-26T00:06:09.339+0000] {logging_mixin.py:137} INFO - [2023-03-26T00:06:09.339+0000] {dag.py:2693} INFO - Sync 1 DAGs
[2023-03-26T00:06:09.392+0000] {logging_mixin.py:137} INFO - [2023-03-26T00:06:09.392+0000] {dag.py:3444} INFO - Setting next_dagrun for tutorial_dag to None, run_after=None
[2023-03-26T00:06:09.424+0000] {processor.py:175} INFO - Processing /home/airflow/.local/lib/python3.7/site-packages/airflow/example_dags/tutorial_dag.py took 0.165 seconds
[2023-03-26T00:06:39.686+0000] {processor.py:153} INFO - Started process (PID=415) to work on /home/airflow/.local/lib/python3.7/site-packages/airflow/example_dags/tutorial_dag.py
[2023-03-26T00:06:39.688+0000] {processor.py:743} INFO - Processing file /home/airflow/.local/lib/python3.7/site-packages/airflow/example_dags/tutorial_dag.py for tasks to queue
[2023-03-26T00:06:39.690+0000] {logging_mixin.py:137} INFO - [2023-03-26T00:06:39.689+0000] {dagbag.py:532} INFO - Filling up the DagBag from /home/airflow/.local/lib/python3.7/site-packages/airflow/example_dags/tutorial_dag.py
[2023-03-26T00:06:39.704+0000] {processor.py:753} INFO - DAG(s) dict_keys(['tutorial_dag']) retrieved from /home/airflow/.local/lib/python3.7/site-packages/airflow/example_dags/tutorial_dag.py
[2023-03-26T00:06:39.726+0000] {logging_mixin.py:137} INFO - [2023-03-26T00:06:39.726+0000] {dag.py:2693} INFO - Sync 1 DAGs
[2023-03-26T00:06:39.758+0000] {logging_mixin.py:137} INFO - [2023-03-26T00:06:39.758+0000] {dag.py:3444} INFO - Setting next_dagrun for tutorial_dag to None, run_after=None
[2023-03-26T00:06:39.769+0000] {processor.py:175} INFO - Processing /home/airflow/.local/lib/python3.7/site-packages/airflow/example_dags/tutorial_dag.py took 0.086 seconds
[2023-03-26T18:33:46.724+0000] {processor.py:153} INFO - Started process (PID=198) to work on /home/airflow/.local/lib/python3.7/site-packages/airflow/example_dags/tutorial_dag.py
[2023-03-26T18:33:46.728+0000] {processor.py:743} INFO - Processing file /home/airflow/.local/lib/python3.7/site-packages/airflow/example_dags/tutorial_dag.py for tasks to queue
[2023-03-26T18:33:46.729+0000] {logging_mixin.py:137} INFO - [2023-03-26T18:33:46.729+0000] {dagbag.py:532} INFO - Filling up the DagBag from /home/airflow/.local/lib/python3.7/site-packages/airflow/example_dags/tutorial_dag.py
[2023-03-26T18:33:46.756+0000] {processor.py:753} INFO - DAG(s) dict_keys(['tutorial_dag']) retrieved from /home/airflow/.local/lib/python3.7/site-packages/airflow/example_dags/tutorial_dag.py
[2023-03-26T18:33:46.807+0000] {logging_mixin.py:137} INFO - [2023-03-26T18:33:46.807+0000] {dag.py:2693} INFO - Sync 1 DAGs
[2023-03-26T18:33:46.857+0000] {logging_mixin.py:137} INFO - [2023-03-26T18:33:46.857+0000] {dag.py:3444} INFO - Setting next_dagrun for tutorial_dag to None, run_after=None
[2023-03-26T18:33:46.901+0000] {processor.py:175} INFO - Processing /home/airflow/.local/lib/python3.7/site-packages/airflow/example_dags/tutorial_dag.py took 0.182 seconds
[2023-03-26T18:34:17.005+0000] {processor.py:153} INFO - Started process (PID=415) to work on /home/airflow/.local/lib/python3.7/site-packages/airflow/example_dags/tutorial_dag.py
[2023-03-26T18:34:17.007+0000] {processor.py:743} INFO - Processing file /home/airflow/.local/lib/python3.7/site-packages/airflow/example_dags/tutorial_dag.py for tasks to queue
[2023-03-26T18:34:17.009+0000] {logging_mixin.py:137} INFO - [2023-03-26T18:34:17.009+0000] {dagbag.py:532} INFO - Filling up the DagBag from /home/airflow/.local/lib/python3.7/site-packages/airflow/example_dags/tutorial_dag.py
[2023-03-26T18:34:17.025+0000] {processor.py:753} INFO - DAG(s) dict_keys(['tutorial_dag']) retrieved from /home/airflow/.local/lib/python3.7/site-packages/airflow/example_dags/tutorial_dag.py
[2023-03-26T18:34:17.046+0000] {logging_mixin.py:137} INFO - [2023-03-26T18:34:17.046+0000] {dag.py:2693} INFO - Sync 1 DAGs
[2023-03-26T18:34:17.077+0000] {logging_mixin.py:137} INFO - [2023-03-26T18:34:17.077+0000] {dag.py:3444} INFO - Setting next_dagrun for tutorial_dag to None, run_after=None
[2023-03-26T18:34:17.092+0000] {processor.py:175} INFO - Processing /home/airflow/.local/lib/python3.7/site-packages/airflow/example_dags/tutorial_dag.py took 0.091 seconds
[2023-03-26T18:34:47.284+0000] {processor.py:153} INFO - Started process (PID=631) to work on /home/airflow/.local/lib/python3.7/site-packages/airflow/example_dags/tutorial_dag.py
[2023-03-26T18:34:47.285+0000] {processor.py:743} INFO - Processing file /home/airflow/.local/lib/python3.7/site-packages/airflow/example_dags/tutorial_dag.py for tasks to queue
[2023-03-26T18:34:47.286+0000] {logging_mixin.py:137} INFO - [2023-03-26T18:34:47.286+0000] {dagbag.py:532} INFO - Filling up the DagBag from /home/airflow/.local/lib/python3.7/site-packages/airflow/example_dags/tutorial_dag.py
[2023-03-26T18:34:47.300+0000] {processor.py:753} INFO - DAG(s) dict_keys(['tutorial_dag']) retrieved from /home/airflow/.local/lib/python3.7/site-packages/airflow/example_dags/tutorial_dag.py
[2023-03-26T18:34:47.338+0000] {logging_mixin.py:137} INFO - [2023-03-26T18:34:47.338+0000] {dag.py:2693} INFO - Sync 1 DAGs
[2023-03-26T18:34:47.362+0000] {logging_mixin.py:137} INFO - [2023-03-26T18:34:47.362+0000] {dag.py:3444} INFO - Setting next_dagrun for tutorial_dag to None, run_after=None
[2023-03-26T18:34:47.377+0000] {processor.py:175} INFO - Processing /home/airflow/.local/lib/python3.7/site-packages/airflow/example_dags/tutorial_dag.py took 0.100 seconds
[2023-03-26T18:35:18.198+0000] {processor.py:153} INFO - Started process (PID=849) to work on /home/airflow/.local/lib/python3.7/site-packages/airflow/example_dags/tutorial_dag.py
[2023-03-26T18:35:18.200+0000] {processor.py:743} INFO - Processing file /home/airflow/.local/lib/python3.7/site-packages/airflow/example_dags/tutorial_dag.py for tasks to queue
[2023-03-26T18:35:18.201+0000] {logging_mixin.py:137} INFO - [2023-03-26T18:35:18.201+0000] {dagbag.py:532} INFO - Filling up the DagBag from /home/airflow/.local/lib/python3.7/site-packages/airflow/example_dags/tutorial_dag.py
[2023-03-26T18:35:18.221+0000] {processor.py:753} INFO - DAG(s) dict_keys(['tutorial_dag']) retrieved from /home/airflow/.local/lib/python3.7/site-packages/airflow/example_dags/tutorial_dag.py
[2023-03-26T18:35:18.254+0000] {logging_mixin.py:137} INFO - [2023-03-26T18:35:18.254+0000] {dag.py:2693} INFO - Sync 1 DAGs
[2023-03-26T18:35:18.277+0000] {logging_mixin.py:137} INFO - [2023-03-26T18:35:18.277+0000] {dag.py:3444} INFO - Setting next_dagrun for tutorial_dag to None, run_after=None
[2023-03-26T18:35:18.298+0000] {processor.py:175} INFO - Processing /home/airflow/.local/lib/python3.7/site-packages/airflow/example_dags/tutorial_dag.py took 0.104 seconds
[2023-03-26T18:35:48.798+0000] {processor.py:153} INFO - Started process (PID=1064) to work on /home/airflow/.local/lib/python3.7/site-packages/airflow/example_dags/tutorial_dag.py
[2023-03-26T18:35:48.800+0000] {processor.py:743} INFO - Processing file /home/airflow/.local/lib/python3.7/site-packages/airflow/example_dags/tutorial_dag.py for tasks to queue
[2023-03-26T18:35:48.801+0000] {logging_mixin.py:137} INFO - [2023-03-26T18:35:48.801+0000] {dagbag.py:532} INFO - Filling up the DagBag from /home/airflow/.local/lib/python3.7/site-packages/airflow/example_dags/tutorial_dag.py
[2023-03-26T18:35:48.826+0000] {processor.py:753} INFO - DAG(s) dict_keys(['tutorial_dag']) retrieved from /home/airflow/.local/lib/python3.7/site-packages/airflow/example_dags/tutorial_dag.py
[2023-03-26T18:35:48.904+0000] {logging_mixin.py:137} INFO - [2023-03-26T18:35:48.903+0000] {dag.py:2693} INFO - Sync 1 DAGs
[2023-03-26T18:35:48.956+0000] {logging_mixin.py:137} INFO - [2023-03-26T18:35:48.956+0000] {dag.py:3444} INFO - Setting next_dagrun for tutorial_dag to None, run_after=None
[2023-03-26T18:35:49.061+0000] {processor.py:175} INFO - Processing /home/airflow/.local/lib/python3.7/site-packages/airflow/example_dags/tutorial_dag.py took 0.266 seconds
[2023-03-26T18:36:19.202+0000] {processor.py:153} INFO - Started process (PID=1286) to work on /home/airflow/.local/lib/python3.7/site-packages/airflow/example_dags/tutorial_dag.py
[2023-03-26T18:36:19.203+0000] {processor.py:743} INFO - Processing file /home/airflow/.local/lib/python3.7/site-packages/airflow/example_dags/tutorial_dag.py for tasks to queue
[2023-03-26T18:36:19.204+0000] {logging_mixin.py:137} INFO - [2023-03-26T18:36:19.204+0000] {dagbag.py:532} INFO - Filling up the DagBag from /home/airflow/.local/lib/python3.7/site-packages/airflow/example_dags/tutorial_dag.py
[2023-03-26T18:36:19.217+0000] {processor.py:753} INFO - DAG(s) dict_keys(['tutorial_dag']) retrieved from /home/airflow/.local/lib/python3.7/site-packages/airflow/example_dags/tutorial_dag.py
[2023-03-26T18:36:19.238+0000] {logging_mixin.py:137} INFO - [2023-03-26T18:36:19.238+0000] {dag.py:2693} INFO - Sync 1 DAGs
[2023-03-26T18:36:19.256+0000] {logging_mixin.py:137} INFO - [2023-03-26T18:36:19.256+0000] {dag.py:3444} INFO - Setting next_dagrun for tutorial_dag to None, run_after=None
[2023-03-26T18:36:19.268+0000] {processor.py:175} INFO - Processing /home/airflow/.local/lib/python3.7/site-packages/airflow/example_dags/tutorial_dag.py took 0.070 seconds
